<?xml version="1.0" encoding="UTF-8"?>
<robot generator="Robot 7.0 (Python 3.12.2 on win32)" generated="2024-05-24T19:09:18.362872" rpa="false" schemaversion="5">
<suite id="s1" name="TC Validation" source="C:\Users\prade\PycharmProjects\RobotApiAutomation\TC_Validation.robot">
<test id="s1-t1" name="TC_001_List_All_User_Request" line="14">
<kw name="Create Session" owner="RequestsLibrary">
<msg time="2024-05-24T19:09:18.714247" level="INFO">Creating Session using : alias=Get_Student_Details, url=https://reqres.in/, headers={},                     cookies={}, auth=None, timeout=None, proxies=None, verify=False,                     debug=0 </msg>
<arg>Get_Student_Details</arg>
<arg>${Base_URL2}</arg>
<doc>Create Session: create a HTTP session to a server</doc>
<status status="PASS" start="2024-05-24T19:09:18.714247" elapsed="0.000000"/>
</kw>
<kw name="Get Request" owner="RequestsLibrary">
<msg time="2024-05-24T19:09:18.714247" level="WARN">Keyword 'RequestsLibrary.Get Request' is deprecated. Please use `GET On Session` instead.</msg>
<msg time="2024-05-24T19:09:19.202860" level="INFO">GET Request : url=https://reqres.in/api/users?page=2 
 path_url=/api/users?page=2 
 headers={'User-Agent': 'python-requests/2.31.0', 'Accept-Encoding': 'gzip, deflate', 'Accept': '*/*', 'Connection': 'keep-alive'} 
 body=None 
 </msg>
<msg time="2024-05-24T19:09:19.202860" level="INFO">GET Response : url=https://reqres.in/api/users?page=2 
 status=200, reason=OK 
 headers={'Date': 'Fri, 24 May 2024 13:39:18 GMT', 'Content-Type': 'application/json; charset=utf-8', 'Transfer-Encoding': 'chunked', 'Connection': 'keep-alive', 'Report-To': '{"group":"heroku-nel","max_age":3600,"endpoints":[{"url":"https://nel.heroku.com/reports?ts=1716375388&amp;sid=c4c9725f-1ab0-44d8-820f-430df2718e11&amp;s=xDbSA16CghBOw4nZ%2Bam4fJ%2BaIXmApK1dS7IKfcr4q80%3D"}]}', 'Reporting-Endpoints': 'heroku-nel=https://nel.heroku.com/reports?ts=1716375388&amp;sid=c4c9725f-1ab0-44d8-820f-430df2718e11&amp;s=xDbSA16CghBOw4nZ%2Bam4fJ%2BaIXmApK1dS7IKfcr4q80%3D', 'Nel': '{"report_to":"heroku-nel","max_age":3600,"success_fraction":0.005,"failure_fraction":0.05,"response_headers":["Via"]}', 'X-Powered-By': 'Express', 'Access-Control-Allow-Origin': '*', 'Etag': 'W/"406-ut0vzoCuidvyMf8arZpMpJ6ZRDw"', 'Via': '1.1 vegur', 'Cache-Control': 'max-age=14400', 'CF-Cache-Status': 'HIT', 'Age': '1840', 'Vary': 'Accept-Encoding', 'Server': 'cloudflare', 'CF-RAY': '888db0ea4c464230-BOM', 'Content-Encoding': 'gzip'} 
 body={"page":2,"per_page":6,"total":12,"total_pages":2,"data":[{"id":7,"email":"michael.lawson@reqres.in","first_name":"Michael","last_name":"Lawson","avatar":"https://reqres.in/img/faces/7-image.jpg"},{"id":8,"email":"lindsay.ferguson@reqres.in","first_name":"Lindsay","last_name":"Ferguson","avatar":"https://reqres.in/img/faces/8-image.jpg"},{"id":9,"email":"tobias.funke@reqres.in","first_name":"Tobias","last_name":"Funke","avatar":"https://reqres.in/img/faces/9-image.jpg"},{"id":10,"email":"byron.fields@reqres.in","first_name":"Byron","last_name":"Fields","avatar":"https://reqres.in/img/faces/10-image.jpg"},{"id":11,"email":"george.edwards@reqres.in","first_name":"George","last_name":"Edwards","avatar":"https://reqres.in/img/faces/11-image.jpg"},{"id":12,"email":"rachel.howell@reqres.in","first_name":"Rachel","last_name":"Howell","avatar":"https://reqres.in/img/faces/12-image.jpg"}],"support":{"url":"https://reqres.in/#support-heading","text":"To keep ReqRes free, contributions towards server costs are appreciated!"}} 
 </msg>
<msg time="2024-05-24T19:09:19.202860" level="INFO">C:\Python3.12\Lib\site-packages\urllib3\connectionpool.py:1103: InsecureRequestWarning: Unverified HTTPS request is being made to host 'reqres.in'. Adding certificate verification is strongly advised. See: https://urllib3.readthedocs.io/en/latest/advanced-usage.html#tls-warnings
  warnings.warn(</msg>
<msg time="2024-05-24T19:09:19.202860" level="INFO">${response} = &lt;Response [200]&gt;</msg>
<var>${response}</var>
<arg>Get_Student_Details</arg>
<arg>api/users?page=2</arg>
<doc>*DEPRECATED* Please use `GET On Session` instead.</doc>
<status status="PASS" start="2024-05-24T19:09:18.714247" elapsed="0.488613"/>
</kw>
<kw name="Log To Console" owner="BuiltIn">
<arg>${response.status_code}</arg>
<doc>Logs the given message to the console.</doc>
<status status="PASS" start="2024-05-24T19:09:19.220289" elapsed="0.000533"/>
</kw>
<kw name="Log To Console" owner="BuiltIn">
<arg>${response.content}</arg>
<doc>Logs the given message to the console.</doc>
<status status="PASS" start="2024-05-24T19:09:19.220822" elapsed="0.001694"/>
</kw>
<status status="PASS" start="2024-05-24T19:09:18.707576" elapsed="0.514940"/>
</test>
<test id="s1-t2" name="TC_002_Fetch_Student_Details_By_Id" line="21">
<kw name="Create Session" owner="RequestsLibrary">
<msg time="2024-05-24T19:09:19.229138" level="INFO">Creating Session using : alias=FetchData, url=https://reqres.in/, headers={},                     cookies={}, auth=None, timeout=None, proxies=None, verify=False,                     debug=0 </msg>
<arg>FetchData</arg>
<arg>${Base_URL2}</arg>
<doc>Create Session: create a HTTP session to a server</doc>
<status status="PASS" start="2024-05-24T19:09:19.229138" elapsed="0.000000"/>
</kw>
<kw name="Get Request" owner="RequestsLibrary">
<msg time="2024-05-24T19:09:19.291593" level="WARN">Keyword 'RequestsLibrary.Get Request' is deprecated. Please use `GET On Session` instead.</msg>
<msg time="2024-05-24T19:09:20.687280" level="INFO">GET Request : url=https://reqres.in/api/user/2 
 path_url=/api/user/2 
 headers={'User-Agent': 'python-requests/2.31.0', 'Accept-Encoding': 'gzip, deflate', 'Accept': '*/*', 'Connection': 'keep-alive'} 
 body=None 
 </msg>
<msg time="2024-05-24T19:09:20.687280" level="INFO">GET Response : url=https://reqres.in/api/user/2 
 status=200, reason=OK 
 headers={'Date': 'Fri, 24 May 2024 13:39:20 GMT', 'Content-Type': 'application/json; charset=utf-8', 'Transfer-Encoding': 'chunked', 'Connection': 'keep-alive', 'Report-To': '{"group":"heroku-nel","max_age":3600,"endpoints":[{"url":"https://nel.heroku.com/reports?ts=1716543755&amp;sid=c4c9725f-1ab0-44d8-820f-430df2718e11&amp;s=PgCXzeMY2f%2FrelEC3ULj8fXgnF9WoRh6bVYKOdH1R%2Bk%3D"}]}', 'Reporting-Endpoints': 'heroku-nel=https://nel.heroku.com/reports?ts=1716543755&amp;sid=c4c9725f-1ab0-44d8-820f-430df2718e11&amp;s=PgCXzeMY2f%2FrelEC3ULj8fXgnF9WoRh6bVYKOdH1R%2Bk%3D', 'Nel': '{"report_to":"heroku-nel","max_age":3600,"success_fraction":0.005,"failure_fraction":0.05,"response_headers":["Via"]}', 'X-Powered-By': 'Express', 'Access-Control-Allow-Origin': '*', 'Etag': 'W/"e8-ov4wWh4/OY1IMQMqWgskYtOFnVs"', 'Via': '1.1 vegur', 'Cache-Control': 'max-age=14400', 'CF-Cache-Status': 'HIT', 'Age': '4160', 'Vary': 'Accept-Encoding', 'Server': 'cloudflare', 'CF-RAY': '888db0f37a9a4732-BOM', 'Content-Encoding': 'gzip'} 
 body={"data":{"id":2,"name":"fuchsia rose","year":2001,"color":"#C74375","pantone_value":"17-2031"},"support":{"url":"https://reqres.in/#support-heading","text":"To keep ReqRes free, contributions towards server costs are appreciated!"}} 
 </msg>
<msg time="2024-05-24T19:09:20.687280" level="INFO">C:\Python3.12\Lib\site-packages\urllib3\connectionpool.py:1103: InsecureRequestWarning: Unverified HTTPS request is being made to host 'reqres.in'. Adding certificate verification is strongly advised. See: https://urllib3.readthedocs.io/en/latest/advanced-usage.html#tls-warnings
  warnings.warn(</msg>
<msg time="2024-05-24T19:09:20.690109" level="INFO">${Response} = &lt;Response [200]&gt;</msg>
<var>${Response}</var>
<arg>FetchData</arg>
<arg>api/user/2</arg>
<doc>*DEPRECATED* Please use `GET On Session` instead.</doc>
<status status="PASS" start="2024-05-24T19:09:19.291593" elapsed="1.398516"/>
</kw>
<kw name="Log To Console" owner="BuiltIn">
<arg>${Response.status_code}</arg>
<doc>Logs the given message to the console.</doc>
<status status="PASS" start="2024-05-24T19:09:20.692637" elapsed="0.000540"/>
</kw>
<kw name="Log To Console" owner="BuiltIn">
<arg>${Response.text}</arg>
<doc>Logs the given message to the console.</doc>
<status status="PASS" start="2024-05-24T19:09:20.693177" elapsed="0.002034"/>
</kw>
<kw name="Convert To String" owner="BuiltIn">
<msg time="2024-05-24T19:09:20.697249" level="INFO">${actual_code} = 200</msg>
<var>${actual_code}</var>
<arg>${Response.status_code}</arg>
<doc>Converts the given item to a Unicode string.</doc>
<status status="PASS" start="2024-05-24T19:09:20.696715" elapsed="0.000534"/>
</kw>
<kw name="Should Be Equal" owner="BuiltIn">
<arg>${actual_code}</arg>
<arg>200</arg>
<doc>Fails if the given objects are unequal.</doc>
<status status="PASS" start="2024-05-24T19:09:20.697249" elapsed="0.002003"/>
</kw>
<kw name="To Json" owner="RequestsLibrary">
<msg time="2024-05-24T19:09:20.699252" level="WARN">Keyword 'RequestsLibrary.To Json' is deprecated. Please use ${resp.json()} instead. Have a look at the improved HTML output as pretty printing replacement.</msg>
<msg time="2024-05-24T19:09:20.700705" level="INFO">To JSON using : content={"data":{"id":2,"name":"fuchsia rose","year":2001,"color":"#C74375","pantone_value":"17-2031"},"support":{"url":"https://reqres.in/#support-heading","text":"To keep ReqRes free, contributions towards server costs are appreciated!"}} </msg>
<msg time="2024-05-24T19:09:20.700705" level="INFO">To JSON using : pretty_print=False </msg>
<msg time="2024-05-24T19:09:20.700705" level="INFO">${json_resp} = {'data': {'id': 2, 'name': 'fuchsia rose', 'year': 2001, 'color': '#C74375', 'pantone_value': '17-2031'}, 'support': {'url': 'https://reqres.in/#support-heading', 'text': 'To keep ReqRes free, contrib...</msg>
<var>${json_resp}</var>
<arg>${Response.content}</arg>
<doc>*DEPRECATED* Please use ${resp.json()} instead. Have a look at the improved HTML output as pretty printing replacement.</doc>
<status status="PASS" start="2024-05-24T19:09:20.699252" elapsed="0.001453"/>
</kw>
<kw name="Get Value From Json" owner="JSONLibrary">
<msg time="2024-05-24T19:09:20.732638" level="INFO">@{first_name_list} = [ fuchsia rose ]</msg>
<var>@{first_name_list}</var>
<arg>${json_resp}</arg>
<arg>data.name</arg>
<doc>Get Value From JSON using JSONPath</doc>
<status status="PASS" start="2024-05-24T19:09:20.700705" elapsed="0.031933"/>
</kw>
<kw name="Get From List" owner="Collections">
<msg time="2024-05-24T19:09:20.732638" level="INFO">${first_name} = fuchsia rose</msg>
<var>${first_name}</var>
<arg>${first_name_list}</arg>
<arg>0</arg>
<doc>Returns the value specified with an ``index`` from ``list``.</doc>
<status status="PASS" start="2024-05-24T19:09:20.732638" elapsed="0.007965"/>
</kw>
<kw name="Log To Console" owner="BuiltIn">
<arg>${first_name}</arg>
<doc>Logs the given message to the console.</doc>
<status status="PASS" start="2024-05-24T19:09:20.740603" elapsed="0.001783"/>
</kw>
<kw name="Get Value From Json" owner="JSONLibrary">
<msg time="2024-05-24T19:09:20.780418" level="INFO">@{year_list} = [ 2001 ]</msg>
<var>@{year_list}</var>
<arg>${json_resp}</arg>
<arg>data.year</arg>
<doc>Get Value From JSON using JSONPath</doc>
<status status="PASS" start="2024-05-24T19:09:20.742386" elapsed="0.038032"/>
</kw>
<kw name="Get From List" owner="Collections">
<msg time="2024-05-24T19:09:20.851288" level="INFO">${year} = 2001</msg>
<var>${year}</var>
<arg>${year_list}</arg>
<arg>0</arg>
<doc>Returns the value specified with an ``index`` from ``list``.</doc>
<status status="PASS" start="2024-05-24T19:09:20.851288" elapsed="0.000000"/>
</kw>
<kw name="Log To Console" owner="BuiltIn">
<arg>${year}</arg>
<doc>Logs the given message to the console.</doc>
<status status="PASS" start="2024-05-24T19:09:20.851288" elapsed="0.003362"/>
</kw>
<status status="PASS" start="2024-05-24T19:09:19.222516" elapsed="1.632134"/>
</test>
<test id="s1-t3" name="TC_003_Get_With_Param" line="42">
<kw name="Create Session" owner="RequestsLibrary">
<msg time="2024-05-24T19:09:20.860170" level="INFO">Creating Session using : alias=Get_Param, url=https://reqres.in/, headers={},                     cookies={}, auth=None, timeout=None, proxies=None, verify=False,                     debug=0 </msg>
<arg>Get_Param</arg>
<arg>${Base_URL2}</arg>
<doc>Create Session: create a HTTP session to a server</doc>
<status status="PASS" start="2024-05-24T19:09:20.860170" elapsed="0.000000"/>
</kw>
<kw name="Create Dictionary" owner="BuiltIn">
<msg time="2024-05-24T19:09:20.863963" level="INFO">&amp;{param} = { page=1 }</msg>
<var>&amp;{param}</var>
<arg>page=1</arg>
<doc>Creates and returns a dictionary based on the given ``items``.</doc>
<status status="PASS" start="2024-05-24T19:09:20.863963" elapsed="0.000000"/>
</kw>
<kw name="Get Request" owner="RequestsLibrary">
<msg time="2024-05-24T19:09:20.866995" level="WARN">Keyword 'RequestsLibrary.Get Request' is deprecated. Please use `GET On Session` instead.</msg>
<msg time="2024-05-24T19:09:21.574414" level="INFO">GET Request : url=https://reqres.in/api/users%20param=%7B'page':%20'1'%7D 
 path_url=/api/users%20param=%7B'page':%20'1'%7D 
 headers={'User-Agent': 'python-requests/2.31.0', 'Accept-Encoding': 'gzip, deflate', 'Accept': '*/*', 'Connection': 'keep-alive'} 
 body=None 
 </msg>
<msg time="2024-05-24T19:09:21.574414" level="INFO">GET Response : url=https://reqres.in/api/users%20param=%7B'page':%20'1'%7D 
 status=200, reason=OK 
 headers={'Date': 'Fri, 24 May 2024 13:39:21 GMT', 'Content-Type': 'application/json; charset=utf-8', 'Transfer-Encoding': 'chunked', 'Connection': 'keep-alive', 'Report-To': '{"group":"heroku-nel","max_age":3600,"endpoints":[{"url":"https://nel.heroku.com/reports?ts=1716370879&amp;sid=c4c9725f-1ab0-44d8-820f-430df2718e11&amp;s=4n9OXn9n8R%2BXE%2F1DtG8tId1uPwzvZNoqvDTRoVqhfzo%3D"}]}', 'Reporting-Endpoints': 'heroku-nel=https://nel.heroku.com/reports?ts=1716370879&amp;sid=c4c9725f-1ab0-44d8-820f-430df2718e11&amp;s=4n9OXn9n8R%2BXE%2F1DtG8tId1uPwzvZNoqvDTRoVqhfzo%3D', 'Nel': '{"report_to":"heroku-nel","max_age":3600,"success_fraction":0.005,"failure_fraction":0.05,"response_headers":["Via"]}', 'X-Powered-By': 'Express', 'Access-Control-Allow-Origin': '*', 'Etag': 'W/"2c1-N6Rqerxquq2kgQhL51EiSg4x0R8"', 'Via': '1.1 vegur', 'Cache-Control': 'max-age=14400', 'CF-Cache-Status': 'REVALIDATED', 'Vary': 'Accept-Encoding', 'Server': 'cloudflare', 'CF-RAY': '888db0f6cc4285b3-BOM', 'Content-Encoding': 'gzip'} 
 body={"page":1,"per_page":6,"total":12,"total_pages":2,"data":[{"id":1,"name":"cerulean","year":2000,"color":"#98B2D1","pantone_value":"15-4020"},{"id":2,"name":"fuchsia rose","year":2001,"color":"#C74375","pantone_value":"17-2031"},{"id":3,"name":"true red","year":2002,"color":"#BF1932","pantone_value":"19-1664"},{"id":4,"name":"aqua sky","year":2003,"color":"#7BC4C4","pantone_value":"14-4811"},{"id":5,"name":"tigerlily","year":2004,"color":"#E2583E","pantone_value":"17-1456"},{"id":6,"name":"blue turquoise","year":2005,"color":"#53B0AE","pantone_value":"15-5217"}],"support":{"url":"https://reqres.in/#support-heading","text":"To keep ReqRes free, contributions towards server costs are appreciated!"}} 
 </msg>
<msg time="2024-05-24T19:09:21.574414" level="INFO">C:\Python3.12\Lib\site-packages\urllib3\connectionpool.py:1103: InsecureRequestWarning: Unverified HTTPS request is being made to host 'reqres.in'. Adding certificate verification is strongly advised. See: https://urllib3.readthedocs.io/en/latest/advanced-usage.html#tls-warnings
  warnings.warn(</msg>
<msg time="2024-05-24T19:09:21.574414" level="INFO">${response} = &lt;Response [200]&gt;</msg>
<var>${response}</var>
<arg>Get_Param</arg>
<arg>/api/users param=${param}</arg>
<doc>*DEPRECATED* Please use `GET On Session` instead.</doc>
<status status="PASS" start="2024-05-24T19:09:20.866995" elapsed="0.707419"/>
</kw>
<kw name="Log To Console" owner="BuiltIn">
<arg>${response.status_code}</arg>
<doc>Logs the given message to the console.</doc>
<status status="PASS" start="2024-05-24T19:09:21.579263" elapsed="0.000000"/>
</kw>
<kw name="Log To Console" owner="BuiltIn">
<arg>${param}</arg>
<doc>Logs the given message to the console.</doc>
<status status="PASS" start="2024-05-24T19:09:21.579263" elapsed="0.000000"/>
</kw>
<kw name="Log To Console" owner="BuiltIn">
<arg>${response.text}</arg>
<doc>Logs the given message to the console.</doc>
<status status="PASS" start="2024-05-24T19:09:21.579263" elapsed="0.005209"/>
</kw>
<kw name="Convert To String" owner="BuiltIn">
<msg time="2024-05-24T19:09:21.586064" level="INFO">${status_code} = 200</msg>
<var>${status_code}</var>
<arg>${response.status_code}</arg>
<doc>Converts the given item to a Unicode string.</doc>
<status status="PASS" start="2024-05-24T19:09:21.584472" elapsed="0.001592"/>
</kw>
<kw name="Should Be Equal" owner="BuiltIn">
<arg>${status_code}</arg>
<arg>200</arg>
<doc>Fails if the given objects are unequal.</doc>
<status status="PASS" start="2024-05-24T19:09:21.586585" elapsed="0.001338"/>
</kw>
<kw name="To Json" owner="RequestsLibrary">
<msg time="2024-05-24T19:09:21.587923" level="WARN">Keyword 'RequestsLibrary.To Json' is deprecated. Please use ${resp.json()} instead. Have a look at the improved HTML output as pretty printing replacement.</msg>
<msg time="2024-05-24T19:09:21.587923" level="INFO">To JSON using : content={"page":1,"per_page":6,"total":12,"total_pages":2,"data":[{"id":1,"name":"cerulean","year":2000,"color":"#98B2D1","pantone_value":"15-4020"},{"id":2,"name":"fuchsia rose","year":2001,"color":"#C74375","pantone_value":"17-2031"},{"id":3,"name":"true red","year":2002,"color":"#BF1932","pantone_value":"19-1664"},{"id":4,"name":"aqua sky","year":2003,"color":"#7BC4C4","pantone_value":"14-4811"},{"id":5,"name":"tigerlily","year":2004,"color":"#E2583E","pantone_value":"17-1456"},{"id":6,"name":"blue turquoise","year":2005,"color":"#53B0AE","pantone_value":"15-5217"}],"support":{"url":"https://reqres.in/#support-heading","text":"To keep ReqRes free, contributions towards server costs are appreciated!"}} </msg>
<msg time="2024-05-24T19:09:21.587923" level="INFO">To JSON using : pretty_print=False </msg>
<msg time="2024-05-24T19:09:21.587923" level="INFO">${JsonResponse} = {'page': 1, 'per_page': 6, 'total': 12, 'total_pages': 2, 'data': [{'id': 1, 'name': 'cerulean', 'year': 2000, 'color': '#98B2D1', 'pantone_value': '15-4020'}, {'id': 2, 'name': 'fuchsia rose', 'year'...</msg>
<var>${JsonResponse}</var>
<arg>${response.content}</arg>
<doc>*DEPRECATED* Please use ${resp.json()} instead. Have a look at the improved HTML output as pretty printing replacement.</doc>
<status status="PASS" start="2024-05-24T19:09:21.587923" elapsed="0.000000"/>
</kw>
<kw name="Get Value From Json" owner="JSONLibrary">
<msg time="2024-05-24T19:09:21.611074" level="INFO">@{name_list} = [ cerulean ]</msg>
<var>@{name_list}</var>
<arg>${JsonResponse}</arg>
<arg>data[0].name</arg>
<doc>Get Value From JSON using JSONPath</doc>
<status status="PASS" start="2024-05-24T19:09:21.590441" elapsed="0.020633"/>
</kw>
<kw name="Log To Console" owner="BuiltIn">
<arg>${name_list}</arg>
<doc>Logs the given message to the console.</doc>
<status status="PASS" start="2024-05-24T19:09:21.619470" elapsed="0.000000"/>
</kw>
<kw name="Get From List" owner="Collections">
<msg time="2024-05-24T19:09:21.619470" level="INFO">${name} = cerulean</msg>
<var>${name}</var>
<arg>${name_list}</arg>
<arg>0</arg>
<doc>Returns the value specified with an ``index`` from ``list``.</doc>
<status status="PASS" start="2024-05-24T19:09:21.619470" elapsed="0.000000"/>
</kw>
<kw name="Log To Console" owner="BuiltIn">
<arg>${name}</arg>
<doc>Logs the given message to the console.</doc>
<status status="PASS" start="2024-05-24T19:09:21.622321" elapsed="0.000000"/>
</kw>
<kw name="Should Not Be Equal" owner="BuiltIn">
<arg>${name}</arg>
<arg>Eve</arg>
<doc>Fails if the given objects are equal.</doc>
<status status="PASS" start="2024-05-24T19:09:21.622321" elapsed="0.000000"/>
</kw>
<status status="PASS" start="2024-05-24T19:09:20.860170" elapsed="0.764651"/>
</test>
<test id="s1-t4" name="TC_004_Validate_Delete_Request" line="60">
<kw name="Create Session" owner="RequestsLibrary">
<msg time="2024-05-24T19:09:21.624821" level="INFO">Creating Session using : alias=reqres, url=https://reqres.in/, headers={},                     cookies={}, auth=None, timeout=None, proxies=None, verify=False,                     debug=0 </msg>
<arg>reqres</arg>
<arg>${Base_URL2}</arg>
<doc>Create Session: create a HTTP session to a server</doc>
<status status="PASS" start="2024-05-24T19:09:21.624821" elapsed="0.000000"/>
</kw>
<kw name="Delete Request" owner="RequestsLibrary">
<msg time="2024-05-24T19:09:21.630748" level="WARN">Keyword 'RequestsLibrary.Delete Request' is deprecated. Please use `DELETE On Session` instead.</msg>
<msg time="2024-05-24T19:09:22.165813" level="INFO">DELETE Request : url=https://reqres.in/api/users/2 
 path_url=/api/users/2 
 headers={'User-Agent': 'python-requests/2.31.0', 'Accept-Encoding': 'gzip, deflate', 'Accept': '*/*', 'Connection': 'keep-alive', 'Content-Length': '0'} 
 body=None 
 </msg>
<msg time="2024-05-24T19:09:22.165813" level="INFO">DELETE Response : url=https://reqres.in/api/users/2 
 status=204, reason=No Content 
 headers={'Date': 'Fri, 24 May 2024 13:39:21 GMT', 'Content-Length': '0', 'Connection': 'keep-alive', 'Report-To': '{"group":"heroku-nel","max_age":3600,"endpoints":[{"url":"https://nel.heroku.com/reports?ts=1716557961&amp;sid=c4c9725f-1ab0-44d8-820f-430df2718e11&amp;s=GSk2Dg%2F7tJOuGRG%2FgSDEeeaTjN2oSbzctiTiotYwXlA%3D"}]}', 'Reporting-Endpoints': 'heroku-nel=https://nel.heroku.com/reports?ts=1716557961&amp;sid=c4c9725f-1ab0-44d8-820f-430df2718e11&amp;s=GSk2Dg%2F7tJOuGRG%2FgSDEeeaTjN2oSbzctiTiotYwXlA%3D', 'Nel': '{"report_to":"heroku-nel","max_age":3600,"success_fraction":0.005,"failure_fraction":0.05,"response_headers":["Via"]}', 'X-Powered-By': 'Express', 'Access-Control-Allow-Origin': '*', 'Etag': 'W/"2-vyGp6PvFo4RvsFtPoIWeCReyIC8"', 'Via': '1.1 vegur', 'CF-Cache-Status': 'DYNAMIC', 'Server': 'cloudflare', 'CF-RAY': '888db0fb4ab93a35-BOM'} 
 body=None 
 </msg>
<msg time="2024-05-24T19:09:22.165813" level="INFO">C:\Python3.12\Lib\site-packages\urllib3\connectionpool.py:1103: InsecureRequestWarning: Unverified HTTPS request is being made to host 'reqres.in'. Adding certificate verification is strongly advised. See: https://urllib3.readthedocs.io/en/latest/advanced-usage.html#tls-warnings
  warnings.warn(</msg>
<msg time="2024-05-24T19:09:22.165813" level="INFO">${Response} = &lt;Response [204]&gt;</msg>
<var>${Response}</var>
<arg>reqres</arg>
<arg>/api/users/2</arg>
<doc>*DEPRECATED* Please use `DELETE On Session` instead.</doc>
<status status="PASS" start="2024-05-24T19:09:21.630748" elapsed="0.535065"/>
</kw>
<kw name="Log To Console" owner="BuiltIn">
<arg>${Response.status_code}</arg>
<doc>Logs the given message to the console.</doc>
<status status="PASS" start="2024-05-24T19:09:22.182450" elapsed="0.000000"/>
</kw>
<kw name="Should Be Equal As Numbers" owner="BuiltIn">
<msg time="2024-05-24T19:09:22.184488" level="INFO">Argument types are:
&lt;class 'int'&gt;
&lt;class 'str'&gt;</msg>
<arg>${Response.status_code}</arg>
<arg>204</arg>
<doc>Fails if objects are unequal after converting them to real numbers.</doc>
<status status="PASS" start="2024-05-24T19:09:22.184488" elapsed="0.000000"/>
</kw>
<status status="PASS" start="2024-05-24T19:09:21.624821" elapsed="0.561646"/>
</test>
<test id="s1-t5" name="TC_005_PostRequest:" line="67">
<kw name="Create Session" owner="RequestsLibrary">
<msg time="2024-05-24T19:09:22.193077" level="INFO">Creating Session using : alias=postReq, url=https://reqres.in/, headers={},                     cookies={}, auth=None, timeout=None, proxies=None, verify=False,                     debug=0 </msg>
<arg>postReq</arg>
<arg>${Base_URL2}</arg>
<doc>Create Session: create a HTTP session to a server</doc>
<status status="PASS" start="2024-05-24T19:09:22.193077" elapsed="0.001110"/>
</kw>
<kw name="Create Dictionary" owner="BuiltIn">
<msg time="2024-05-24T19:09:22.196692" level="INFO">${body} = {'name': 'Pradeep', 'job': 'Automation Engineer'}</msg>
<var>${body}</var>
<arg>name=Pradeep</arg>
<arg>job=Automation Engineer</arg>
<doc>Creates and returns a dictionary based on the given ``items``.</doc>
<status status="PASS" start="2024-05-24T19:09:22.194187" elapsed="0.002505"/>
</kw>
<kw name="Post Request" owner="RequestsLibrary">
<msg time="2024-05-24T19:09:22.198207" level="WARN">Keyword 'RequestsLibrary.Post Request' is deprecated. Please use `POST On Session` instead.</msg>
<msg time="2024-05-24T19:09:22.913074" level="INFO">POST Request : url=https://reqres.in/api/users 
 path_url=/api/users 
 headers={'User-Agent': 'python-requests/2.31.0', 'Accept-Encoding': 'gzip, deflate', 'Accept': '*/*', 'Connection': 'keep-alive', 'Content-Length': '49', 'Content-Type': 'application/json'} 
 body=b'{"name": "Pradeep", "job": "Automation Engineer"}' 
 </msg>
<msg time="2024-05-24T19:09:22.913074" level="INFO">POST Response : url=https://reqres.in/api/users 
 status=201, reason=Created 
 headers={'Date': 'Fri, 24 May 2024 13:39:22 GMT', 'Content-Type': 'application/json; charset=utf-8', 'Content-Length': '96', 'Connection': 'keep-alive', 'Report-To': '{"group":"heroku-nel","max_age":3600,"endpoints":[{"url":"https://nel.heroku.com/reports?ts=1716557962&amp;sid=c4c9725f-1ab0-44d8-820f-430df2718e11&amp;s=Nhx%2FDZDPmpgM4jk6DAO7iqc5b9nDceYoAPueruby1w8%3D"}]}', 'Reporting-Endpoints': 'heroku-nel=https://nel.heroku.com/reports?ts=1716557962&amp;sid=c4c9725f-1ab0-44d8-820f-430df2718e11&amp;s=Nhx%2FDZDPmpgM4jk6DAO7iqc5b9nDceYoAPueruby1w8%3D', 'Nel': '{"report_to":"heroku-nel","max_age":3600,"success_fraction":0.005,"failure_fraction":0.05,"response_headers":["Via"]}', 'X-Powered-By': 'Express', 'Access-Control-Allow-Origin': '*', 'Etag': 'W/"60-VvEWzhLLtYP1QDnEFl264NN9BpU"', 'Via': '1.1 vegur', 'CF-Cache-Status': 'DYNAMIC', 'Server': 'cloudflare', 'CF-RAY': '888db0fef8344850-BOM'} 
 body={"name":"Pradeep","job":"Automation Engineer","id":"668","createdAt":"2024-05-24T13:39:22.266Z"} 
 </msg>
<msg time="2024-05-24T19:09:22.913074" level="INFO">C:\Python3.12\Lib\site-packages\urllib3\connectionpool.py:1103: InsecureRequestWarning: Unverified HTTPS request is being made to host 'reqres.in'. Adding certificate verification is strongly advised. See: https://urllib3.readthedocs.io/en/latest/advanced-usage.html#tls-warnings
  warnings.warn(</msg>
<msg time="2024-05-24T19:09:22.915651" level="INFO">${Response} = &lt;Response [201]&gt;</msg>
<var>${Response}</var>
<arg>postReq</arg>
<arg>/api/users</arg>
<arg>json=${body}</arg>
<doc>*DEPRECATED* Please use `POST On Session` instead.</doc>
<status status="PASS" start="2024-05-24T19:09:22.198207" elapsed="0.717444"/>
</kw>
<kw name="Should Be Equal As Numbers" owner="BuiltIn">
<msg time="2024-05-24T19:09:22.983789" level="INFO">Argument types are:
&lt;class 'int'&gt;
&lt;class 'str'&gt;</msg>
<arg>${Response.status_code}</arg>
<arg>201</arg>
<doc>Fails if objects are unequal after converting them to real numbers.</doc>
<status status="PASS" start="2024-05-24T19:09:22.981815" elapsed="0.001974"/>
</kw>
<kw name="Log To Console" owner="BuiltIn">
<arg>${Response.json()}</arg>
<doc>Logs the given message to the console.</doc>
<status status="PASS" start="2024-05-24T19:09:22.986083" elapsed="0.042980"/>
</kw>
<status status="PASS" start="2024-05-24T19:09:22.188340" elapsed="0.840723"/>
</test>
<test id="s1-t6" name="TC_006_PutReq:" line="77">
<kw name="Create Session" owner="RequestsLibrary">
<msg time="2024-05-24T19:09:23.039408" level="INFO">Creating Session using : alias=putReq, url=https://reqres.in/, headers={},                     cookies={}, auth=None, timeout=None, proxies=None, verify=False,                     debug=0 </msg>
<arg>putReq</arg>
<arg>${Base_URL2}</arg>
<doc>Create Session: create a HTTP session to a server</doc>
<status status="PASS" start="2024-05-24T19:09:23.039408" elapsed="0.000000"/>
</kw>
<kw name="Create Dictionary" owner="BuiltIn">
<msg time="2024-05-24T19:09:23.039408" level="INFO">${body} = {'name': 'Pradeep', 'job': 'Network Automation Engineer'}</msg>
<var>${body}</var>
<arg>name=Pradeep</arg>
<arg>job=Network Automation Engineer</arg>
<doc>Creates and returns a dictionary based on the given ``items``.</doc>
<status status="PASS" start="2024-05-24T19:09:23.039408" elapsed="0.000000"/>
</kw>
<kw name="Put Request" owner="RequestsLibrary">
<msg time="2024-05-24T19:09:23.045959" level="WARN">Keyword 'RequestsLibrary.Put Request' is deprecated. Please use `PUT On Session` instead.</msg>
<msg time="2024-05-24T19:09:23.840119" level="INFO">PUT Request : url=https://reqres.in/api/users/2 
 path_url=/api/users/2 
 headers={'User-Agent': 'python-requests/2.31.0', 'Accept-Encoding': 'gzip, deflate', 'Accept': '*/*', 'Connection': 'keep-alive', 'Content-Length': '57', 'Content-Type': 'application/json'} 
 body=b'{"name": "Pradeep", "job": "Network Automation Engineer"}' 
 </msg>
<msg time="2024-05-24T19:09:23.840119" level="INFO">PUT Response : url=https://reqres.in/api/users/2 
 status=200, reason=OK 
 headers={'Date': 'Fri, 24 May 2024 13:39:23 GMT', 'Content-Type': 'application/json; charset=utf-8', 'Transfer-Encoding': 'chunked', 'Connection': 'keep-alive', 'Report-To': '{"group":"heroku-nel","max_age":3600,"endpoints":[{"url":"https://nel.heroku.com/reports?ts=1716557963&amp;sid=c4c9725f-1ab0-44d8-820f-430df2718e11&amp;s=UsKA%2FGCEOY7qZD9cz1Oph2iJoawz10%2F6ZzxGWnjMytQ%3D"}]}', 'Reporting-Endpoints': 'heroku-nel=https://nel.heroku.com/reports?ts=1716557963&amp;sid=c4c9725f-1ab0-44d8-820f-430df2718e11&amp;s=UsKA%2FGCEOY7qZD9cz1Oph2iJoawz10%2F6ZzxGWnjMytQ%3D', 'Nel': '{"report_to":"heroku-nel","max_age":3600,"success_fraction":0.005,"failure_fraction":0.05,"response_headers":["Via"]}', 'X-Powered-By': 'Express', 'Access-Control-Allow-Origin': '*', 'Etag': 'W/"5d-kWa42pKFwwqwfQiU041QpMIZMCc"', 'Via': '1.1 vegur', 'CF-Cache-Status': 'DYNAMIC', 'Vary': 'Accept-Encoding', 'Server': 'cloudflare', 'CF-RAY': '888db104387b4811-BOM', 'Content-Encoding': 'gzip'} 
 body={"name":"Pradeep","job":"Network Automation Engineer","updatedAt":"2024-05-24T13:39:23.104Z"} 
 </msg>
<msg time="2024-05-24T19:09:23.840119" level="INFO">C:\Python3.12\Lib\site-packages\urllib3\connectionpool.py:1103: InsecureRequestWarning: Unverified HTTPS request is being made to host 'reqres.in'. Adding certificate verification is strongly advised. See: https://urllib3.readthedocs.io/en/latest/advanced-usage.html#tls-warnings
  warnings.warn(</msg>
<msg time="2024-05-24T19:09:23.840119" level="INFO">${Response} = &lt;Response [200]&gt;</msg>
<var>${Response}</var>
<arg>putReq</arg>
<arg>/api/users/2</arg>
<arg>json=${body}</arg>
<doc>*DEPRECATED* Please use `PUT On Session` instead.</doc>
<status status="PASS" start="2024-05-24T19:09:23.039408" elapsed="0.800711"/>
</kw>
<kw name="Should Be Equal As Numbers" owner="BuiltIn">
<msg time="2024-05-24T19:09:23.843855" level="INFO">Argument types are:
&lt;class 'int'&gt;
&lt;class 'str'&gt;</msg>
<arg>${Response.status_code}</arg>
<arg>200</arg>
<doc>Fails if objects are unequal after converting them to real numbers.</doc>
<status status="PASS" start="2024-05-24T19:09:23.842769" elapsed="0.001086"/>
</kw>
<kw name="Log To Console" owner="BuiltIn">
<arg>${Response.json()}</arg>
<doc>Logs the given message to the console.</doc>
<status status="PASS" start="2024-05-24T19:09:23.875228" elapsed="0.000000"/>
</kw>
<status status="PASS" start="2024-05-24T19:09:23.039408" elapsed="0.835820"/>
</test>
<test id="s1-t7" name="TC_007_CreateNew_Resource:" line="93">
<kw name="Create Session" owner="RequestsLibrary">
<msg time="2024-05-24T19:09:23.875228" level="INFO">Creating Session using : alias=newReq, url=https://reqres.in/, headers={},                     cookies={}, auth=None, timeout=None, proxies=None, verify=False,                     debug=0 </msg>
<arg>newReq</arg>
<arg>${BASE_URL2}</arg>
<doc>Create Session: create a HTTP session to a server</doc>
<status status="PASS" start="2024-05-24T19:09:23.875228" elapsed="0.011010"/>
</kw>
<kw name="Create Dictionary" owner="BuiltIn">
<msg time="2024-05-24T19:09:23.886238" level="INFO">${body} = {'name': 'Shiva', 'job': 'Incident Manager'}</msg>
<var>${body}</var>
<arg>name=Shiva</arg>
<arg>job=Incident Manager</arg>
<doc>Creates and returns a dictionary based on the given ``items``.</doc>
<status status="PASS" start="2024-05-24T19:09:23.886238" elapsed="0.000000"/>
</kw>
<kw name="Post Request" owner="RequestsLibrary">
<msg time="2024-05-24T19:09:23.886238" level="WARN">Keyword 'RequestsLibrary.Post Request' is deprecated. Please use `POST On Session` instead.</msg>
<msg time="2024-05-24T19:09:24.706439" level="INFO">POST Request : url=https://reqres.in/api/users 
 path_url=/api/users 
 headers={'User-Agent': 'python-requests/2.31.0', 'Accept-Encoding': 'gzip, deflate', 'Accept': '*/*', 'Connection': 'keep-alive', 'Content-Length': '44', 'Content-Type': 'application/json'} 
 body=b'{"name": "Shiva", "job": "Incident Manager"}' 
 </msg>
<msg time="2024-05-24T19:09:24.706439" level="INFO">POST Response : url=https://reqres.in/api/users 
 status=201, reason=Created 
 headers={'Date': 'Fri, 24 May 2024 13:39:24 GMT', 'Content-Type': 'application/json; charset=utf-8', 'Content-Length': '91', 'Connection': 'keep-alive', 'Report-To': '{"group":"heroku-nel","max_age":3600,"endpoints":[{"url":"https://nel.heroku.com/reports?ts=1716557964&amp;sid=c4c9725f-1ab0-44d8-820f-430df2718e11&amp;s=P9PY9aHJFaDgLAU31fVayUhbCW3A4HHlvE8zaAr8W%2Bg%3D"}]}', 'Reporting-Endpoints': 'heroku-nel=https://nel.heroku.com/reports?ts=1716557964&amp;sid=c4c9725f-1ab0-44d8-820f-430df2718e11&amp;s=P9PY9aHJFaDgLAU31fVayUhbCW3A4HHlvE8zaAr8W%2Bg%3D', 'Nel': '{"report_to":"heroku-nel","max_age":3600,"success_fraction":0.005,"failure_fraction":0.05,"response_headers":["Via"]}', 'X-Powered-By': 'Express', 'Access-Control-Allow-Origin': '*', 'Etag': 'W/"5b-6RqE2Go/NeFV/DF7h4KCJjSrleU"', 'Via': '1.1 vegur', 'CF-Cache-Status': 'DYNAMIC', 'Server': 'cloudflare', 'CF-RAY': '888db109ef4a8600-BOM'} 
 body={"name":"Shiva","job":"Incident Manager","id":"816","createdAt":"2024-05-24T13:39:24.016Z"} 
 </msg>
<msg time="2024-05-24T19:09:24.706439" level="INFO">C:\Python3.12\Lib\site-packages\urllib3\connectionpool.py:1103: InsecureRequestWarning: Unverified HTTPS request is being made to host 'reqres.in'. Adding certificate verification is strongly advised. See: https://urllib3.readthedocs.io/en/latest/advanced-usage.html#tls-warnings
  warnings.warn(</msg>
<msg time="2024-05-24T19:09:24.711674" level="INFO">${Response} = &lt;Response [201]&gt;</msg>
<var>${Response}</var>
<arg>newReq</arg>
<arg>/api/users</arg>
<arg>json=${body}</arg>
<doc>*DEPRECATED* Please use `POST On Session` instead.</doc>
<status status="PASS" start="2024-05-24T19:09:23.886238" elapsed="0.825436"/>
</kw>
<kw name="Should Be Equal As Numbers" owner="BuiltIn">
<msg time="2024-05-24T19:09:24.714514" level="INFO">Argument types are:
&lt;class 'int'&gt;
&lt;class 'str'&gt;</msg>
<arg>${Response.status_code}</arg>
<arg>201</arg>
<doc>Fails if objects are unequal after converting them to real numbers.</doc>
<status status="PASS" start="2024-05-24T19:09:24.713980" elapsed="0.000534"/>
</kw>
<kw name="Log To Console" owner="BuiltIn">
<arg>${Response.content}</arg>
<doc>Logs the given message to the console.</doc>
<status status="PASS" start="2024-05-24T19:09:24.714514" elapsed="0.002715"/>
</kw>
<status status="PASS" start="2024-05-24T19:09:23.875228" elapsed="0.842001"/>
</test>
<test id="s1-t8" name="TC_008_End_to_End_TestCase:" line="110">
<kw name="Create Session" owner="RequestsLibrary">
<msg time="2024-05-24T19:09:24.722927" level="INFO">Creating Session using : alias=ETE, url=https://thetestingworldapi.com/, headers={},                     cookies={}, auth=None, timeout=None, proxies=None, verify=False,                     debug=0 </msg>
<arg>ETE</arg>
<arg>${BASE_URL}</arg>
<doc>Create Session: create a HTTP session to a server</doc>
<status status="PASS" start="2024-05-24T19:09:24.722927" elapsed="0.000000"/>
</kw>
<kw name="Create Dictionary" owner="BuiltIn">
<msg time="2024-05-24T19:09:24.725383" level="INFO">&amp;{headers} = { Content-Type=application/json }</msg>
<var>&amp;{headers}</var>
<arg>Content-Type=application/json</arg>
<doc>Creates and returns a dictionary based on the given ``items``.</doc>
<status status="PASS" start="2024-05-24T19:09:24.724060" elapsed="0.001323"/>
</kw>
<kw name="Create Dictionary" owner="BuiltIn">
<msg time="2024-05-24T19:09:24.727128" level="INFO">&amp;{body} = { first_name=Pradeep | middle_name=Kumar | last_name=Sahani | date_of_birth=02/07/1995 }</msg>
<var>&amp;{body}</var>
<arg>first_name=${first_name}</arg>
<arg>middle_name=Kumar</arg>
<arg>last_name=${last_name}</arg>
<arg>date_of_birth=02/07/1995</arg>
<doc>Creates and returns a dictionary based on the given ``items``.</doc>
<status status="PASS" start="2024-05-24T19:09:24.725917" elapsed="0.001211"/>
</kw>
<kw name="Post Request" owner="RequestsLibrary">
<msg time="2024-05-24T19:09:24.727667" level="WARN">Keyword 'RequestsLibrary.Post Request' is deprecated. Please use `POST On Session` instead.</msg>
<msg time="2024-05-24T19:09:25.170196" level="INFO">POST Request : url=https://thetestingworldapi.com/api/studentsDetails 
 path_url=/api/studentsDetails 
 headers={'User-Agent': 'python-requests/2.31.0', 'Accept-Encoding': 'gzip, deflate', 'Accept': '*/*', 'Connection': 'keep-alive', 'Content-Type': 'application/json', 'Content-Length': '103'} 
 body=b'{"first_name": "Pradeep", "middle_name": "Kumar", "last_name": "Sahani", "date_of_birth": "02/07/1995"}' 
 </msg>
<msg time="2024-05-24T19:09:25.170196" level="INFO">POST Response : url=https://thetestingworldapi.com/api/studentsDetails 
 status=201, reason=Created 
 headers={'Cache-Control': 'no-cache', 'Pragma': 'no-cache', 'Content-Type': 'application/json; charset=utf-8', 'Expires': '-1', 'Location': 'https://thetestingworldapi.com/api/studentsDetails/10280016', 'Server': 'Microsoft-IIS/10.0', 'X-AspNet-Version': '4.0.30319', 'X-Powered-By': 'ASP.NET', 'X-Powered-By-Plesk': 'PleskWin', 'Date': 'Fri, 24 May 2024 13:39:24 GMT', 'Content-Length': '110'} 
 body={"id":10280016,"first_name":"Pradeep","middle_name":"Kumar","last_name":"Sahani","date_of_birth":"02/07/1995"} 
 </msg>
<msg time="2024-05-24T19:09:25.170196" level="INFO">C:\Python3.12\Lib\site-packages\urllib3\connectionpool.py:1103: InsecureRequestWarning: Unverified HTTPS request is being made to host 'thetestingworldapi.com'. Adding certificate verification is strongly advised. See: https://urllib3.readthedocs.io/en/latest/advanced-usage.html#tls-warnings
  warnings.warn(</msg>
<msg time="2024-05-24T19:09:25.170196" level="INFO">${post_response} = &lt;Response [201]&gt;</msg>
<var>${post_response}</var>
<arg>ETE</arg>
<arg>api/studentsDetails</arg>
<arg>headers=${headers}</arg>
<arg>json=${body}</arg>
<doc>*DEPRECATED* Please use `POST On Session` instead.</doc>
<status status="PASS" start="2024-05-24T19:09:24.727667" elapsed="0.442529"/>
</kw>
<kw name="To Json" owner="RequestsLibrary">
<msg time="2024-05-24T19:09:25.180836" level="WARN">Keyword 'RequestsLibrary.To Json' is deprecated. Please use ${resp.json()} instead. Have a look at the improved HTML output as pretty printing replacement.</msg>
<msg time="2024-05-24T19:09:25.182843" level="INFO">To JSON using : content={"id":10280016,"first_name":"Pradeep","middle_name":"Kumar","last_name":"Sahani","date_of_birth":"02/07/1995"} </msg>
<msg time="2024-05-24T19:09:25.182843" level="INFO">To JSON using : pretty_print=False </msg>
<msg time="2024-05-24T19:09:25.182843" level="INFO">${json_response} = {'id': 10280016, 'first_name': 'Pradeep', 'middle_name': 'Kumar', 'last_name': 'Sahani', 'date_of_birth': '02/07/1995'}</msg>
<var>${json_response}</var>
<arg>${post_response.content}</arg>
<doc>*DEPRECATED* Please use ${resp.json()} instead. Have a look at the improved HTML output as pretty printing replacement.</doc>
<status status="PASS" start="2024-05-24T19:09:25.180836" elapsed="0.002007"/>
</kw>
<kw name="Get Value From Json" owner="JSONLibrary">
<msg time="2024-05-24T19:09:25.208608" level="INFO">@{id_list} = [ 10280016 ]</msg>
<var>@{id_list}</var>
<arg>${json_response}</arg>
<arg>id</arg>
<doc>Get Value From JSON using JSONPath</doc>
<status status="PASS" start="2024-05-24T19:09:25.184889" elapsed="0.023719"/>
</kw>
<kw name="Get From List" owner="Collections">
<msg time="2024-05-24T19:09:25.248626" level="INFO">${id} = 10280016</msg>
<var>${id}</var>
<arg>${id_list}</arg>
<arg>0</arg>
<doc>Returns the value specified with an ``index`` from ``list``.</doc>
<status status="PASS" start="2024-05-24T19:09:25.248626" elapsed="0.000000"/>
</kw>
<kw name="Create Dictionary" owner="BuiltIn">
<msg time="2024-05-24T19:09:25.250519" level="INFO">&amp;{body1} = { id=10280016 | first_name=Neel | middle_name=Kanth | last_name=vairagi | date_of_birth=02/07/1995 }</msg>
<var>&amp;{body1}</var>
<arg>id=${id}</arg>
<arg>first_name=Neel</arg>
<arg>middle_name=Kanth</arg>
<arg>last_name=vairagi</arg>
<arg>date_of_birth=02/07/1995</arg>
<doc>Creates and returns a dictionary based on the given ``items``.</doc>
<status status="PASS" start="2024-05-24T19:09:25.250519" elapsed="0.000000"/>
</kw>
<kw name="Put Request" owner="RequestsLibrary">
<msg time="2024-05-24T19:09:25.250519" level="WARN">Keyword 'RequestsLibrary.Put Request' is deprecated. Please use `PUT On Session` instead.</msg>
<msg time="2024-05-24T19:09:25.358666" level="INFO">PUT Request : url=https://thetestingworldapi.com/api/studentsDetails/10280016 
 path_url=/api/studentsDetails/10280016 
 headers={'User-Agent': 'python-requests/2.31.0', 'Accept-Encoding': 'gzip, deflate', 'Accept': '*/*', 'Connection': 'keep-alive', 'Content-Type': 'application/json', 'Content-Length': '117'} 
 body={"id": 10280016, "first_name": "Neel", "middle_name": "Kanth", "last_name": "vairagi", "date_of_birth": "02/07/1995"} 
 </msg>
<msg time="2024-05-24T19:09:25.358666" level="INFO">PUT Response : url=https://thetestingworldapi.com/api/studentsDetails/10280016 
 status=200, reason=OK 
 headers={'Cache-Control': 'no-cache', 'Pragma': 'no-cache', 'Content-Type': 'application/json; charset=utf-8', 'Expires': '-1', 'Server': 'Microsoft-IIS/10.0', 'X-AspNet-Version': '4.0.30319', 'X-Powered-By': 'ASP.NET', 'X-Powered-By-Plesk': 'PleskWin', 'Date': 'Fri, 24 May 2024 13:39:24 GMT', 'Content-Length': '46'} 
 body={"status":"true","msg":"update  data success"} 
 </msg>
<msg time="2024-05-24T19:09:25.358666" level="INFO">C:\Python3.12\Lib\site-packages\urllib3\connectionpool.py:1103: InsecureRequestWarning: Unverified HTTPS request is being made to host 'thetestingworldapi.com'. Adding certificate verification is strongly advised. See: https://urllib3.readthedocs.io/en/latest/advanced-usage.html#tls-warnings
  warnings.warn(</msg>
<msg time="2024-05-24T19:09:25.360185" level="INFO">${put_response} = &lt;Response [200]&gt;</msg>
<var>${put_response}</var>
<arg>ETE</arg>
<arg>api/studentsDetails/${id}</arg>
<arg>headers=${headers}</arg>
<arg>data=${body1}</arg>
<doc>*DEPRECATED* Please use `PUT On Session` instead.</doc>
<status status="PASS" start="2024-05-24T19:09:25.250519" elapsed="0.109666"/>
</kw>
<kw name="To Json" owner="RequestsLibrary">
<msg time="2024-05-24T19:09:25.361848" level="WARN">Keyword 'RequestsLibrary.To Json' is deprecated. Please use ${resp.json()} instead. Have a look at the improved HTML output as pretty printing replacement.</msg>
<msg time="2024-05-24T19:09:25.364580" level="INFO">To JSON using : content={"status":"true","msg":"update  data success"} </msg>
<msg time="2024-05-24T19:09:25.364580" level="INFO">To JSON using : pretty_print=False </msg>
<msg time="2024-05-24T19:09:25.364580" level="INFO">${json_put_response} = {'status': 'true', 'msg': 'update  data success'}</msg>
<var>${json_put_response}</var>
<arg>${put_response.content}</arg>
<doc>*DEPRECATED* Please use ${resp.json()} instead. Have a look at the improved HTML output as pretty printing replacement.</doc>
<status status="PASS" start="2024-05-24T19:09:25.361848" elapsed="0.002732"/>
</kw>
<kw name="Get Value From Json" owner="JSONLibrary">
<msg time="2024-05-24T19:09:25.394998" level="INFO">@{status_list} = [ true ]</msg>
<var>@{status_list}</var>
<arg>${json_put_response}</arg>
<arg>status</arg>
<doc>Get Value From JSON using JSONPath</doc>
<status status="PASS" start="2024-05-24T19:09:25.365118" elapsed="0.029880"/>
</kw>
<kw name="Get From List" owner="Collections">
<msg time="2024-05-24T19:09:25.397118" level="INFO">${status} = true</msg>
<var>${status}</var>
<arg>${status_list}</arg>
<arg>0</arg>
<doc>Returns the value specified with an ``index`` from ``list``.</doc>
<status status="PASS" start="2024-05-24T19:09:25.397118" elapsed="0.000000"/>
</kw>
<kw name="Should Be Equal As Numbers" owner="BuiltIn">
<msg time="2024-05-24T19:09:25.399389" level="INFO">Argument types are:
&lt;class 'int'&gt;
&lt;class 'str'&gt;</msg>
<arg>${put_response.status_code}</arg>
<arg>200</arg>
<doc>Fails if objects are unequal after converting them to real numbers.</doc>
<status status="PASS" start="2024-05-24T19:09:25.398874" elapsed="0.000515"/>
</kw>
<kw name="Should Be Equal As Strings" owner="BuiltIn">
<arg>${status}</arg>
<arg>true</arg>
<doc>Fails if objects are unequal after converting them to strings.</doc>
<status status="PASS" start="2024-05-24T19:09:25.401225" elapsed="0.000000"/>
</kw>
<kw name="GET On Session" owner="RequestsLibrary">
<msg time="2024-05-24T19:09:25.489044" level="INFO">GET Request : url=https://thetestingworldapi.com/api/studentsDetails/10280016 
 path_url=/api/studentsDetails/10280016 
 headers={'User-Agent': 'python-requests/2.31.0', 'Accept-Encoding': 'gzip, deflate', 'Accept': '*/*', 'Connection': 'keep-alive'} 
 body=None 
 </msg>
<msg time="2024-05-24T19:09:25.502582" level="INFO">GET Response : url=https://thetestingworldapi.com/api/studentsDetails/10280016 
 status=200, reason=OK 
 headers={'Cache-Control': 'no-cache', 'Pragma': 'no-cache', 'Content-Type': 'application/json; charset=utf-8', 'Expires': '-1', 'Server': 'Microsoft-IIS/10.0', 'X-AspNet-Version': '4.0.30319', 'X-Powered-By': 'ASP.NET', 'X-Powered-By-Plesk': 'PleskWin', 'Date': 'Fri, 24 May 2024 13:39:24 GMT', 'Content-Length': '133'} 
 body={"status":"true","data":{"id":10280016,"first_name":"Neel","middle_name":"Kanth","last_name":"vairagi","date_of_birth":"02/07/1995"}} 
 </msg>
<msg time="2024-05-24T19:09:25.502582" level="INFO">C:\Python3.12\Lib\site-packages\urllib3\connectionpool.py:1103: InsecureRequestWarning: Unverified HTTPS request is being made to host 'thetestingworldapi.com'. Adding certificate verification is strongly advised. See: https://urllib3.readthedocs.io/en/latest/advanced-usage.html#tls-warnings
  warnings.warn(</msg>
<msg time="2024-05-24T19:09:25.502582" level="INFO">${get_request} = &lt;Response [200]&gt;</msg>
<var>${get_request}</var>
<arg>ETE</arg>
<arg>/api/studentsDetails/${id}</arg>
<doc>Sends a GET request on a previously created HTTP Session.</doc>
<status status="PASS" start="2024-05-24T19:09:25.401225" elapsed="0.101357"/>
</kw>
<kw name="To Json" owner="RequestsLibrary">
<msg time="2024-05-24T19:09:25.571406" level="WARN">Keyword 'RequestsLibrary.To Json' is deprecated. Please use ${resp.json()} instead. Have a look at the improved HTML output as pretty printing replacement.</msg>
<msg time="2024-05-24T19:09:25.572896" level="INFO">To JSON using : content={"status":"true","data":{"id":10280016,"first_name":"Neel","middle_name":"Kanth","last_name":"vairagi","date_of_birth":"02/07/1995"}} </msg>
<msg time="2024-05-24T19:09:25.572896" level="INFO">To JSON using : pretty_print=False </msg>
<msg time="2024-05-24T19:09:25.573435" level="INFO">${json_response} = {'status': 'true', 'data': {'id': 10280016, 'first_name': 'Neel', 'middle_name': 'Kanth', 'last_name': 'vairagi', 'date_of_birth': '02/07/1995'}}</msg>
<var>${json_response}</var>
<arg>${get_request.content}</arg>
<doc>*DEPRECATED* Please use ${resp.json()} instead. Have a look at the improved HTML output as pretty printing replacement.</doc>
<status status="PASS" start="2024-05-24T19:09:25.571406" elapsed="0.002029"/>
</kw>
<kw name="Get Value From Json" owner="JSONLibrary">
<msg time="2024-05-24T19:09:25.597479" level="INFO">@{L_f_name} = [ Neel ]</msg>
<var>@{L_f_name}</var>
<arg>${json_response}</arg>
<arg>data.first_name</arg>
<doc>Get Value From JSON using JSONPath</doc>
<status status="PASS" start="2024-05-24T19:09:25.573435" elapsed="0.024044"/>
</kw>
<kw name="Get From List" owner="Collections">
<msg time="2024-05-24T19:09:25.600057" level="INFO">${first_name} = Neel</msg>
<var>${first_name}</var>
<arg>${L_f_name}</arg>
<arg>0</arg>
<doc>Returns the value specified with an ``index`` from ``list``.</doc>
<status status="PASS" start="2024-05-24T19:09:25.600057" elapsed="0.000000"/>
</kw>
<kw name="Get Value From Json" owner="JSONLibrary">
<msg time="2024-05-24T19:09:25.620479" level="INFO">@{l_name_list} = [ vairagi ]</msg>
<var>@{l_name_list}</var>
<arg>${json_response}</arg>
<arg>data.last_name</arg>
<doc>Get Value From JSON using JSONPath</doc>
<status status="PASS" start="2024-05-24T19:09:25.602303" elapsed="0.018176"/>
</kw>
<kw name="Get From List" owner="Collections">
<msg time="2024-05-24T19:09:25.628991" level="INFO">${last_name} = vairagi</msg>
<var>${last_name}</var>
<arg>${l_name_list}</arg>
<arg>0</arg>
<doc>Returns the value specified with an ``index`` from ``list``.</doc>
<status status="PASS" start="2024-05-24T19:09:25.628991" elapsed="0.000000"/>
</kw>
<kw name="Should Be Equal" owner="BuiltIn">
<arg>${first_name}</arg>
<arg>Neel</arg>
<doc>Fails if the given objects are unequal.</doc>
<status status="PASS" start="2024-05-24T19:09:25.631179" elapsed="0.001169"/>
</kw>
<kw name="Delete Request" owner="RequestsLibrary">
<msg time="2024-05-24T19:09:25.632348" level="WARN">Keyword 'RequestsLibrary.Delete Request' is deprecated. Please use `DELETE On Session` instead.</msg>
<msg time="2024-05-24T19:09:25.737254" level="INFO">DELETE Request : url=https://thetestingworldapi.com/api/studentsDetails/10280016 
 path_url=/api/studentsDetails/10280016 
 headers={'User-Agent': 'python-requests/2.31.0', 'Accept-Encoding': 'gzip, deflate', 'Accept': '*/*', 'Connection': 'keep-alive', 'Content-Length': '0'} 
 body=None 
 </msg>
<msg time="2024-05-24T19:09:25.737254" level="INFO">DELETE Response : url=https://thetestingworldapi.com/api/studentsDetails/10280016 
 status=200, reason=OK 
 headers={'Cache-Control': 'no-cache', 'Pragma': 'no-cache', 'Content-Type': 'application/json; charset=utf-8', 'Expires': '-1', 'Server': 'Microsoft-IIS/10.0', 'X-AspNet-Version': '4.0.30319', 'X-Powered-By': 'ASP.NET', 'X-Powered-By-Plesk': 'PleskWin', 'Date': 'Fri, 24 May 2024 13:39:24 GMT', 'Content-Length': '46'} 
 body={"status":"true","msg":"Delete  data success"} 
 </msg>
<msg time="2024-05-24T19:09:25.737254" level="INFO">C:\Python3.12\Lib\site-packages\urllib3\connectionpool.py:1103: InsecureRequestWarning: Unverified HTTPS request is being made to host 'thetestingworldapi.com'. Adding certificate verification is strongly advised. See: https://urllib3.readthedocs.io/en/latest/advanced-usage.html#tls-warnings
  warnings.warn(</msg>
<msg time="2024-05-24T19:09:25.737254" level="INFO">${delete_request} = &lt;Response [200]&gt;</msg>
<var>${delete_request}</var>
<arg>ETE</arg>
<arg>/api/studentsDetails/${id}</arg>
<doc>*DEPRECATED* Please use `DELETE On Session` instead.</doc>
<status status="PASS" start="2024-05-24T19:09:25.632348" elapsed="0.104906"/>
</kw>
<kw name="GET On Session" owner="RequestsLibrary">
<msg time="2024-05-24T19:09:25.836419" level="INFO">GET Request : url=https://thetestingworldapi.com/api/studentsDetails/10280016 
 path_url=/api/studentsDetails/10280016 
 headers={'User-Agent': 'python-requests/2.31.0', 'Accept-Encoding': 'gzip, deflate', 'Accept': '*/*', 'Connection': 'keep-alive'} 
 body=None 
 </msg>
<msg time="2024-05-24T19:09:25.836419" level="INFO">GET Response : url=https://thetestingworldapi.com/api/studentsDetails/10280016 
 status=200, reason=OK 
 headers={'Cache-Control': 'no-cache', 'Pragma': 'no-cache', 'Content-Type': 'application/json; charset=utf-8', 'Expires': '-1', 'Server': 'Microsoft-IIS/10.0', 'X-AspNet-Version': '4.0.30319', 'X-Powered-By': 'ASP.NET', 'X-Powered-By-Plesk': 'PleskWin', 'Date': 'Fri, 24 May 2024 13:39:24 GMT', 'Content-Length': '40'} 
 body={"status":"false","msg":"No data Found"} 
 </msg>
<msg time="2024-05-24T19:09:25.836419" level="INFO">C:\Python3.12\Lib\site-packages\urllib3\connectionpool.py:1103: InsecureRequestWarning: Unverified HTTPS request is being made to host 'thetestingworldapi.com'. Adding certificate verification is strongly advised. See: https://urllib3.readthedocs.io/en/latest/advanced-usage.html#tls-warnings
  warnings.warn(</msg>
<msg time="2024-05-24T19:09:25.836419" level="INFO">${get_deleted_request} = &lt;Response [200]&gt;</msg>
<var>${get_deleted_request}</var>
<arg>ETE</arg>
<arg>/api/studentsDetails/${id}</arg>
<doc>Sends a GET request on a previously created HTTP Session.</doc>
<status status="PASS" start="2024-05-24T19:09:25.741681" elapsed="0.094738"/>
</kw>
<kw name="Log To Console" owner="BuiltIn">
<arg>${get_deleted_request.content}</arg>
<doc>Logs the given message to the console.</doc>
<status status="PASS" start="2024-05-24T19:09:25.836419" elapsed="0.006826"/>
</kw>
<kw name="To Json" owner="RequestsLibrary">
<msg time="2024-05-24T19:09:25.843245" level="WARN">Keyword 'RequestsLibrary.To Json' is deprecated. Please use ${resp.json()} instead. Have a look at the improved HTML output as pretty printing replacement.</msg>
<msg time="2024-05-24T19:09:25.846044" level="INFO">To JSON using : content={"status":"false","msg":"No data Found"} </msg>
<msg time="2024-05-24T19:09:25.846044" level="INFO">To JSON using : pretty_print=False </msg>
<msg time="2024-05-24T19:09:25.846044" level="INFO">${json_deleted_response} = {'status': 'false', 'msg': 'No data Found'}</msg>
<var>${json_deleted_response}</var>
<arg>${get_deleted_request.content}</arg>
<doc>*DEPRECATED* Please use ${resp.json()} instead. Have a look at the improved HTML output as pretty printing replacement.</doc>
<status status="PASS" start="2024-05-24T19:09:25.843245" elapsed="0.002799"/>
</kw>
<kw name="Get Value From Json" owner="JSONLibrary">
<msg time="2024-05-24T19:09:25.868407" level="INFO">@{delete_status_list} = [ false ]</msg>
<var>@{delete_status_list}</var>
<arg>${json_deleted_response}</arg>
<arg>status</arg>
<doc>Get Value From JSON using JSONPath</doc>
<status status="PASS" start="2024-05-24T19:09:25.847771" elapsed="0.020636"/>
</kw>
<kw name="Get From List" owner="Collections">
<msg time="2024-05-24T19:09:25.929577" level="INFO">${delete_status} = false</msg>
<var>${delete_status}</var>
<arg>${delete_status_list}</arg>
<arg>0</arg>
<doc>Returns the value specified with an ``index`` from ``list``.</doc>
<status status="PASS" start="2024-05-24T19:09:25.917528" elapsed="0.012049"/>
</kw>
<kw name="Should Be Equal As Strings" owner="BuiltIn">
<arg>${delete_status}</arg>
<arg>false</arg>
<doc>Fails if objects are unequal after converting them to strings.</doc>
<status status="PASS" start="2024-05-24T19:09:25.931110" elapsed="0.000000"/>
</kw>
<status status="PASS" start="2024-05-24T19:09:24.721861" elapsed="1.211074"/>
</test>
<status status="PASS" start="2024-05-24T19:09:18.452457" elapsed="7.486001"/>
</suite>
<statistics>
<total>
<stat pass="8" fail="0" skip="0">All Tests</stat>
</total>
<tag>
</tag>
<suite>
<stat pass="8" fail="0" skip="0" id="s1" name="TC Validation">TC Validation</stat>
</suite>
</statistics>
<errors>
<msg time="2024-05-24T19:09:18.714247" level="WARN">Keyword 'RequestsLibrary.Get Request' is deprecated. Please use `GET On Session` instead.</msg>
<msg time="2024-05-24T19:09:19.291593" level="WARN">Keyword 'RequestsLibrary.Get Request' is deprecated. Please use `GET On Session` instead.</msg>
<msg time="2024-05-24T19:09:20.699252" level="WARN">Keyword 'RequestsLibrary.To Json' is deprecated. Please use ${resp.json()} instead. Have a look at the improved HTML output as pretty printing replacement.</msg>
<msg time="2024-05-24T19:09:20.866995" level="WARN">Keyword 'RequestsLibrary.Get Request' is deprecated. Please use `GET On Session` instead.</msg>
<msg time="2024-05-24T19:09:21.587923" level="WARN">Keyword 'RequestsLibrary.To Json' is deprecated. Please use ${resp.json()} instead. Have a look at the improved HTML output as pretty printing replacement.</msg>
<msg time="2024-05-24T19:09:21.630748" level="WARN">Keyword 'RequestsLibrary.Delete Request' is deprecated. Please use `DELETE On Session` instead.</msg>
<msg time="2024-05-24T19:09:22.198207" level="WARN">Keyword 'RequestsLibrary.Post Request' is deprecated. Please use `POST On Session` instead.</msg>
<msg time="2024-05-24T19:09:23.045959" level="WARN">Keyword 'RequestsLibrary.Put Request' is deprecated. Please use `PUT On Session` instead.</msg>
<msg time="2024-05-24T19:09:23.886238" level="WARN">Keyword 'RequestsLibrary.Post Request' is deprecated. Please use `POST On Session` instead.</msg>
<msg time="2024-05-24T19:09:24.727667" level="WARN">Keyword 'RequestsLibrary.Post Request' is deprecated. Please use `POST On Session` instead.</msg>
<msg time="2024-05-24T19:09:25.180836" level="WARN">Keyword 'RequestsLibrary.To Json' is deprecated. Please use ${resp.json()} instead. Have a look at the improved HTML output as pretty printing replacement.</msg>
<msg time="2024-05-24T19:09:25.250519" level="WARN">Keyword 'RequestsLibrary.Put Request' is deprecated. Please use `PUT On Session` instead.</msg>
<msg time="2024-05-24T19:09:25.361848" level="WARN">Keyword 'RequestsLibrary.To Json' is deprecated. Please use ${resp.json()} instead. Have a look at the improved HTML output as pretty printing replacement.</msg>
<msg time="2024-05-24T19:09:25.571406" level="WARN">Keyword 'RequestsLibrary.To Json' is deprecated. Please use ${resp.json()} instead. Have a look at the improved HTML output as pretty printing replacement.</msg>
<msg time="2024-05-24T19:09:25.632348" level="WARN">Keyword 'RequestsLibrary.Delete Request' is deprecated. Please use `DELETE On Session` instead.</msg>
<msg time="2024-05-24T19:09:25.843245" level="WARN">Keyword 'RequestsLibrary.To Json' is deprecated. Please use ${resp.json()} instead. Have a look at the improved HTML output as pretty printing replacement.</msg>
</errors>
</robot>
