<?xml version="1.0" encoding="UTF-8"?>
<robot generator="Robot 7.0 (Python 3.12.2 on win32)" generated="2024-05-25T18:12:42.501574" rpa="false" schemaversion="5">
<suite id="s1" name="TC Validation" source="C:\Users\prade\PycharmProjects\RobotApiAutomation\TC_Validation.robot">
<test id="s1-t1" name="TC_001_List_All_User_Request" line="15">
<kw name="Fetch and Validate Get Status Code" owner="Resource">
<kw name="Create Session" owner="RequestsLibrary">
<msg time="2024-05-25T18:12:42.674687" level="INFO">Creating Session using : alias=SName, url=https://reqres.in/, headers={},                     cookies={}, auth=None, timeout=None, proxies=None, verify=False,                     debug=0 </msg>
<arg>SName</arg>
<arg>${url}</arg>
<doc>Create Session: create a HTTP session to a server</doc>
<status status="PASS" start="2024-05-25T18:12:42.674687" elapsed="0.000000"/>
</kw>
<kw name="Get Request" owner="RequestsLibrary">
<msg time="2024-05-25T18:12:42.674687" level="WARN">Keyword 'RequestsLibrary.Get Request' is deprecated. Please use `GET On Session` instead.</msg>
<msg time="2024-05-25T18:12:42.926665" level="INFO">GET Request : url=https://reqres.in/api/users?page=2 
 path_url=/api/users?page=2 
 headers={'User-Agent': 'python-requests/2.31.0', 'Accept-Encoding': 'gzip, deflate', 'Accept': '*/*', 'Connection': 'keep-alive'} 
 body=None 
 </msg>
<msg time="2024-05-25T18:12:42.926665" level="INFO">GET Response : url=https://reqres.in/api/users?page=2 
 status=200, reason=OK 
 headers={'Date': 'Sat, 25 May 2024 12:42:42 GMT', 'Content-Type': 'application/json; charset=utf-8', 'Transfer-Encoding': 'chunked', 'Connection': 'keep-alive', 'Report-To': '{"group":"heroku-nel","max_age":3600,"endpoints":[{"url":"https://nel.heroku.com/reports?ts=1716548839&amp;sid=c4c9725f-1ab0-44d8-820f-430df2718e11&amp;s=rf0xanvpJ5FRVkZfubnSkMD1V2NGQTRXf7G14vpFLcQ%3D"}]}', 'Reporting-Endpoints': 'heroku-nel=https://nel.heroku.com/reports?ts=1716548839&amp;sid=c4c9725f-1ab0-44d8-820f-430df2718e11&amp;s=rf0xanvpJ5FRVkZfubnSkMD1V2NGQTRXf7G14vpFLcQ%3D', 'Nel': '{"report_to":"heroku-nel","max_age":3600,"success_fraction":0.005,"failure_fraction":0.05,"response_headers":["Via"]}', 'X-Powered-By': 'Express', 'Access-Control-Allow-Origin': '*', 'Etag': 'W/"406-ut0vzoCuidvyMf8arZpMpJ6ZRDw"', 'Via': '1.1 vegur', 'Cache-Control': 'max-age=14400', 'CF-Cache-Status': 'HIT', 'Age': '6069', 'Vary': 'Accept-Encoding', 'Server': 'cloudflare', 'CF-RAY': '88959b5f1daa91dc-DEL', 'Content-Encoding': 'gzip'} 
 body={"page":2,"per_page":6,"total":12,"total_pages":2,"data":[{"id":7,"email":"michael.lawson@reqres.in","first_name":"Michael","last_name":"Lawson","avatar":"https://reqres.in/img/faces/7-image.jpg"},{"id":8,"email":"lindsay.ferguson@reqres.in","first_name":"Lindsay","last_name":"Ferguson","avatar":"https://reqres.in/img/faces/8-image.jpg"},{"id":9,"email":"tobias.funke@reqres.in","first_name":"Tobias","last_name":"Funke","avatar":"https://reqres.in/img/faces/9-image.jpg"},{"id":10,"email":"byron.fields@reqres.in","first_name":"Byron","last_name":"Fields","avatar":"https://reqres.in/img/faces/10-image.jpg"},{"id":11,"email":"george.edwards@reqres.in","first_name":"George","last_name":"Edwards","avatar":"https://reqres.in/img/faces/11-image.jpg"},{"id":12,"email":"rachel.howell@reqres.in","first_name":"Rachel","last_name":"Howell","avatar":"https://reqres.in/img/faces/12-image.jpg"}],"support":{"url":"https://reqres.in/#support-heading","text":"To keep ReqRes free, contributions towards server costs are appreciated!"}} 
 </msg>
<msg time="2024-05-25T18:12:42.926665" level="INFO">C:\Python3.12\Lib\site-packages\urllib3\connectionpool.py:1103: InsecureRequestWarning: Unverified HTTPS request is being made to host 'reqres.in'. Adding certificate verification is strongly advised. See: https://urllib3.readthedocs.io/en/latest/advanced-usage.html#tls-warnings
  warnings.warn(</msg>
<msg time="2024-05-25T18:12:42.926665" level="INFO">${Response} = &lt;Response [200]&gt;</msg>
<var>${Response}</var>
<arg>SName</arg>
<arg>${relativePath}</arg>
<doc>*DEPRECATED* Please use `GET On Session` instead.</doc>
<status status="PASS" start="2024-05-25T18:12:42.674687" elapsed="0.251978"/>
</kw>
<kw name="Log To Console" owner="BuiltIn">
<arg>${Response.text}</arg>
<doc>Logs the given message to the console.</doc>
<status status="PASS" start="2024-05-25T18:12:42.926665" elapsed="0.000000"/>
</kw>
<kw name="Convert To String" owner="BuiltIn">
<msg time="2024-05-25T18:12:42.942021" level="INFO">${actual_code} = 200</msg>
<var>${actual_code}</var>
<arg>${Response.status_code}</arg>
<doc>Converts the given item to a Unicode string.</doc>
<status status="PASS" start="2024-05-25T18:12:42.942021" elapsed="0.000000"/>
</kw>
<kw name="Should Be Equal" owner="BuiltIn">
<arg>${actual_code}</arg>
<arg>${expectedStatusCode}</arg>
<doc>Fails if the given objects are unequal.</doc>
<status status="PASS" start="2024-05-25T18:12:42.943242" elapsed="0.000000"/>
</kw>
<arg>${Base_URL2}</arg>
<arg>api/users?page=2</arg>
<arg>200</arg>
<status status="PASS" start="2024-05-25T18:12:42.674687" elapsed="0.269063"/>
</kw>
<status status="PASS" start="2024-05-25T18:12:42.674687" elapsed="0.269063"/>
</test>
<test id="s1-t2" name="TC_002_Fetch_Student_Details_By_Id" line="18">
<kw name="Fetch and Validate Get Status Code" owner="Resource">
<kw name="Create Session" owner="RequestsLibrary">
<msg time="2024-05-25T18:12:42.943750" level="INFO">Creating Session using : alias=SName, url=https://reqres.in/, headers={},                     cookies={}, auth=None, timeout=None, proxies=None, verify=False,                     debug=0 </msg>
<arg>SName</arg>
<arg>${url}</arg>
<doc>Create Session: create a HTTP session to a server</doc>
<status status="PASS" start="2024-05-25T18:12:42.943750" elapsed="0.000000"/>
</kw>
<kw name="Get Request" owner="RequestsLibrary">
<msg time="2024-05-25T18:12:42.943750" level="WARN">Keyword 'RequestsLibrary.Get Request' is deprecated. Please use `GET On Session` instead.</msg>
<msg time="2024-05-25T18:12:43.179788" level="INFO">GET Request : url=https://reqres.in/api/user/2 
 path_url=/api/user/2 
 headers={'User-Agent': 'python-requests/2.31.0', 'Accept-Encoding': 'gzip, deflate', 'Accept': '*/*', 'Connection': 'keep-alive'} 
 body=None 
 </msg>
<msg time="2024-05-25T18:12:43.179788" level="INFO">GET Response : url=https://reqres.in/api/user/2 
 status=200, reason=OK 
 headers={'Date': 'Sat, 25 May 2024 12:42:42 GMT', 'Content-Type': 'application/json; charset=utf-8', 'Transfer-Encoding': 'chunked', 'Connection': 'keep-alive', 'Report-To': '{"group":"heroku-nel","max_age":3600,"endpoints":[{"url":"https://nel.heroku.com/reports?ts=1715741057&amp;sid=c4c9725f-1ab0-44d8-820f-430df2718e11&amp;s=Kru4tb2gXY8G2Mz%2F8VToOvGwxC1d4XxPofI3Ak8Beog%3D"}]}', 'Reporting-Endpoints': 'heroku-nel=https://nel.heroku.com/reports?ts=1715741057&amp;sid=c4c9725f-1ab0-44d8-820f-430df2718e11&amp;s=Kru4tb2gXY8G2Mz%2F8VToOvGwxC1d4XxPofI3Ak8Beog%3D', 'Nel': '{"report_to":"heroku-nel","max_age":3600,"success_fraction":0.005,"failure_fraction":0.05,"response_headers":["Via"]}', 'X-Powered-By': 'Express', 'Access-Control-Allow-Origin': '*', 'Etag': 'W/"e8-ov4wWh4/OY1IMQMqWgskYtOFnVs"', 'Via': '1.1 vegur', 'Cache-Control': 'max-age=14400', 'CF-Cache-Status': 'HIT', 'Age': '5971', 'Vary': 'Accept-Encoding', 'Server': 'cloudflare', 'CF-RAY': '88959b609fc35501-DEL', 'Content-Encoding': 'gzip'} 
 body={"data":{"id":2,"name":"fuchsia rose","year":2001,"color":"#C74375","pantone_value":"17-2031"},"support":{"url":"https://reqres.in/#support-heading","text":"To keep ReqRes free, contributions towards server costs are appreciated!"}} 
 </msg>
<msg time="2024-05-25T18:12:43.179788" level="INFO">C:\Python3.12\Lib\site-packages\urllib3\connectionpool.py:1103: InsecureRequestWarning: Unverified HTTPS request is being made to host 'reqres.in'. Adding certificate verification is strongly advised. See: https://urllib3.readthedocs.io/en/latest/advanced-usage.html#tls-warnings
  warnings.warn(</msg>
<msg time="2024-05-25T18:12:43.181967" level="INFO">${Response} = &lt;Response [200]&gt;</msg>
<var>${Response}</var>
<arg>SName</arg>
<arg>${relativePath}</arg>
<doc>*DEPRECATED* Please use `GET On Session` instead.</doc>
<status status="PASS" start="2024-05-25T18:12:42.943750" elapsed="0.238217"/>
</kw>
<kw name="Log To Console" owner="BuiltIn">
<arg>${Response.text}</arg>
<doc>Logs the given message to the console.</doc>
<status status="PASS" start="2024-05-25T18:12:43.182475" elapsed="0.000000"/>
</kw>
<kw name="Convert To String" owner="BuiltIn">
<msg time="2024-05-25T18:12:43.182475" level="INFO">${actual_code} = 200</msg>
<var>${actual_code}</var>
<arg>${Response.status_code}</arg>
<doc>Converts the given item to a Unicode string.</doc>
<status status="PASS" start="2024-05-25T18:12:43.182475" elapsed="0.000000"/>
</kw>
<kw name="Should Be Equal" owner="BuiltIn">
<arg>${actual_code}</arg>
<arg>${expectedStatusCode}</arg>
<doc>Fails if the given objects are unequal.</doc>
<status status="PASS" start="2024-05-25T18:12:43.182475" elapsed="0.000000"/>
</kw>
<arg>${Base_URL2}</arg>
<arg>api/user/2</arg>
<arg>200</arg>
<status status="PASS" start="2024-05-25T18:12:42.943750" elapsed="0.238725"/>
</kw>
<status status="PASS" start="2024-05-25T18:12:42.943750" elapsed="0.238725"/>
</test>
<test id="s1-t3" name="TC_003_Get_With_Param" line="21">
<kw name="Create Session" owner="RequestsLibrary">
<msg time="2024-05-25T18:12:43.182475" level="INFO">Creating Session using : alias=Get_Param, url=https://reqres.in/, headers={},                     cookies={}, auth=None, timeout=None, proxies=None, verify=False,                     debug=0 </msg>
<arg>Get_Param</arg>
<arg>${Base_URL2}</arg>
<doc>Create Session: create a HTTP session to a server</doc>
<status status="PASS" start="2024-05-25T18:12:43.182475" elapsed="0.000000"/>
</kw>
<kw name="Create Dictionary" owner="BuiltIn">
<msg time="2024-05-25T18:12:43.182475" level="INFO">&amp;{param} = { page=1 }</msg>
<var>&amp;{param}</var>
<arg>page=1</arg>
<doc>Creates and returns a dictionary based on the given ``items``.</doc>
<status status="PASS" start="2024-05-25T18:12:43.182475" elapsed="0.000000"/>
</kw>
<kw name="Get Request" owner="RequestsLibrary">
<msg time="2024-05-25T18:12:43.182475" level="WARN">Keyword 'RequestsLibrary.Get Request' is deprecated. Please use `GET On Session` instead.</msg>
<msg time="2024-05-25T18:12:43.575877" level="INFO">GET Request : url=https://reqres.in/api/users%20param=%7B'page':%20'1'%7D 
 path_url=/api/users%20param=%7B'page':%20'1'%7D 
 headers={'User-Agent': 'python-requests/2.31.0', 'Accept-Encoding': 'gzip, deflate', 'Accept': '*/*', 'Connection': 'keep-alive'} 
 body=None 
 </msg>
<msg time="2024-05-25T18:12:43.575877" level="INFO">GET Response : url=https://reqres.in/api/users%20param=%7B'page':%20'1'%7D 
 status=200, reason=OK 
 headers={'Date': 'Sat, 25 May 2024 12:42:43 GMT', 'Content-Type': 'application/json; charset=utf-8', 'Transfer-Encoding': 'chunked', 'Connection': 'keep-alive', 'Report-To': '{"group":"heroku-nel","max_age":3600,"endpoints":[{"url":"https://nel.heroku.com/reports?ts=1716370879&amp;sid=c4c9725f-1ab0-44d8-820f-430df2718e11&amp;s=4n9OXn9n8R%2BXE%2F1DtG8tId1uPwzvZNoqvDTRoVqhfzo%3D"}]}', 'Reporting-Endpoints': 'heroku-nel=https://nel.heroku.com/reports?ts=1716370879&amp;sid=c4c9725f-1ab0-44d8-820f-430df2718e11&amp;s=4n9OXn9n8R%2BXE%2F1DtG8tId1uPwzvZNoqvDTRoVqhfzo%3D', 'Nel': '{"report_to":"heroku-nel","max_age":3600,"success_fraction":0.005,"failure_fraction":0.05,"response_headers":["Via"]}', 'X-Powered-By': 'Express', 'Access-Control-Allow-Origin': '*', 'Etag': 'W/"2c1-N6Rqerxquq2kgQhL51EiSg4x0R8"', 'Via': '1.1 vegur', 'Cache-Control': 'max-age=14400', 'CF-Cache-Status': 'HIT', 'Age': '4301', 'Vary': 'Accept-Encoding', 'Server': 'cloudflare', 'CF-RAY': '88959b62cc188584-BOM', 'Content-Encoding': 'gzip'} 
 body={"page":1,"per_page":6,"total":12,"total_pages":2,"data":[{"id":1,"name":"cerulean","year":2000,"color":"#98B2D1","pantone_value":"15-4020"},{"id":2,"name":"fuchsia rose","year":2001,"color":"#C74375","pantone_value":"17-2031"},{"id":3,"name":"true red","year":2002,"color":"#BF1932","pantone_value":"19-1664"},{"id":4,"name":"aqua sky","year":2003,"color":"#7BC4C4","pantone_value":"14-4811"},{"id":5,"name":"tigerlily","year":2004,"color":"#E2583E","pantone_value":"17-1456"},{"id":6,"name":"blue turquoise","year":2005,"color":"#53B0AE","pantone_value":"15-5217"}],"support":{"url":"https://reqres.in/#support-heading","text":"To keep ReqRes free, contributions towards server costs are appreciated!"}} 
 </msg>
<msg time="2024-05-25T18:12:43.575877" level="INFO">C:\Python3.12\Lib\site-packages\urllib3\connectionpool.py:1103: InsecureRequestWarning: Unverified HTTPS request is being made to host 'reqres.in'. Adding certificate verification is strongly advised. See: https://urllib3.readthedocs.io/en/latest/advanced-usage.html#tls-warnings
  warnings.warn(</msg>
<msg time="2024-05-25T18:12:43.575877" level="INFO">${response} = &lt;Response [200]&gt;</msg>
<var>${response}</var>
<arg>Get_Param</arg>
<arg>/api/users param=${param}</arg>
<doc>*DEPRECATED* Please use `GET On Session` instead.</doc>
<status status="PASS" start="2024-05-25T18:12:43.182475" elapsed="0.393402"/>
</kw>
<kw name="Log To Console" owner="BuiltIn">
<arg>${response.status_code}</arg>
<doc>Logs the given message to the console.</doc>
<status status="PASS" start="2024-05-25T18:12:43.575877" elapsed="0.000000"/>
</kw>
<kw name="Log To Console" owner="BuiltIn">
<arg>${param}</arg>
<doc>Logs the given message to the console.</doc>
<status status="PASS" start="2024-05-25T18:12:43.575877" elapsed="0.000000"/>
</kw>
<kw name="Log To Console" owner="BuiltIn">
<arg>${response.text}</arg>
<doc>Logs the given message to the console.</doc>
<status status="PASS" start="2024-05-25T18:12:43.575877" elapsed="0.000000"/>
</kw>
<kw name="Convert To String" owner="BuiltIn">
<msg time="2024-05-25T18:12:43.575877" level="INFO">${status_code} = 200</msg>
<var>${status_code}</var>
<arg>${response.status_code}</arg>
<doc>Converts the given item to a Unicode string.</doc>
<status status="PASS" start="2024-05-25T18:12:43.575877" elapsed="0.000000"/>
</kw>
<kw name="Should Be Equal" owner="BuiltIn">
<arg>${status_code}</arg>
<arg>200</arg>
<doc>Fails if the given objects are unequal.</doc>
<status status="PASS" start="2024-05-25T18:12:43.575877" elapsed="0.000000"/>
</kw>
<kw name="To Json" owner="RequestsLibrary">
<msg time="2024-05-25T18:12:43.575877" level="WARN">Keyword 'RequestsLibrary.To Json' is deprecated. Please use ${resp.json()} instead. Have a look at the improved HTML output as pretty printing replacement.</msg>
<msg time="2024-05-25T18:12:43.591513" level="INFO">To JSON using : content={"page":1,"per_page":6,"total":12,"total_pages":2,"data":[{"id":1,"name":"cerulean","year":2000,"color":"#98B2D1","pantone_value":"15-4020"},{"id":2,"name":"fuchsia rose","year":2001,"color":"#C74375","pantone_value":"17-2031"},{"id":3,"name":"true red","year":2002,"color":"#BF1932","pantone_value":"19-1664"},{"id":4,"name":"aqua sky","year":2003,"color":"#7BC4C4","pantone_value":"14-4811"},{"id":5,"name":"tigerlily","year":2004,"color":"#E2583E","pantone_value":"17-1456"},{"id":6,"name":"blue turquoise","year":2005,"color":"#53B0AE","pantone_value":"15-5217"}],"support":{"url":"https://reqres.in/#support-heading","text":"To keep ReqRes free, contributions towards server costs are appreciated!"}} </msg>
<msg time="2024-05-25T18:12:43.591513" level="INFO">To JSON using : pretty_print=False </msg>
<msg time="2024-05-25T18:12:43.591513" level="INFO">${JsonResponse} = {'page': 1, 'per_page': 6, 'total': 12, 'total_pages': 2, 'data': [{'id': 1, 'name': 'cerulean', 'year': 2000, 'color': '#98B2D1', 'pantone_value': '15-4020'}, {'id': 2, 'name': 'fuchsia rose', 'year'...</msg>
<var>${JsonResponse}</var>
<arg>${response.content}</arg>
<doc>*DEPRECATED* Please use ${resp.json()} instead. Have a look at the improved HTML output as pretty printing replacement.</doc>
<status status="PASS" start="2024-05-25T18:12:43.575877" elapsed="0.015636"/>
</kw>
<kw name="Get Value From Json" owner="JSONLibrary">
<msg time="2024-05-25T18:12:43.607151" level="INFO">@{name_list} = [ cerulean ]</msg>
<var>@{name_list}</var>
<arg>${JsonResponse}</arg>
<arg>data[0].name</arg>
<doc>Get Value From JSON using JSONPath</doc>
<status status="PASS" start="2024-05-25T18:12:43.591513" elapsed="0.015638"/>
</kw>
<kw name="Log To Console" owner="BuiltIn">
<arg>${name_list}</arg>
<doc>Logs the given message to the console.</doc>
<status status="PASS" start="2024-05-25T18:12:43.607151" elapsed="0.000000"/>
</kw>
<kw name="Get From List" owner="Collections">
<msg time="2024-05-25T18:12:43.607151" level="INFO">${name} = cerulean</msg>
<var>${name}</var>
<arg>${name_list}</arg>
<arg>0</arg>
<doc>Returns the value specified with an ``index`` from ``list``.</doc>
<status status="PASS" start="2024-05-25T18:12:43.607151" elapsed="0.000000"/>
</kw>
<kw name="Log To Console" owner="BuiltIn">
<arg>${name}</arg>
<doc>Logs the given message to the console.</doc>
<status status="PASS" start="2024-05-25T18:12:43.607151" elapsed="0.000000"/>
</kw>
<kw name="Should Not Be Equal" owner="BuiltIn">
<arg>${name}</arg>
<arg>Eve</arg>
<doc>Fails if the given objects are equal.</doc>
<status status="PASS" start="2024-05-25T18:12:43.607151" elapsed="0.000000"/>
</kw>
<status status="PASS" start="2024-05-25T18:12:43.182475" elapsed="0.424676"/>
</test>
<test id="s1-t4" name="TC_004_Validate_Delete_Request" line="39">
<kw name="Fetch and Validate Delete Request" owner="Resource">
<kw name="Create Session" owner="RequestsLibrary">
<msg time="2024-05-25T18:12:43.607151" level="INFO">Creating Session using : alias=SName, url=https://reqres.in/, headers={},                     cookies={}, auth=None, timeout=None, proxies=None, verify=False,                     debug=0 </msg>
<arg>SName</arg>
<arg>${url}</arg>
<doc>Create Session: create a HTTP session to a server</doc>
<status status="PASS" start="2024-05-25T18:12:43.607151" elapsed="0.000000"/>
</kw>
<kw name="Delete Request" owner="RequestsLibrary">
<msg time="2024-05-25T18:12:43.607151" level="WARN">Keyword 'RequestsLibrary.Delete Request' is deprecated. Please use `DELETE On Session` instead.</msg>
<msg time="2024-05-25T18:12:44.441006" level="INFO">DELETE Request : url=https://reqres.in/api/user/2 
 path_url=/api/user/2 
 headers={'User-Agent': 'python-requests/2.31.0', 'Accept-Encoding': 'gzip, deflate', 'Accept': '*/*', 'Connection': 'keep-alive', 'Content-Length': '0'} 
 body=None 
 </msg>
<msg time="2024-05-25T18:12:44.441006" level="INFO">DELETE Response : url=https://reqres.in/api/user/2 
 status=204, reason=No Content 
 headers={'Date': 'Sat, 25 May 2024 12:42:43 GMT', 'Content-Length': '0', 'Connection': 'keep-alive', 'Report-To': '{"group":"heroku-nel","max_age":3600,"endpoints":[{"url":"https://nel.heroku.com/reports?ts=1716640963&amp;sid=c4c9725f-1ab0-44d8-820f-430df2718e11&amp;s=3KgNNuZlwkCQt8uGNAzvbSSWmUxTFFyA4EdyDD96JLY%3D"}]}', 'Reporting-Endpoints': 'heroku-nel=https://nel.heroku.com/reports?ts=1716640963&amp;sid=c4c9725f-1ab0-44d8-820f-430df2718e11&amp;s=3KgNNuZlwkCQt8uGNAzvbSSWmUxTFFyA4EdyDD96JLY%3D', 'Nel': '{"report_to":"heroku-nel","max_age":3600,"success_fraction":0.005,"failure_fraction":0.05,"response_headers":["Via"]}', 'X-Powered-By': 'Express', 'Access-Control-Allow-Origin': '*', 'Etag': 'W/"2-vyGp6PvFo4RvsFtPoIWeCReyIC8"', 'Via': '1.1 vegur', 'CF-Cache-Status': 'DYNAMIC', 'Server': 'cloudflare', 'CF-RAY': '88959b656e093b1c-BOM'} 
 body=None 
 </msg>
<msg time="2024-05-25T18:12:44.441006" level="INFO">C:\Python3.12\Lib\site-packages\urllib3\connectionpool.py:1103: InsecureRequestWarning: Unverified HTTPS request is being made to host 'reqres.in'. Adding certificate verification is strongly advised. See: https://urllib3.readthedocs.io/en/latest/advanced-usage.html#tls-warnings
  warnings.warn(</msg>
<msg time="2024-05-25T18:12:44.441006" level="INFO">${Response} = &lt;Response [204]&gt;</msg>
<var>${Response}</var>
<arg>SName</arg>
<arg>${relativePath}</arg>
<doc>*DEPRECATED* Please use `DELETE On Session` instead.</doc>
<status status="PASS" start="2024-05-25T18:12:43.607151" elapsed="0.833855"/>
</kw>
<kw name="Log To Console" owner="BuiltIn">
<arg>${Response.status_code}</arg>
<doc>Logs the given message to the console.</doc>
<status status="PASS" start="2024-05-25T18:12:44.441006" elapsed="0.000000"/>
</kw>
<kw name="Should Be Equal As Numbers" owner="BuiltIn">
<msg time="2024-05-25T18:12:44.441006" level="INFO">Argument types are:
&lt;class 'int'&gt;
&lt;class 'str'&gt;</msg>
<arg>${Response.status_code}</arg>
<arg>${expectedValue}</arg>
<doc>Fails if objects are unequal after converting them to real numbers.</doc>
<status status="PASS" start="2024-05-25T18:12:44.441006" elapsed="0.000000"/>
</kw>
<arg>${Base_URL2}</arg>
<arg>api/user/2</arg>
<arg>204</arg>
<status status="PASS" start="2024-05-25T18:12:43.607151" elapsed="0.833855"/>
</kw>
<status status="PASS" start="2024-05-25T18:12:43.607151" elapsed="0.833855"/>
</test>
<test id="s1-t5" name="TC_005_PostRequest:" line="43">
<kw name="Create Session" owner="RequestsLibrary">
<msg time="2024-05-25T18:12:44.457938" level="INFO">Creating Session using : alias=postReq, url=https://reqres.in/, headers={},                     cookies={}, auth=None, timeout=None, proxies=None, verify=False,                     debug=0 </msg>
<arg>postReq</arg>
<arg>${Base_URL2}</arg>
<doc>Create Session: create a HTTP session to a server</doc>
<status status="PASS" start="2024-05-25T18:12:44.457938" elapsed="0.000507"/>
</kw>
<kw name="Create Dictionary" owner="BuiltIn">
<msg time="2024-05-25T18:12:44.458445" level="INFO">${body} = {'name': 'Pradeep', 'job': 'Automation Engineer'}</msg>
<var>${body}</var>
<arg>name=Pradeep</arg>
<arg>job=Automation Engineer</arg>
<doc>Creates and returns a dictionary based on the given ``items``.</doc>
<status status="PASS" start="2024-05-25T18:12:44.458445" elapsed="0.000000"/>
</kw>
<kw name="Post Request" owner="RequestsLibrary">
<msg time="2024-05-25T18:12:44.458445" level="WARN">Keyword 'RequestsLibrary.Post Request' is deprecated. Please use `POST On Session` instead.</msg>
<msg time="2024-05-25T18:12:45.076686" level="INFO">POST Request : url=https://reqres.in/api/users 
 path_url=/api/users 
 headers={'User-Agent': 'python-requests/2.31.0', 'Accept-Encoding': 'gzip, deflate', 'Accept': '*/*', 'Connection': 'keep-alive', 'Content-Length': '49', 'Content-Type': 'application/json'} 
 body=b'{"name": "Pradeep", "job": "Automation Engineer"}' 
 </msg>
<msg time="2024-05-25T18:12:45.076686" level="INFO">POST Response : url=https://reqres.in/api/users 
 status=201, reason=Created 
 headers={'Date': 'Sat, 25 May 2024 12:42:44 GMT', 'Content-Type': 'application/json; charset=utf-8', 'Content-Length': '96', 'Connection': 'keep-alive', 'Report-To': '{"group":"heroku-nel","max_age":3600,"endpoints":[{"url":"https://nel.heroku.com/reports?ts=1716640964&amp;sid=c4c9725f-1ab0-44d8-820f-430df2718e11&amp;s=TRB1Sp0lS4RIouNhyZxTIY%2FfCaeyGBWUqVyvupfvcs4%3D"}]}', 'Reporting-Endpoints': 'heroku-nel=https://nel.heroku.com/reports?ts=1716640964&amp;sid=c4c9725f-1ab0-44d8-820f-430df2718e11&amp;s=TRB1Sp0lS4RIouNhyZxTIY%2FfCaeyGBWUqVyvupfvcs4%3D', 'Nel': '{"report_to":"heroku-nel","max_age":3600,"success_fraction":0.005,"failure_fraction":0.05,"response_headers":["Via"]}', 'X-Powered-By': 'Express', 'Access-Control-Allow-Origin': '*', 'Etag': 'W/"60-eM+WKaAEP1+MaGg3/AiSsFsiO90"', 'Via': '1.1 vegur', 'CF-Cache-Status': 'DYNAMIC', 'Server': 'cloudflare', 'CF-RAY': '88959b6a1c7b1c49-DEL'} 
 body={"name":"Pradeep","job":"Automation Engineer","id":"110","createdAt":"2024-05-25T12:42:44.447Z"} 
 </msg>
<msg time="2024-05-25T18:12:45.076686" level="INFO">C:\Python3.12\Lib\site-packages\urllib3\connectionpool.py:1103: InsecureRequestWarning: Unverified HTTPS request is being made to host 'reqres.in'. Adding certificate verification is strongly advised. See: https://urllib3.readthedocs.io/en/latest/advanced-usage.html#tls-warnings
  warnings.warn(</msg>
<msg time="2024-05-25T18:12:45.076686" level="INFO">${Response} = &lt;Response [201]&gt;</msg>
<var>${Response}</var>
<arg>postReq</arg>
<arg>/api/users</arg>
<arg>json=${body}</arg>
<doc>*DEPRECATED* Please use `POST On Session` instead.</doc>
<status status="PASS" start="2024-05-25T18:12:44.458445" elapsed="0.618241"/>
</kw>
<kw name="Should Be Equal As Numbers" owner="BuiltIn">
<msg time="2024-05-25T18:12:45.092378" level="INFO">Argument types are:
&lt;class 'int'&gt;
&lt;class 'str'&gt;</msg>
<arg>${Response.status_code}</arg>
<arg>201</arg>
<doc>Fails if objects are unequal after converting them to real numbers.</doc>
<status status="PASS" start="2024-05-25T18:12:45.090870" elapsed="0.001508"/>
</kw>
<kw name="Log To Console" owner="BuiltIn">
<arg>${Response.json()}</arg>
<doc>Logs the given message to the console.</doc>
<status status="PASS" start="2024-05-25T18:12:45.092378" elapsed="0.000000"/>
</kw>
<status status="PASS" start="2024-05-25T18:12:44.456599" elapsed="0.635779"/>
</test>
<test id="s1-t6" name="TC_006_PutReq:" line="53">
<kw name="Create Session" owner="RequestsLibrary">
<msg time="2024-05-25T18:12:45.098452" level="INFO">Creating Session using : alias=putReq, url=https://reqres.in/, headers={},                     cookies={}, auth=None, timeout=None, proxies=None, verify=False,                     debug=0 </msg>
<arg>putReq</arg>
<arg>${Base_URL2}</arg>
<doc>Create Session: create a HTTP session to a server</doc>
<status status="PASS" start="2024-05-25T18:12:45.092378" elapsed="0.006074"/>
</kw>
<kw name="Create Dictionary" owner="BuiltIn">
<msg time="2024-05-25T18:12:45.098452" level="INFO">${body} = {'name': 'Pradeep', 'job': 'Network Automation Engineer'}</msg>
<var>${body}</var>
<arg>name=Pradeep</arg>
<arg>job=Network Automation Engineer</arg>
<doc>Creates and returns a dictionary based on the given ``items``.</doc>
<status status="PASS" start="2024-05-25T18:12:45.098452" elapsed="0.000000"/>
</kw>
<kw name="Put Request" owner="RequestsLibrary">
<msg time="2024-05-25T18:12:45.098452" level="WARN">Keyword 'RequestsLibrary.Put Request' is deprecated. Please use `PUT On Session` instead.</msg>
<msg time="2024-05-25T18:12:45.623553" level="INFO">PUT Request : url=https://reqres.in/api/users/2 
 path_url=/api/users/2 
 headers={'User-Agent': 'python-requests/2.31.0', 'Accept-Encoding': 'gzip, deflate', 'Accept': '*/*', 'Connection': 'keep-alive', 'Content-Length': '57', 'Content-Type': 'application/json'} 
 body=b'{"name": "Pradeep", "job": "Network Automation Engineer"}' 
 </msg>
<msg time="2024-05-25T18:12:45.623553" level="INFO">PUT Response : url=https://reqres.in/api/users/2 
 status=200, reason=OK 
 headers={'Date': 'Sat, 25 May 2024 12:42:45 GMT', 'Content-Type': 'application/json; charset=utf-8', 'Transfer-Encoding': 'chunked', 'Connection': 'keep-alive', 'Report-To': '{"group":"heroku-nel","max_age":3600,"endpoints":[{"url":"https://nel.heroku.com/reports?ts=1716640965&amp;sid=c4c9725f-1ab0-44d8-820f-430df2718e11&amp;s=PR0maADV5rNLs9W7N7KhXbBdZgYe6qrBboAgyQilnF0%3D"}]}', 'Reporting-Endpoints': 'heroku-nel=https://nel.heroku.com/reports?ts=1716640965&amp;sid=c4c9725f-1ab0-44d8-820f-430df2718e11&amp;s=PR0maADV5rNLs9W7N7KhXbBdZgYe6qrBboAgyQilnF0%3D', 'Nel': '{"report_to":"heroku-nel","max_age":3600,"success_fraction":0.005,"failure_fraction":0.05,"response_headers":["Via"]}', 'X-Powered-By': 'Express', 'Access-Control-Allow-Origin': '*', 'Etag': 'W/"5d-Wao/2f6yCPPf++aDlJhbiIQTouM"', 'Via': '1.1 vegur', 'CF-Cache-Status': 'DYNAMIC', 'Vary': 'Accept-Encoding', 'Server': 'cloudflare', 'CF-RAY': '88959b6ddd4f5963-DEL', 'Content-Encoding': 'gzip'} 
 body={"name":"Pradeep","job":"Network Automation Engineer","updatedAt":"2024-05-25T12:42:45.023Z"} 
 </msg>
<msg time="2024-05-25T18:12:45.623553" level="INFO">C:\Python3.12\Lib\site-packages\urllib3\connectionpool.py:1103: InsecureRequestWarning: Unverified HTTPS request is being made to host 'reqres.in'. Adding certificate verification is strongly advised. See: https://urllib3.readthedocs.io/en/latest/advanced-usage.html#tls-warnings
  warnings.warn(</msg>
<msg time="2024-05-25T18:12:45.623553" level="INFO">${Response} = &lt;Response [200]&gt;</msg>
<var>${Response}</var>
<arg>putReq</arg>
<arg>/api/users/2</arg>
<arg>json=${body}</arg>
<doc>*DEPRECATED* Please use `PUT On Session` instead.</doc>
<status status="PASS" start="2024-05-25T18:12:45.098452" elapsed="0.525101"/>
</kw>
<kw name="Should Be Equal As Numbers" owner="BuiltIn">
<msg time="2024-05-25T18:12:45.623553" level="INFO">Argument types are:
&lt;class 'int'&gt;
&lt;class 'str'&gt;</msg>
<arg>${Response.status_code}</arg>
<arg>200</arg>
<doc>Fails if objects are unequal after converting them to real numbers.</doc>
<status status="PASS" start="2024-05-25T18:12:45.623553" elapsed="0.000000"/>
</kw>
<kw name="Log To Console" owner="BuiltIn">
<arg>${Response.json()}</arg>
<doc>Logs the given message to the console.</doc>
<status status="PASS" start="2024-05-25T18:12:45.623553" elapsed="0.000000"/>
</kw>
<status status="PASS" start="2024-05-25T18:12:45.092378" elapsed="0.531175"/>
</test>
<test id="s1-t7" name="TC_007_CreateNew_Resource:" line="69">
<kw name="Create Session" owner="RequestsLibrary">
<msg time="2024-05-25T18:12:45.623553" level="INFO">Creating Session using : alias=newReq, url=https://reqres.in/, headers={},                     cookies={}, auth=None, timeout=None, proxies=None, verify=False,                     debug=0 </msg>
<arg>newReq</arg>
<arg>${BASE_URL2}</arg>
<doc>Create Session: create a HTTP session to a server</doc>
<status status="PASS" start="2024-05-25T18:12:45.623553" elapsed="0.000000"/>
</kw>
<kw name="Create Dictionary" owner="BuiltIn">
<msg time="2024-05-25T18:12:45.623553" level="INFO">${body} = {'name': 'Shiva', 'job': 'Incident Manager'}</msg>
<var>${body}</var>
<arg>name=Shiva</arg>
<arg>job=Incident Manager</arg>
<doc>Creates and returns a dictionary based on the given ``items``.</doc>
<status status="PASS" start="2024-05-25T18:12:45.623553" elapsed="0.000000"/>
</kw>
<kw name="Post Request" owner="RequestsLibrary">
<msg time="2024-05-25T18:12:45.623553" level="WARN">Keyword 'RequestsLibrary.Post Request' is deprecated. Please use `POST On Session` instead.</msg>
<msg time="2024-05-25T18:12:46.357682" level="INFO">POST Request : url=https://reqres.in/api/users 
 path_url=/api/users 
 headers={'User-Agent': 'python-requests/2.31.0', 'Accept-Encoding': 'gzip, deflate', 'Accept': '*/*', 'Connection': 'keep-alive', 'Content-Length': '44', 'Content-Type': 'application/json'} 
 body=b'{"name": "Shiva", "job": "Incident Manager"}' 
 </msg>
<msg time="2024-05-25T18:12:46.369216" level="INFO">POST Response : url=https://reqres.in/api/users 
 status=201, reason=Created 
 headers={'Date': 'Sat, 25 May 2024 12:42:45 GMT', 'Content-Type': 'application/json; charset=utf-8', 'Content-Length': '91', 'Connection': 'keep-alive', 'Report-To': '{"group":"heroku-nel","max_age":3600,"endpoints":[{"url":"https://nel.heroku.com/reports?ts=1716640965&amp;sid=c4c9725f-1ab0-44d8-820f-430df2718e11&amp;s=PR0maADV5rNLs9W7N7KhXbBdZgYe6qrBboAgyQilnF0%3D"}]}', 'Reporting-Endpoints': 'heroku-nel=https://nel.heroku.com/reports?ts=1716640965&amp;sid=c4c9725f-1ab0-44d8-820f-430df2718e11&amp;s=PR0maADV5rNLs9W7N7KhXbBdZgYe6qrBboAgyQilnF0%3D', 'Nel': '{"report_to":"heroku-nel","max_age":3600,"success_fraction":0.005,"failure_fraction":0.05,"response_headers":["Via"]}', 'X-Powered-By': 'Express', 'Access-Control-Allow-Origin': '*', 'Etag': 'W/"5b-uBxckpNJWh0hZugAbrq2Hxsm828"', 'Via': '1.1 vegur', 'CF-Cache-Status': 'DYNAMIC', 'Server': 'cloudflare', 'CF-RAY': '88959b713fc99198-DEL'} 
 body={"name":"Shiva","job":"Incident Manager","id":"930","createdAt":"2024-05-25T12:42:45.540Z"} 
 </msg>
<msg time="2024-05-25T18:12:46.369216" level="INFO">C:\Python3.12\Lib\site-packages\urllib3\connectionpool.py:1103: InsecureRequestWarning: Unverified HTTPS request is being made to host 'reqres.in'. Adding certificate verification is strongly advised. See: https://urllib3.readthedocs.io/en/latest/advanced-usage.html#tls-warnings
  warnings.warn(</msg>
<msg time="2024-05-25T18:12:46.369216" level="INFO">${Response} = &lt;Response [201]&gt;</msg>
<var>${Response}</var>
<arg>newReq</arg>
<arg>/api/users</arg>
<arg>json=${body}</arg>
<doc>*DEPRECATED* Please use `POST On Session` instead.</doc>
<status status="PASS" start="2024-05-25T18:12:45.623553" elapsed="0.745663"/>
</kw>
<kw name="Should Be Equal As Numbers" owner="BuiltIn">
<msg time="2024-05-25T18:12:46.369216" level="INFO">Argument types are:
&lt;class 'int'&gt;
&lt;class 'str'&gt;</msg>
<arg>${Response.status_code}</arg>
<arg>201</arg>
<doc>Fails if objects are unequal after converting them to real numbers.</doc>
<status status="PASS" start="2024-05-25T18:12:46.369216" elapsed="0.000000"/>
</kw>
<kw name="Log To Console" owner="BuiltIn">
<arg>${Response.content}</arg>
<doc>Logs the given message to the console.</doc>
<status status="PASS" start="2024-05-25T18:12:46.369216" elapsed="0.004527"/>
</kw>
<status status="PASS" start="2024-05-25T18:12:45.623553" elapsed="0.750190"/>
</test>
<test id="s1-t8" name="TC_008_End_to_End_TestCase:" line="86">
<kw name="Create Session" owner="RequestsLibrary">
<msg time="2024-05-25T18:12:46.375552" level="INFO">Creating Session using : alias=ETE, url=https://thetestingworldapi.com/, headers={},                     cookies={}, auth=None, timeout=None, proxies=None, verify=False,                     debug=0 </msg>
<arg>ETE</arg>
<arg>${BASE_URL}</arg>
<doc>Create Session: create a HTTP session to a server</doc>
<status status="PASS" start="2024-05-25T18:12:46.375552" elapsed="0.000000"/>
</kw>
<kw name="Create Dictionary" owner="BuiltIn">
<msg time="2024-05-25T18:12:46.375552" level="INFO">&amp;{headers} = { Content-Type=application/json }</msg>
<var>&amp;{headers}</var>
<arg>Content-Type=application/json</arg>
<doc>Creates and returns a dictionary based on the given ``items``.</doc>
<status status="PASS" start="2024-05-25T18:12:46.375552" elapsed="0.000000"/>
</kw>
<kw name="Create Dictionary" owner="BuiltIn">
<msg time="2024-05-25T18:12:46.375552" level="INFO">&amp;{body} = { first_name=Pradeep | middle_name=Kumar | last_name=Sahani | date_of_birth=02/07/1995 }</msg>
<var>&amp;{body}</var>
<arg>first_name=${first_name}</arg>
<arg>middle_name=Kumar</arg>
<arg>last_name=${last_name}</arg>
<arg>date_of_birth=02/07/1995</arg>
<doc>Creates and returns a dictionary based on the given ``items``.</doc>
<status status="PASS" start="2024-05-25T18:12:46.375552" elapsed="0.000000"/>
</kw>
<kw name="Post Request" owner="RequestsLibrary">
<msg time="2024-05-25T18:12:46.375552" level="WARN">Keyword 'RequestsLibrary.Post Request' is deprecated. Please use `POST On Session` instead.</msg>
<msg time="2024-05-25T18:12:46.822374" level="INFO">POST Request : url=https://thetestingworldapi.com/api/studentsDetails 
 path_url=/api/studentsDetails 
 headers={'User-Agent': 'python-requests/2.31.0', 'Accept-Encoding': 'gzip, deflate', 'Accept': '*/*', 'Connection': 'keep-alive', 'Content-Type': 'application/json', 'Content-Length': '103'} 
 body=b'{"first_name": "Pradeep", "middle_name": "Kumar", "last_name": "Sahani", "date_of_birth": "02/07/1995"}' 
 </msg>
<msg time="2024-05-25T18:12:46.822374" level="INFO">POST Response : url=https://thetestingworldapi.com/api/studentsDetails 
 status=201, reason=Created 
 headers={'Cache-Control': 'no-cache', 'Pragma': 'no-cache', 'Content-Type': 'application/json; charset=utf-8', 'Expires': '-1', 'Location': 'https://thetestingworldapi.com/api/studentsDetails/10281580', 'Server': 'Microsoft-IIS/10.0', 'X-AspNet-Version': '4.0.30319', 'X-Powered-By': 'ASP.NET', 'X-Powered-By-Plesk': 'PleskWin', 'Date': 'Sat, 25 May 2024 12:42:46 GMT', 'Content-Length': '110'} 
 body={"id":10281580,"first_name":"Pradeep","middle_name":"Kumar","last_name":"Sahani","date_of_birth":"02/07/1995"} 
 </msg>
<msg time="2024-05-25T18:12:46.822374" level="INFO">C:\Python3.12\Lib\site-packages\urllib3\connectionpool.py:1103: InsecureRequestWarning: Unverified HTTPS request is being made to host 'thetestingworldapi.com'. Adding certificate verification is strongly advised. See: https://urllib3.readthedocs.io/en/latest/advanced-usage.html#tls-warnings
  warnings.warn(</msg>
<msg time="2024-05-25T18:12:46.822374" level="INFO">${post_response} = &lt;Response [201]&gt;</msg>
<var>${post_response}</var>
<arg>ETE</arg>
<arg>api/studentsDetails</arg>
<arg>headers=${headers}</arg>
<arg>json=${body}</arg>
<doc>*DEPRECATED* Please use `POST On Session` instead.</doc>
<status status="PASS" start="2024-05-25T18:12:46.375552" elapsed="0.446822"/>
</kw>
<kw name="To Json" owner="RequestsLibrary">
<msg time="2024-05-25T18:12:46.822374" level="WARN">Keyword 'RequestsLibrary.To Json' is deprecated. Please use ${resp.json()} instead. Have a look at the improved HTML output as pretty printing replacement.</msg>
<msg time="2024-05-25T18:12:46.832831" level="INFO">To JSON using : content={"id":10281580,"first_name":"Pradeep","middle_name":"Kumar","last_name":"Sahani","date_of_birth":"02/07/1995"} </msg>
<msg time="2024-05-25T18:12:46.832831" level="INFO">To JSON using : pretty_print=False </msg>
<msg time="2024-05-25T18:12:46.832831" level="INFO">${json_response} = {'id': 10281580, 'first_name': 'Pradeep', 'middle_name': 'Kumar', 'last_name': 'Sahani', 'date_of_birth': '02/07/1995'}</msg>
<var>${json_response}</var>
<arg>${post_response.content}</arg>
<doc>*DEPRECATED* Please use ${resp.json()} instead. Have a look at the improved HTML output as pretty printing replacement.</doc>
<status status="PASS" start="2024-05-25T18:12:46.822374" elapsed="0.010457"/>
</kw>
<kw name="Get Value From Json" owner="JSONLibrary">
<msg time="2024-05-25T18:12:46.838127" level="INFO">@{id_list} = [ 10281580 ]</msg>
<var>@{id_list}</var>
<arg>${json_response}</arg>
<arg>id</arg>
<doc>Get Value From JSON using JSONPath</doc>
<status status="PASS" start="2024-05-25T18:12:46.832831" elapsed="0.005296"/>
</kw>
<kw name="Get From List" owner="Collections">
<msg time="2024-05-25T18:12:46.838127" level="INFO">${id} = 10281580</msg>
<var>${id}</var>
<arg>${id_list}</arg>
<arg>0</arg>
<doc>Returns the value specified with an ``index`` from ``list``.</doc>
<status status="PASS" start="2024-05-25T18:12:46.838127" elapsed="0.000000"/>
</kw>
<kw name="Create Dictionary" owner="BuiltIn">
<msg time="2024-05-25T18:12:46.849779" level="INFO">&amp;{body1} = { id=10281580 | first_name=Neel | middle_name=Kanth | last_name=vairagi | date_of_birth=02/07/1995 }</msg>
<var>&amp;{body1}</var>
<arg>id=${id}</arg>
<arg>first_name=Neel</arg>
<arg>middle_name=Kanth</arg>
<arg>last_name=vairagi</arg>
<arg>date_of_birth=02/07/1995</arg>
<doc>Creates and returns a dictionary based on the given ``items``.</doc>
<status status="PASS" start="2024-05-25T18:12:46.849779" elapsed="0.000000"/>
</kw>
<kw name="Put Request" owner="RequestsLibrary">
<msg time="2024-05-25T18:12:46.851608" level="WARN">Keyword 'RequestsLibrary.Put Request' is deprecated. Please use `PUT On Session` instead.</msg>
<msg time="2024-05-25T18:12:46.962712" level="INFO">PUT Request : url=https://thetestingworldapi.com/api/studentsDetails/10281580 
 path_url=/api/studentsDetails/10281580 
 headers={'User-Agent': 'python-requests/2.31.0', 'Accept-Encoding': 'gzip, deflate', 'Accept': '*/*', 'Connection': 'keep-alive', 'Content-Type': 'application/json', 'Content-Length': '117'} 
 body={"id": 10281580, "first_name": "Neel", "middle_name": "Kanth", "last_name": "vairagi", "date_of_birth": "02/07/1995"} 
 </msg>
<msg time="2024-05-25T18:12:46.962712" level="INFO">PUT Response : url=https://thetestingworldapi.com/api/studentsDetails/10281580 
 status=200, reason=OK 
 headers={'Cache-Control': 'no-cache', 'Pragma': 'no-cache', 'Content-Type': 'application/json; charset=utf-8', 'Expires': '-1', 'Server': 'Microsoft-IIS/10.0', 'X-AspNet-Version': '4.0.30319', 'X-Powered-By': 'ASP.NET', 'X-Powered-By-Plesk': 'PleskWin', 'Date': 'Sat, 25 May 2024 12:42:46 GMT', 'Content-Length': '46'} 
 body={"status":"true","msg":"update  data success"} 
 </msg>
<msg time="2024-05-25T18:12:46.962712" level="INFO">C:\Python3.12\Lib\site-packages\urllib3\connectionpool.py:1103: InsecureRequestWarning: Unverified HTTPS request is being made to host 'thetestingworldapi.com'. Adding certificate verification is strongly advised. See: https://urllib3.readthedocs.io/en/latest/advanced-usage.html#tls-warnings
  warnings.warn(</msg>
<msg time="2024-05-25T18:12:46.962712" level="INFO">${put_response} = &lt;Response [200]&gt;</msg>
<var>${put_response}</var>
<arg>ETE</arg>
<arg>api/studentsDetails/${id}</arg>
<arg>headers=${headers}</arg>
<arg>data=${body1}</arg>
<doc>*DEPRECATED* Please use `PUT On Session` instead.</doc>
<status status="PASS" start="2024-05-25T18:12:46.851608" elapsed="0.111104"/>
</kw>
<kw name="To Json" owner="RequestsLibrary">
<msg time="2024-05-25T18:12:46.970241" level="WARN">Keyword 'RequestsLibrary.To Json' is deprecated. Please use ${resp.json()} instead. Have a look at the improved HTML output as pretty printing replacement.</msg>
<msg time="2024-05-25T18:12:46.972585" level="INFO">To JSON using : content={"status":"true","msg":"update  data success"} </msg>
<msg time="2024-05-25T18:12:46.972585" level="INFO">To JSON using : pretty_print=False </msg>
<msg time="2024-05-25T18:12:46.972585" level="INFO">${json_put_response} = {'status': 'true', 'msg': 'update  data success'}</msg>
<var>${json_put_response}</var>
<arg>${put_response.content}</arg>
<doc>*DEPRECATED* Please use ${resp.json()} instead. Have a look at the improved HTML output as pretty printing replacement.</doc>
<status status="PASS" start="2024-05-25T18:12:46.970241" elapsed="0.002344"/>
</kw>
<kw name="Get Value From Json" owner="JSONLibrary">
<msg time="2024-05-25T18:12:46.994302" level="INFO">@{status_list} = [ true ]</msg>
<var>@{status_list}</var>
<arg>${json_put_response}</arg>
<arg>status</arg>
<doc>Get Value From JSON using JSONPath</doc>
<status status="PASS" start="2024-05-25T18:12:46.972585" elapsed="0.021717"/>
</kw>
<kw name="Get From List" owner="Collections">
<msg time="2024-05-25T18:12:46.994302" level="INFO">${status} = true</msg>
<var>${status}</var>
<arg>${status_list}</arg>
<arg>0</arg>
<doc>Returns the value specified with an ``index`` from ``list``.</doc>
<status status="PASS" start="2024-05-25T18:12:46.994302" elapsed="0.000000"/>
</kw>
<kw name="Should Be Equal As Numbers" owner="BuiltIn">
<msg time="2024-05-25T18:12:46.994302" level="INFO">Argument types are:
&lt;class 'int'&gt;
&lt;class 'str'&gt;</msg>
<arg>${put_response.status_code}</arg>
<arg>200</arg>
<doc>Fails if objects are unequal after converting them to real numbers.</doc>
<status status="PASS" start="2024-05-25T18:12:46.994302" elapsed="0.000000"/>
</kw>
<kw name="Should Be Equal As Strings" owner="BuiltIn">
<arg>${status}</arg>
<arg>true</arg>
<doc>Fails if objects are unequal after converting them to strings.</doc>
<status status="PASS" start="2024-05-25T18:12:47.001628" elapsed="0.000000"/>
</kw>
<kw name="Fetch Details and Validate" owner="Resource">
<kw name="Create Session" owner="RequestsLibrary">
<msg time="2024-05-25T18:12:47.002660" level="INFO">Creating Session using : alias=SName, url=https://thetestingworldapi.com/, headers={},                     cookies={}, auth=None, timeout=None, proxies=None, verify=False,                     debug=0 </msg>
<arg>SName</arg>
<arg>${url}</arg>
<doc>Create Session: create a HTTP session to a server</doc>
<status status="PASS" start="2024-05-25T18:12:47.002660" elapsed="0.000000"/>
</kw>
<kw name="GET On Session" owner="RequestsLibrary">
<msg time="2024-05-25T18:12:47.427361" level="INFO">GET Request : url=https://thetestingworldapi.com/api/studentsDetails/10281580 
 path_url=/api/studentsDetails/10281580 
 headers={'User-Agent': 'python-requests/2.31.0', 'Accept-Encoding': 'gzip, deflate', 'Accept': '*/*', 'Connection': 'keep-alive'} 
 body=None 
 </msg>
<msg time="2024-05-25T18:12:47.427361" level="INFO">GET Response : url=https://thetestingworldapi.com/api/studentsDetails/10281580 
 status=200, reason=OK 
 headers={'Cache-Control': 'no-cache', 'Pragma': 'no-cache', 'Content-Type': 'application/json; charset=utf-8', 'Expires': '-1', 'Server': 'Microsoft-IIS/10.0', 'X-AspNet-Version': '4.0.30319', 'X-Powered-By': 'ASP.NET', 'X-Powered-By-Plesk': 'PleskWin', 'Date': 'Sat, 25 May 2024 12:42:46 GMT', 'Content-Length': '133'} 
 body={"status":"true","data":{"id":10281580,"first_name":"Neel","middle_name":"Kanth","last_name":"vairagi","date_of_birth":"02/07/1995"}} 
 </msg>
<msg time="2024-05-25T18:12:47.427361" level="INFO">C:\Python3.12\Lib\site-packages\urllib3\connectionpool.py:1103: InsecureRequestWarning: Unverified HTTPS request is being made to host 'thetestingworldapi.com'. Adding certificate verification is strongly advised. See: https://urllib3.readthedocs.io/en/latest/advanced-usage.html#tls-warnings
  warnings.warn(</msg>
<msg time="2024-05-25T18:12:47.427361" level="INFO">${get_request} = &lt;Response [200]&gt;</msg>
<var>${get_request}</var>
<arg>SName</arg>
<arg>/api/studentsDetails/${Id}</arg>
<doc>Sends a GET request on a previously created HTTP Session.</doc>
<status status="PASS" start="2024-05-25T18:12:47.002660" elapsed="0.424701"/>
</kw>
<kw name="To Json" owner="RequestsLibrary">
<msg time="2024-05-25T18:12:47.427361" level="WARN">Keyword 'RequestsLibrary.To Json' is deprecated. Please use ${resp.json()} instead. Have a look at the improved HTML output as pretty printing replacement.</msg>
<msg time="2024-05-25T18:12:47.427361" level="INFO">To JSON using : content={"status":"true","data":{"id":10281580,"first_name":"Neel","middle_name":"Kanth","last_name":"vairagi","date_of_birth":"02/07/1995"}} </msg>
<msg time="2024-05-25T18:12:47.427361" level="INFO">To JSON using : pretty_print=False </msg>
<msg time="2024-05-25T18:12:47.427361" level="INFO">${json_response} = {'status': 'true', 'data': {'id': 10281580, 'first_name': 'Neel', 'middle_name': 'Kanth', 'last_name': 'vairagi', 'date_of_birth': '02/07/1995'}}</msg>
<var>${json_response}</var>
<arg>${get_request.content}</arg>
<doc>*DEPRECATED* Please use ${resp.json()} instead. Have a look at the improved HTML output as pretty printing replacement.</doc>
<status status="PASS" start="2024-05-25T18:12:47.427361" elapsed="0.000000"/>
</kw>
<kw name="Get Value From Json" owner="JSONLibrary">
<msg time="2024-05-25T18:12:47.442308" level="INFO">@{L_f_name} = [ Neel ]</msg>
<var>@{L_f_name}</var>
<arg>${json_response}</arg>
<arg>data.first_name</arg>
<doc>Get Value From JSON using JSONPath</doc>
<status status="PASS" start="2024-05-25T18:12:47.439339" elapsed="0.002969"/>
</kw>
<kw name="Get From List" owner="Collections">
<msg time="2024-05-25T18:12:47.442308" level="INFO">${first_name} = Neel</msg>
<var>${first_name}</var>
<arg>${L_f_name}</arg>
<arg>0</arg>
<doc>Returns the value specified with an ``index`` from ``list``.</doc>
<status status="PASS" start="2024-05-25T18:12:47.442308" elapsed="0.000000"/>
</kw>
<kw name="Get Value From Json" owner="JSONLibrary">
<msg time="2024-05-25T18:12:47.460186" level="INFO">@{l_name_list} = [ vairagi ]</msg>
<var>@{l_name_list}</var>
<arg>${json_response}</arg>
<arg>data.last_name</arg>
<doc>Get Value From JSON using JSONPath</doc>
<status status="PASS" start="2024-05-25T18:12:47.442308" elapsed="0.017878"/>
</kw>
<kw name="Get From List" owner="Collections">
<msg time="2024-05-25T18:12:47.460186" level="INFO">${last_name} = vairagi</msg>
<var>${last_name}</var>
<arg>${l_name_list}</arg>
<arg>0</arg>
<doc>Returns the value specified with an ``index`` from ``list``.</doc>
<status status="PASS" start="2024-05-25T18:12:47.460186" elapsed="0.000000"/>
</kw>
<kw name="Should Be Equal" owner="BuiltIn">
<arg>${first_name}</arg>
<arg>${expectedValue}</arg>
<doc>Fails if the given objects are unequal.</doc>
<status status="PASS" start="2024-05-25T18:12:47.460186" elapsed="0.000000"/>
</kw>
<arg>${Base_URL}</arg>
<arg>${id}</arg>
<arg>Neel</arg>
<status status="PASS" start="2024-05-25T18:12:47.002660" elapsed="0.464089"/>
</kw>
<kw name="Fetch and Validate Delete Request" owner="Resource">
<kw name="Create Session" owner="RequestsLibrary">
<msg time="2024-05-25T18:12:47.466749" level="INFO">Creating Session using : alias=SName, url=https://thetestingworldapi.com/, headers={},                     cookies={}, auth=None, timeout=None, proxies=None, verify=False,                     debug=0 </msg>
<arg>SName</arg>
<arg>${url}</arg>
<doc>Create Session: create a HTTP session to a server</doc>
<status status="PASS" start="2024-05-25T18:12:47.466749" elapsed="0.000000"/>
</kw>
<kw name="Delete Request" owner="RequestsLibrary">
<msg time="2024-05-25T18:12:47.467893" level="WARN">Keyword 'RequestsLibrary.Delete Request' is deprecated. Please use `DELETE On Session` instead.</msg>
<msg time="2024-05-25T18:12:47.905836" level="INFO">DELETE Request : url=https://thetestingworldapi.com/api/studentsDetails/10281580 
 path_url=/api/studentsDetails/10281580 
 headers={'User-Agent': 'python-requests/2.31.0', 'Accept-Encoding': 'gzip, deflate', 'Accept': '*/*', 'Connection': 'keep-alive', 'Content-Length': '0'} 
 body=None 
 </msg>
<msg time="2024-05-25T18:12:47.905836" level="INFO">DELETE Response : url=https://thetestingworldapi.com/api/studentsDetails/10281580 
 status=200, reason=OK 
 headers={'Cache-Control': 'no-cache', 'Pragma': 'no-cache', 'Content-Type': 'application/json; charset=utf-8', 'Expires': '-1', 'Server': 'Microsoft-IIS/10.0', 'X-AspNet-Version': '4.0.30319', 'X-Powered-By': 'ASP.NET', 'X-Powered-By-Plesk': 'PleskWin', 'Date': 'Sat, 25 May 2024 12:42:47 GMT', 'Content-Length': '46'} 
 body={"status":"true","msg":"Delete  data success"} 
 </msg>
<msg time="2024-05-25T18:12:47.905836" level="INFO">C:\Python3.12\Lib\site-packages\urllib3\connectionpool.py:1103: InsecureRequestWarning: Unverified HTTPS request is being made to host 'thetestingworldapi.com'. Adding certificate verification is strongly advised. See: https://urllib3.readthedocs.io/en/latest/advanced-usage.html#tls-warnings
  warnings.warn(</msg>
<msg time="2024-05-25T18:12:47.905836" level="INFO">${Response} = &lt;Response [200]&gt;</msg>
<var>${Response}</var>
<arg>SName</arg>
<arg>${relativePath}</arg>
<doc>*DEPRECATED* Please use `DELETE On Session` instead.</doc>
<status status="PASS" start="2024-05-25T18:12:47.467893" elapsed="0.437943"/>
</kw>
<kw name="Log To Console" owner="BuiltIn">
<arg>${Response.status_code}</arg>
<doc>Logs the given message to the console.</doc>
<status status="PASS" start="2024-05-25T18:12:47.919365" elapsed="0.001258"/>
</kw>
<kw name="Should Be Equal As Numbers" owner="BuiltIn">
<msg time="2024-05-25T18:12:47.921131" level="INFO">Argument types are:
&lt;class 'int'&gt;
&lt;class 'str'&gt;</msg>
<arg>${Response.status_code}</arg>
<arg>${expectedValue}</arg>
<doc>Fails if objects are unequal after converting them to real numbers.</doc>
<status status="PASS" start="2024-05-25T18:12:47.921131" elapsed="0.000000"/>
</kw>
<arg>${Base_URL}</arg>
<arg>/api/studentsDetails/${id}</arg>
<arg>200</arg>
<status status="PASS" start="2024-05-25T18:12:47.466749" elapsed="0.454382"/>
</kw>
<kw name="GET On Session" owner="RequestsLibrary">
<msg time="2024-05-25T18:12:48.024708" level="INFO">GET Request : url=https://thetestingworldapi.com/api/studentsDetails/10281580 
 path_url=/api/studentsDetails/10281580 
 headers={'User-Agent': 'python-requests/2.31.0', 'Accept-Encoding': 'gzip, deflate', 'Accept': '*/*', 'Connection': 'keep-alive'} 
 body=None 
 </msg>
<msg time="2024-05-25T18:12:48.024708" level="INFO">GET Response : url=https://thetestingworldapi.com/api/studentsDetails/10281580 
 status=200, reason=OK 
 headers={'Cache-Control': 'no-cache', 'Pragma': 'no-cache', 'Content-Type': 'application/json; charset=utf-8', 'Expires': '-1', 'Server': 'Microsoft-IIS/10.0', 'X-AspNet-Version': '4.0.30319', 'X-Powered-By': 'ASP.NET', 'X-Powered-By-Plesk': 'PleskWin', 'Date': 'Sat, 25 May 2024 12:42:47 GMT', 'Content-Length': '40'} 
 body={"status":"false","msg":"No data Found"} 
 </msg>
<msg time="2024-05-25T18:12:48.024708" level="INFO">C:\Python3.12\Lib\site-packages\urllib3\connectionpool.py:1103: InsecureRequestWarning: Unverified HTTPS request is being made to host 'thetestingworldapi.com'. Adding certificate verification is strongly advised. See: https://urllib3.readthedocs.io/en/latest/advanced-usage.html#tls-warnings
  warnings.warn(</msg>
<msg time="2024-05-25T18:12:48.024708" level="INFO">${get_deleted_request} = &lt;Response [200]&gt;</msg>
<var>${get_deleted_request}</var>
<arg>ETE</arg>
<arg>/api/studentsDetails/${id}</arg>
<doc>Sends a GET request on a previously created HTTP Session.</doc>
<status status="PASS" start="2024-05-25T18:12:47.921131" elapsed="0.103577"/>
</kw>
<kw name="Log To Console" owner="BuiltIn">
<arg>${get_deleted_request.content}</arg>
<doc>Logs the given message to the console.</doc>
<status status="PASS" start="2024-05-25T18:12:48.024708" elapsed="0.005037"/>
</kw>
<kw name="To Json" owner="RequestsLibrary">
<msg time="2024-05-25T18:12:48.030716" level="WARN">Keyword 'RequestsLibrary.To Json' is deprecated. Please use ${resp.json()} instead. Have a look at the improved HTML output as pretty printing replacement.</msg>
<msg time="2024-05-25T18:12:48.031233" level="INFO">To JSON using : content={"status":"false","msg":"No data Found"} </msg>
<msg time="2024-05-25T18:12:48.031233" level="INFO">To JSON using : pretty_print=False </msg>
<msg time="2024-05-25T18:12:48.031233" level="INFO">${json_deleted_response} = {'status': 'false', 'msg': 'No data Found'}</msg>
<var>${json_deleted_response}</var>
<arg>${get_deleted_request.content}</arg>
<doc>*DEPRECATED* Please use ${resp.json()} instead. Have a look at the improved HTML output as pretty printing replacement.</doc>
<status status="PASS" start="2024-05-25T18:12:48.030716" elapsed="0.000517"/>
</kw>
<kw name="Get Value From Json" owner="JSONLibrary">
<msg time="2024-05-25T18:12:48.038188" level="INFO">@{delete_status_list} = [ false ]</msg>
<var>@{delete_status_list}</var>
<arg>${json_deleted_response}</arg>
<arg>status</arg>
<doc>Get Value From JSON using JSONPath</doc>
<status status="PASS" start="2024-05-25T18:12:48.032639" elapsed="0.005549"/>
</kw>
<kw name="Get From List" owner="Collections">
<msg time="2024-05-25T18:12:48.046942" level="INFO">${delete_status} = false</msg>
<var>${delete_status}</var>
<arg>${delete_status_list}</arg>
<arg>0</arg>
<doc>Returns the value specified with an ``index`` from ``list``.</doc>
<status status="PASS" start="2024-05-25T18:12:48.046942" elapsed="0.000000"/>
</kw>
<kw name="Should Be Equal As Strings" owner="BuiltIn">
<arg>${delete_status}</arg>
<arg>false</arg>
<doc>Fails if objects are unequal after converting them to strings.</doc>
<status status="PASS" start="2024-05-25T18:12:48.048135" elapsed="0.000000"/>
</kw>
<status status="PASS" start="2024-05-25T18:12:46.375552" elapsed="1.672583"/>
</test>
<status status="PASS" start="2024-05-25T18:12:42.547046" elapsed="5.503080"/>
</suite>
<statistics>
<total>
<stat pass="8" fail="0" skip="0">All Tests</stat>
</total>
<tag>
</tag>
<suite>
<stat pass="8" fail="0" skip="0" id="s1" name="TC Validation">TC Validation</stat>
</suite>
</statistics>
<errors>
<msg time="2024-05-25T18:12:42.674687" level="WARN">Keyword 'RequestsLibrary.Get Request' is deprecated. Please use `GET On Session` instead.</msg>
<msg time="2024-05-25T18:12:42.943750" level="WARN">Keyword 'RequestsLibrary.Get Request' is deprecated. Please use `GET On Session` instead.</msg>
<msg time="2024-05-25T18:12:43.182475" level="WARN">Keyword 'RequestsLibrary.Get Request' is deprecated. Please use `GET On Session` instead.</msg>
<msg time="2024-05-25T18:12:43.575877" level="WARN">Keyword 'RequestsLibrary.To Json' is deprecated. Please use ${resp.json()} instead. Have a look at the improved HTML output as pretty printing replacement.</msg>
<msg time="2024-05-25T18:12:43.607151" level="WARN">Keyword 'RequestsLibrary.Delete Request' is deprecated. Please use `DELETE On Session` instead.</msg>
<msg time="2024-05-25T18:12:44.458445" level="WARN">Keyword 'RequestsLibrary.Post Request' is deprecated. Please use `POST On Session` instead.</msg>
<msg time="2024-05-25T18:12:45.098452" level="WARN">Keyword 'RequestsLibrary.Put Request' is deprecated. Please use `PUT On Session` instead.</msg>
<msg time="2024-05-25T18:12:45.623553" level="WARN">Keyword 'RequestsLibrary.Post Request' is deprecated. Please use `POST On Session` instead.</msg>
<msg time="2024-05-25T18:12:46.375552" level="WARN">Keyword 'RequestsLibrary.Post Request' is deprecated. Please use `POST On Session` instead.</msg>
<msg time="2024-05-25T18:12:46.822374" level="WARN">Keyword 'RequestsLibrary.To Json' is deprecated. Please use ${resp.json()} instead. Have a look at the improved HTML output as pretty printing replacement.</msg>
<msg time="2024-05-25T18:12:46.851608" level="WARN">Keyword 'RequestsLibrary.Put Request' is deprecated. Please use `PUT On Session` instead.</msg>
<msg time="2024-05-25T18:12:46.970241" level="WARN">Keyword 'RequestsLibrary.To Json' is deprecated. Please use ${resp.json()} instead. Have a look at the improved HTML output as pretty printing replacement.</msg>
<msg time="2024-05-25T18:12:47.427361" level="WARN">Keyword 'RequestsLibrary.To Json' is deprecated. Please use ${resp.json()} instead. Have a look at the improved HTML output as pretty printing replacement.</msg>
<msg time="2024-05-25T18:12:47.467893" level="WARN">Keyword 'RequestsLibrary.Delete Request' is deprecated. Please use `DELETE On Session` instead.</msg>
<msg time="2024-05-25T18:12:48.030716" level="WARN">Keyword 'RequestsLibrary.To Json' is deprecated. Please use ${resp.json()} instead. Have a look at the improved HTML output as pretty printing replacement.</msg>
</errors>
</robot>
