<?xml version="1.0" encoding="UTF-8"?>
<robot generator="Robot 7.0 (Python 3.12.2 on win32)" generated="2024-05-25T18:58:34.762950" rpa="false" schemaversion="5">
<suite id="s1" name="TC Validation" source="C:\Users\prade\PycharmProjects\RobotApiAutomation\TC_Validation.robot">
<test id="s1-t1" name="TC_001_List_All_User_Request" line="15">
<kw name="Fetch and Validate Get Status Code" owner="Resource">
<kw name="Create Session" owner="RequestsLibrary">
<msg time="2024-05-25T18:58:34.935942" level="INFO">Creating Session using : alias=SName, url=https://reqres.in/, headers={},                     cookies={}, auth=None, timeout=None, proxies=None, verify=False,                     debug=0 </msg>
<arg>SName</arg>
<arg>${url}</arg>
<doc>Create Session: create a HTTP session to a server</doc>
<status status="PASS" start="2024-05-25T18:58:34.935942" elapsed="0.000000"/>
</kw>
<kw name="Get Request" owner="RequestsLibrary">
<msg time="2024-05-25T18:58:34.935942" level="WARN">Keyword 'RequestsLibrary.Get Request' is deprecated. Please use `GET On Session` instead.</msg>
<msg time="2024-05-25T18:58:35.287556" level="INFO">GET Request : url=https://reqres.in/api/users?page=2 
 path_url=/api/users?page=2 
 headers={'User-Agent': 'python-requests/2.31.0', 'Accept-Encoding': 'gzip, deflate', 'Accept': '*/*', 'Connection': 'keep-alive'} 
 body=None 
 </msg>
<msg time="2024-05-25T18:58:35.288062" level="INFO">GET Response : url=https://reqres.in/api/users?page=2 
 status=200, reason=OK 
 headers={'Date': 'Sat, 25 May 2024 13:28:34 GMT', 'Content-Type': 'application/json; charset=utf-8', 'Transfer-Encoding': 'chunked', 'Connection': 'keep-alive', 'Report-To': '{"group":"heroku-nel","max_age":3600,"endpoints":[{"url":"https://nel.heroku.com/reports?ts=1716520162&amp;sid=c4c9725f-1ab0-44d8-820f-430df2718e11&amp;s=zCSq54kyyYLkia1be6xmlSIuGWf1emQ3Buu3qI8OXSw%3D"}]}', 'Reporting-Endpoints': 'heroku-nel=https://nel.heroku.com/reports?ts=1716520162&amp;sid=c4c9725f-1ab0-44d8-820f-430df2718e11&amp;s=zCSq54kyyYLkia1be6xmlSIuGWf1emQ3Buu3qI8OXSw%3D', 'Nel': '{"report_to":"heroku-nel","max_age":3600,"success_fraction":0.005,"failure_fraction":0.05,"response_headers":["Via"]}', 'X-Powered-By': 'Express', 'Access-Control-Allow-Origin': '*', 'Etag': 'W/"406-ut0vzoCuidvyMf8arZpMpJ6ZRDw"', 'Via': '1.1 vegur', 'Cache-Control': 'max-age=14400', 'CF-Cache-Status': 'HIT', 'Age': '4954', 'Vary': 'Accept-Encoding', 'Server': 'cloudflare', 'CF-RAY': '8895de90eaaff452-BOM', 'Content-Encoding': 'gzip'} 
 body={"page":2,"per_page":6,"total":12,"total_pages":2,"data":[{"id":7,"email":"michael.lawson@reqres.in","first_name":"Michael","last_name":"Lawson","avatar":"https://reqres.in/img/faces/7-image.jpg"},{"id":8,"email":"lindsay.ferguson@reqres.in","first_name":"Lindsay","last_name":"Ferguson","avatar":"https://reqres.in/img/faces/8-image.jpg"},{"id":9,"email":"tobias.funke@reqres.in","first_name":"Tobias","last_name":"Funke","avatar":"https://reqres.in/img/faces/9-image.jpg"},{"id":10,"email":"byron.fields@reqres.in","first_name":"Byron","last_name":"Fields","avatar":"https://reqres.in/img/faces/10-image.jpg"},{"id":11,"email":"george.edwards@reqres.in","first_name":"George","last_name":"Edwards","avatar":"https://reqres.in/img/faces/11-image.jpg"},{"id":12,"email":"rachel.howell@reqres.in","first_name":"Rachel","last_name":"Howell","avatar":"https://reqres.in/img/faces/12-image.jpg"}],"support":{"url":"https://reqres.in/#support-heading","text":"To keep ReqRes free, contributions towards server costs are appreciated!"}} 
 </msg>
<msg time="2024-05-25T18:58:35.288062" level="INFO">C:\Python3.12\Lib\site-packages\urllib3\connectionpool.py:1103: InsecureRequestWarning: Unverified HTTPS request is being made to host 'reqres.in'. Adding certificate verification is strongly advised. See: https://urllib3.readthedocs.io/en/latest/advanced-usage.html#tls-warnings
  warnings.warn(</msg>
<msg time="2024-05-25T18:58:35.288062" level="INFO">${Response} = &lt;Response [200]&gt;</msg>
<var>${Response}</var>
<arg>SName</arg>
<arg>${relativePath}</arg>
<doc>*DEPRECATED* Please use `GET On Session` instead.</doc>
<status status="PASS" start="2024-05-25T18:58:34.935942" elapsed="0.352120"/>
</kw>
<kw name="Log To Console" owner="BuiltIn">
<arg>${Response.text}</arg>
<doc>Logs the given message to the console.</doc>
<status status="PASS" start="2024-05-25T18:58:35.288062" elapsed="0.000000"/>
</kw>
<kw name="Convert To String" owner="BuiltIn">
<msg time="2024-05-25T18:58:35.288062" level="INFO">${actual_code} = 200</msg>
<var>${actual_code}</var>
<arg>${Response.status_code}</arg>
<doc>Converts the given item to a Unicode string.</doc>
<status status="PASS" start="2024-05-25T18:58:35.288062" elapsed="0.000000"/>
</kw>
<kw name="Should Be Equal" owner="BuiltIn">
<arg>${actual_code}</arg>
<arg>${expectedStatusCode}</arg>
<doc>Fails if the given objects are unequal.</doc>
<status status="PASS" start="2024-05-25T18:58:35.288062" elapsed="0.000000"/>
</kw>
<return>
<value>${Response}</value>
<status status="PASS" start="2024-05-25T18:58:35.288062" elapsed="0.000000"/>
</return>
<arg>${Base_URL2}</arg>
<arg>api/users?page=2</arg>
<arg>200</arg>
<status status="PASS" start="2024-05-25T18:58:34.935942" elapsed="0.352120"/>
</kw>
<status status="PASS" start="2024-05-25T18:58:34.935942" elapsed="0.352120"/>
</test>
<test id="s1-t2" name="TC_002_Fetch_Student_Details_By_Id" line="18">
<kw name="Fetch and Validate Get Status Code" owner="Resource">
<kw name="Create Session" owner="RequestsLibrary">
<msg time="2024-05-25T18:58:35.288062" level="INFO">Creating Session using : alias=SName, url=https://reqres.in/, headers={},                     cookies={}, auth=None, timeout=None, proxies=None, verify=False,                     debug=0 </msg>
<arg>SName</arg>
<arg>${url}</arg>
<doc>Create Session: create a HTTP session to a server</doc>
<status status="PASS" start="2024-05-25T18:58:35.288062" elapsed="0.000000"/>
</kw>
<kw name="Get Request" owner="RequestsLibrary">
<msg time="2024-05-25T18:58:35.288062" level="WARN">Keyword 'RequestsLibrary.Get Request' is deprecated. Please use `GET On Session` instead.</msg>
<msg time="2024-05-25T18:58:35.493896" level="INFO">GET Request : url=https://reqres.in/api/user/2 
 path_url=/api/user/2 
 headers={'User-Agent': 'python-requests/2.31.0', 'Accept-Encoding': 'gzip, deflate', 'Accept': '*/*', 'Connection': 'keep-alive'} 
 body=None 
 </msg>
<msg time="2024-05-25T18:58:35.493896" level="INFO">GET Response : url=https://reqres.in/api/user/2 
 status=200, reason=OK 
 headers={'Date': 'Sat, 25 May 2024 13:28:34 GMT', 'Content-Type': 'application/json; charset=utf-8', 'Transfer-Encoding': 'chunked', 'Connection': 'keep-alive', 'Report-To': '{"group":"heroku-nel","max_age":3600,"endpoints":[{"url":"https://nel.heroku.com/reports?ts=1715741057&amp;sid=c4c9725f-1ab0-44d8-820f-430df2718e11&amp;s=Kru4tb2gXY8G2Mz%2F8VToOvGwxC1d4XxPofI3Ak8Beog%3D"}]}', 'Reporting-Endpoints': 'heroku-nel=https://nel.heroku.com/reports?ts=1715741057&amp;sid=c4c9725f-1ab0-44d8-820f-430df2718e11&amp;s=Kru4tb2gXY8G2Mz%2F8VToOvGwxC1d4XxPofI3Ak8Beog%3D', 'Nel': '{"report_to":"heroku-nel","max_age":3600,"success_fraction":0.005,"failure_fraction":0.05,"response_headers":["Via"]}', 'X-Powered-By': 'Express', 'Access-Control-Allow-Origin': '*', 'Etag': 'W/"e8-ov4wWh4/OY1IMQMqWgskYtOFnVs"', 'Via': '1.1 vegur', 'Cache-Control': 'max-age=14400', 'CF-Cache-Status': 'HIT', 'Age': '570', 'Vary': 'Accept-Encoding', 'Server': 'cloudflare', 'CF-RAY': '8895de9258295957-DEL', 'Content-Encoding': 'gzip'} 
 body={"data":{"id":2,"name":"fuchsia rose","year":2001,"color":"#C74375","pantone_value":"17-2031"},"support":{"url":"https://reqres.in/#support-heading","text":"To keep ReqRes free, contributions towards server costs are appreciated!"}} 
 </msg>
<msg time="2024-05-25T18:58:35.493896" level="INFO">C:\Python3.12\Lib\site-packages\urllib3\connectionpool.py:1103: InsecureRequestWarning: Unverified HTTPS request is being made to host 'reqres.in'. Adding certificate verification is strongly advised. See: https://urllib3.readthedocs.io/en/latest/advanced-usage.html#tls-warnings
  warnings.warn(</msg>
<msg time="2024-05-25T18:58:35.493896" level="INFO">${Response} = &lt;Response [200]&gt;</msg>
<var>${Response}</var>
<arg>SName</arg>
<arg>${relativePath}</arg>
<doc>*DEPRECATED* Please use `GET On Session` instead.</doc>
<status status="PASS" start="2024-05-25T18:58:35.288062" elapsed="0.205834"/>
</kw>
<kw name="Log To Console" owner="BuiltIn">
<arg>${Response.text}</arg>
<doc>Logs the given message to the console.</doc>
<status status="PASS" start="2024-05-25T18:58:35.493896" elapsed="0.000000"/>
</kw>
<kw name="Convert To String" owner="BuiltIn">
<msg time="2024-05-25T18:58:35.493896" level="INFO">${actual_code} = 200</msg>
<var>${actual_code}</var>
<arg>${Response.status_code}</arg>
<doc>Converts the given item to a Unicode string.</doc>
<status status="PASS" start="2024-05-25T18:58:35.493896" elapsed="0.000000"/>
</kw>
<kw name="Should Be Equal" owner="BuiltIn">
<arg>${actual_code}</arg>
<arg>${expectedStatusCode}</arg>
<doc>Fails if the given objects are unequal.</doc>
<status status="PASS" start="2024-05-25T18:58:35.493896" elapsed="0.014525"/>
</kw>
<return>
<value>${Response}</value>
<status status="PASS" start="2024-05-25T18:58:35.508421" elapsed="0.000000"/>
</return>
<arg>${Base_URL2}</arg>
<arg>api/user/2</arg>
<arg>200</arg>
<status status="PASS" start="2024-05-25T18:58:35.288062" elapsed="0.220359"/>
</kw>
<status status="PASS" start="2024-05-25T18:58:35.288062" elapsed="0.220359"/>
</test>
<test id="s1-t3" name="TC_003_Get_With_Param" line="21">
<kw name="Create Session" owner="RequestsLibrary">
<msg time="2024-05-25T18:58:35.508421" level="INFO">Creating Session using : alias=Get_Param, url=https://reqres.in/, headers={},                     cookies={}, auth=None, timeout=None, proxies=None, verify=False,                     debug=0 </msg>
<arg>Get_Param</arg>
<arg>${Base_URL2}</arg>
<doc>Create Session: create a HTTP session to a server</doc>
<status status="PASS" start="2024-05-25T18:58:35.508421" elapsed="0.000000"/>
</kw>
<kw name="Create Dictionary" owner="BuiltIn">
<msg time="2024-05-25T18:58:35.508421" level="INFO">&amp;{param} = { page=1 }</msg>
<var>&amp;{param}</var>
<arg>page=1</arg>
<doc>Creates and returns a dictionary based on the given ``items``.</doc>
<status status="PASS" start="2024-05-25T18:58:35.508421" elapsed="0.000000"/>
</kw>
<kw name="Get Request" owner="RequestsLibrary">
<msg time="2024-05-25T18:58:35.508421" level="WARN">Keyword 'RequestsLibrary.Get Request' is deprecated. Please use `GET On Session` instead.</msg>
<msg time="2024-05-25T18:58:35.720583" level="INFO">GET Request : url=https://reqres.in/api/users%20param=%7B'page':%20'1'%7D 
 path_url=/api/users%20param=%7B'page':%20'1'%7D 
 headers={'User-Agent': 'python-requests/2.31.0', 'Accept-Encoding': 'gzip, deflate', 'Accept': '*/*', 'Connection': 'keep-alive'} 
 body=None 
 </msg>
<msg time="2024-05-25T18:58:35.720583" level="INFO">GET Response : url=https://reqres.in/api/users%20param=%7B'page':%20'1'%7D 
 status=200, reason=OK 
 headers={'Date': 'Sat, 25 May 2024 13:28:35 GMT', 'Content-Type': 'application/json; charset=utf-8', 'Transfer-Encoding': 'chunked', 'Connection': 'keep-alive', 'Report-To': '{"group":"heroku-nel","max_age":3600,"endpoints":[{"url":"https://nel.heroku.com/reports?ts=1716373653&amp;sid=c4c9725f-1ab0-44d8-820f-430df2718e11&amp;s=yAmYaLVFzb2y2AF0dRISbD5ej23kLmGN67ifwV%2Fg1vE%3D"}]}', 'Reporting-Endpoints': 'heroku-nel=https://nel.heroku.com/reports?ts=1716373653&amp;sid=c4c9725f-1ab0-44d8-820f-430df2718e11&amp;s=yAmYaLVFzb2y2AF0dRISbD5ej23kLmGN67ifwV%2Fg1vE%3D', 'Nel': '{"report_to":"heroku-nel","max_age":3600,"success_fraction":0.005,"failure_fraction":0.05,"response_headers":["Via"]}', 'X-Powered-By': 'Express', 'Access-Control-Allow-Origin': '*', 'Etag': 'W/"2c1-N6Rqerxquq2kgQhL51EiSg4x0R8"', 'Via': '1.1 vegur', 'Cache-Control': 'max-age=14400', 'CF-Cache-Status': 'HIT', 'Age': '570', 'Vary': 'Accept-Encoding', 'Server': 'cloudflare', 'CF-RAY': '8895de93afa859a5-DEL', 'Content-Encoding': 'gzip'} 
 body={"page":1,"per_page":6,"total":12,"total_pages":2,"data":[{"id":1,"name":"cerulean","year":2000,"color":"#98B2D1","pantone_value":"15-4020"},{"id":2,"name":"fuchsia rose","year":2001,"color":"#C74375","pantone_value":"17-2031"},{"id":3,"name":"true red","year":2002,"color":"#BF1932","pantone_value":"19-1664"},{"id":4,"name":"aqua sky","year":2003,"color":"#7BC4C4","pantone_value":"14-4811"},{"id":5,"name":"tigerlily","year":2004,"color":"#E2583E","pantone_value":"17-1456"},{"id":6,"name":"blue turquoise","year":2005,"color":"#53B0AE","pantone_value":"15-5217"}],"support":{"url":"https://reqres.in/#support-heading","text":"To keep ReqRes free, contributions towards server costs are appreciated!"}} 
 </msg>
<msg time="2024-05-25T18:58:35.720583" level="INFO">C:\Python3.12\Lib\site-packages\urllib3\connectionpool.py:1103: InsecureRequestWarning: Unverified HTTPS request is being made to host 'reqres.in'. Adding certificate verification is strongly advised. See: https://urllib3.readthedocs.io/en/latest/advanced-usage.html#tls-warnings
  warnings.warn(</msg>
<msg time="2024-05-25T18:58:35.720583" level="INFO">${response} = &lt;Response [200]&gt;</msg>
<var>${response}</var>
<arg>Get_Param</arg>
<arg>/api/users param=${param}</arg>
<doc>*DEPRECATED* Please use `GET On Session` instead.</doc>
<status status="PASS" start="2024-05-25T18:58:35.508421" elapsed="0.212162"/>
</kw>
<kw name="Log To Console" owner="BuiltIn">
<arg>${response.status_code}</arg>
<doc>Logs the given message to the console.</doc>
<status status="PASS" start="2024-05-25T18:58:35.722250" elapsed="0.000000"/>
</kw>
<kw name="Log To Console" owner="BuiltIn">
<arg>${param}</arg>
<doc>Logs the given message to the console.</doc>
<status status="PASS" start="2024-05-25T18:58:35.722250" elapsed="0.000000"/>
</kw>
<kw name="Log To Console" owner="BuiltIn">
<arg>${response.text}</arg>
<doc>Logs the given message to the console.</doc>
<status status="PASS" start="2024-05-25T18:58:35.722250" elapsed="0.000000"/>
</kw>
<kw name="Convert To String" owner="BuiltIn">
<msg time="2024-05-25T18:58:35.722250" level="INFO">${status_code} = 200</msg>
<var>${status_code}</var>
<arg>${response.status_code}</arg>
<doc>Converts the given item to a Unicode string.</doc>
<status status="PASS" start="2024-05-25T18:58:35.722250" elapsed="0.000000"/>
</kw>
<kw name="Should Be Equal" owner="BuiltIn">
<arg>${status_code}</arg>
<arg>200</arg>
<doc>Fails if the given objects are unequal.</doc>
<status status="PASS" start="2024-05-25T18:58:35.722250" elapsed="0.000000"/>
</kw>
<kw name="To Json" owner="RequestsLibrary">
<msg time="2024-05-25T18:58:35.722250" level="WARN">Keyword 'RequestsLibrary.To Json' is deprecated. Please use ${resp.json()} instead. Have a look at the improved HTML output as pretty printing replacement.</msg>
<msg time="2024-05-25T18:58:35.722250" level="INFO">To JSON using : content={"page":1,"per_page":6,"total":12,"total_pages":2,"data":[{"id":1,"name":"cerulean","year":2000,"color":"#98B2D1","pantone_value":"15-4020"},{"id":2,"name":"fuchsia rose","year":2001,"color":"#C74375","pantone_value":"17-2031"},{"id":3,"name":"true red","year":2002,"color":"#BF1932","pantone_value":"19-1664"},{"id":4,"name":"aqua sky","year":2003,"color":"#7BC4C4","pantone_value":"14-4811"},{"id":5,"name":"tigerlily","year":2004,"color":"#E2583E","pantone_value":"17-1456"},{"id":6,"name":"blue turquoise","year":2005,"color":"#53B0AE","pantone_value":"15-5217"}],"support":{"url":"https://reqres.in/#support-heading","text":"To keep ReqRes free, contributions towards server costs are appreciated!"}} </msg>
<msg time="2024-05-25T18:58:35.722250" level="INFO">To JSON using : pretty_print=False </msg>
<msg time="2024-05-25T18:58:35.722250" level="INFO">${JsonResponse} = {'page': 1, 'per_page': 6, 'total': 12, 'total_pages': 2, 'data': [{'id': 1, 'name': 'cerulean', 'year': 2000, 'color': '#98B2D1', 'pantone_value': '15-4020'}, {'id': 2, 'name': 'fuchsia rose', 'year'...</msg>
<var>${JsonResponse}</var>
<arg>${response.content}</arg>
<doc>*DEPRECATED* Please use ${resp.json()} instead. Have a look at the improved HTML output as pretty printing replacement.</doc>
<status status="PASS" start="2024-05-25T18:58:35.722250" elapsed="0.000000"/>
</kw>
<kw name="Get Value From Json" owner="JSONLibrary">
<msg time="2024-05-25T18:58:35.736259" level="INFO">@{name_list} = [ cerulean ]</msg>
<var>@{name_list}</var>
<arg>${JsonResponse}</arg>
<arg>data[0].name</arg>
<doc>Get Value From JSON using JSONPath</doc>
<status status="PASS" start="2024-05-25T18:58:35.722250" elapsed="0.014009"/>
</kw>
<kw name="Log To Console" owner="BuiltIn">
<arg>${name_list}</arg>
<doc>Logs the given message to the console.</doc>
<status status="PASS" start="2024-05-25T18:58:35.736259" elapsed="0.000000"/>
</kw>
<kw name="Get From List" owner="Collections">
<msg time="2024-05-25T18:58:35.736259" level="INFO">${name} = cerulean</msg>
<var>${name}</var>
<arg>${name_list}</arg>
<arg>0</arg>
<doc>Returns the value specified with an ``index`` from ``list``.</doc>
<status status="PASS" start="2024-05-25T18:58:35.736259" elapsed="0.000000"/>
</kw>
<kw name="Log To Console" owner="BuiltIn">
<arg>${name}</arg>
<doc>Logs the given message to the console.</doc>
<status status="PASS" start="2024-05-25T18:58:35.736259" elapsed="0.000000"/>
</kw>
<kw name="Should Not Be Equal" owner="BuiltIn">
<arg>${name}</arg>
<arg>Eve</arg>
<doc>Fails if the given objects are equal.</doc>
<status status="PASS" start="2024-05-25T18:58:35.736259" elapsed="0.000000"/>
</kw>
<status status="PASS" start="2024-05-25T18:58:35.508421" elapsed="0.227838"/>
</test>
<test id="s1-t4" name="TC_004_Validate_Delete_Request" line="39">
<kw name="Fetch and Validate Delete Request" owner="Resource">
<kw name="Create Session" owner="RequestsLibrary">
<msg time="2024-05-25T18:58:35.736259" level="INFO">Creating Session using : alias=SName, url=https://reqres.in/, headers={},                     cookies={}, auth=None, timeout=None, proxies=None, verify=False,                     debug=0 </msg>
<arg>SName</arg>
<arg>${url}</arg>
<doc>Create Session: create a HTTP session to a server</doc>
<status status="PASS" start="2024-05-25T18:58:35.736259" elapsed="0.000000"/>
</kw>
<kw name="Delete Request" owner="RequestsLibrary">
<msg time="2024-05-25T18:58:35.736259" level="WARN">Keyword 'RequestsLibrary.Delete Request' is deprecated. Please use `DELETE On Session` instead.</msg>
<msg time="2024-05-25T18:58:36.545717" level="INFO">DELETE Request : url=https://reqres.in/api/user/2 
 path_url=/api/user/2 
 headers={'User-Agent': 'python-requests/2.31.0', 'Accept-Encoding': 'gzip, deflate', 'Accept': '*/*', 'Connection': 'keep-alive', 'Content-Length': '0'} 
 body=None 
 </msg>
<msg time="2024-05-25T18:58:36.545717" level="INFO">DELETE Response : url=https://reqres.in/api/user/2 
 status=204, reason=No Content 
 headers={'Date': 'Sat, 25 May 2024 13:28:35 GMT', 'Content-Length': '0', 'Connection': 'keep-alive', 'Report-To': '{"group":"heroku-nel","max_age":3600,"endpoints":[{"url":"https://nel.heroku.com/reports?ts=1716643715&amp;sid=c4c9725f-1ab0-44d8-820f-430df2718e11&amp;s=lJbd%2F6srBOqRUU4hPnshFvvsGe%2B6oVPC9h%2Bi4HRv404%3D"}]}', 'Reporting-Endpoints': 'heroku-nel=https://nel.heroku.com/reports?ts=1716643715&amp;sid=c4c9725f-1ab0-44d8-820f-430df2718e11&amp;s=lJbd%2F6srBOqRUU4hPnshFvvsGe%2B6oVPC9h%2Bi4HRv404%3D', 'Nel': '{"report_to":"heroku-nel","max_age":3600,"success_fraction":0.005,"failure_fraction":0.05,"response_headers":["Via"]}', 'X-Powered-By': 'Express', 'Access-Control-Allow-Origin': '*', 'Etag': 'W/"2-vyGp6PvFo4RvsFtPoIWeCReyIC8"', 'Via': '1.1 vegur', 'CF-Cache-Status': 'DYNAMIC', 'Server': 'cloudflare', 'CF-RAY': '8895de954da654e9-DEL'} 
 body=None 
 </msg>
<msg time="2024-05-25T18:58:36.545717" level="INFO">C:\Python3.12\Lib\site-packages\urllib3\connectionpool.py:1103: InsecureRequestWarning: Unverified HTTPS request is being made to host 'reqres.in'. Adding certificate verification is strongly advised. See: https://urllib3.readthedocs.io/en/latest/advanced-usage.html#tls-warnings
  warnings.warn(</msg>
<msg time="2024-05-25T18:58:36.545717" level="INFO">${Response} = &lt;Response [204]&gt;</msg>
<var>${Response}</var>
<arg>SName</arg>
<arg>${relativePath}</arg>
<doc>*DEPRECATED* Please use `DELETE On Session` instead.</doc>
<status status="PASS" start="2024-05-25T18:58:35.736259" elapsed="0.809458"/>
</kw>
<kw name="Log To Console" owner="BuiltIn">
<arg>${Response.status_code}</arg>
<doc>Logs the given message to the console.</doc>
<status status="PASS" start="2024-05-25T18:58:36.545717" elapsed="0.000000"/>
</kw>
<kw name="Should Be Equal As Numbers" owner="BuiltIn">
<msg time="2024-05-25T18:58:36.561353" level="INFO">Argument types are:
&lt;class 'int'&gt;
&lt;class 'str'&gt;</msg>
<arg>${Response.status_code}</arg>
<arg>${expectedValue}</arg>
<doc>Fails if objects are unequal after converting them to real numbers.</doc>
<status status="PASS" start="2024-05-25T18:58:36.561353" elapsed="0.000000"/>
</kw>
<arg>${Base_URL2}</arg>
<arg>api/user/2</arg>
<arg>204</arg>
<status status="PASS" start="2024-05-25T18:58:35.736259" elapsed="0.825094"/>
</kw>
<status status="PASS" start="2024-05-25T18:58:35.736259" elapsed="0.825094"/>
</test>
<test id="s1-t5" name="TC_005_PostRequest:" line="43">
<kw name="Create Session" owner="RequestsLibrary">
<msg time="2024-05-25T18:58:36.565554" level="INFO">Creating Session using : alias=postReq, url=https://reqres.in/, headers={},                     cookies={}, auth=None, timeout=None, proxies=None, verify=False,                     debug=0 </msg>
<arg>postReq</arg>
<arg>${Base_URL2}</arg>
<doc>Create Session: create a HTTP session to a server</doc>
<status status="PASS" start="2024-05-25T18:58:36.565554" elapsed="0.000000"/>
</kw>
<kw name="Create Dictionary" owner="BuiltIn">
<msg time="2024-05-25T18:58:36.565554" level="INFO">${body} = {'name': 'Pradeep', 'job': 'Automation Engineer'}</msg>
<var>${body}</var>
<arg>name=Pradeep</arg>
<arg>job=Automation Engineer</arg>
<doc>Creates and returns a dictionary based on the given ``items``.</doc>
<status status="PASS" start="2024-05-25T18:58:36.565554" elapsed="0.000000"/>
</kw>
<kw name="Post Request" owner="RequestsLibrary">
<msg time="2024-05-25T18:58:36.565554" level="WARN">Keyword 'RequestsLibrary.Post Request' is deprecated. Please use `POST On Session` instead.</msg>
<msg time="2024-05-25T18:58:37.187717" level="INFO">POST Request : url=https://reqres.in/api/users 
 path_url=/api/users 
 headers={'User-Agent': 'python-requests/2.31.0', 'Accept-Encoding': 'gzip, deflate', 'Accept': '*/*', 'Connection': 'keep-alive', 'Content-Length': '49', 'Content-Type': 'application/json'} 
 body=b'{"name": "Pradeep", "job": "Automation Engineer"}' 
 </msg>
<msg time="2024-05-25T18:58:37.187717" level="INFO">POST Response : url=https://reqres.in/api/users 
 status=201, reason=Created 
 headers={'Date': 'Sat, 25 May 2024 13:28:36 GMT', 'Content-Type': 'application/json; charset=utf-8', 'Content-Length': '95', 'Connection': 'keep-alive', 'Report-To': '{"group":"heroku-nel","max_age":3600,"endpoints":[{"url":"https://nel.heroku.com/reports?ts=1716643716&amp;sid=c4c9725f-1ab0-44d8-820f-430df2718e11&amp;s=YjpC6AU8iIpH5cs83TGa406y2OswzoghiDjeNQlV2EY%3D"}]}', 'Reporting-Endpoints': 'heroku-nel=https://nel.heroku.com/reports?ts=1716643716&amp;sid=c4c9725f-1ab0-44d8-820f-430df2718e11&amp;s=YjpC6AU8iIpH5cs83TGa406y2OswzoghiDjeNQlV2EY%3D', 'Nel': '{"report_to":"heroku-nel","max_age":3600,"success_fraction":0.005,"failure_fraction":0.05,"response_headers":["Via"]}', 'X-Powered-By': 'Express', 'Access-Control-Allow-Origin': '*', 'Etag': 'W/"5f-Ax0eLCKdH0QjpXdA6dHeNpB3ueo"', 'Via': '1.1 vegur', 'CF-Cache-Status': 'DYNAMIC', 'Server': 'cloudflare', 'CF-RAY': '8895de9a8f1a1bb0-DEL'} 
 body={"name":"Pradeep","job":"Automation Engineer","id":"28","createdAt":"2024-05-25T13:28:36.544Z"} 
 </msg>
<msg time="2024-05-25T18:58:37.187717" level="INFO">C:\Python3.12\Lib\site-packages\urllib3\connectionpool.py:1103: InsecureRequestWarning: Unverified HTTPS request is being made to host 'reqres.in'. Adding certificate verification is strongly advised. See: https://urllib3.readthedocs.io/en/latest/advanced-usage.html#tls-warnings
  warnings.warn(</msg>
<msg time="2024-05-25T18:58:37.187717" level="INFO">${Response} = &lt;Response [201]&gt;</msg>
<var>${Response}</var>
<arg>postReq</arg>
<arg>/api/users</arg>
<arg>json=${body}</arg>
<doc>*DEPRECATED* Please use `POST On Session` instead.</doc>
<status status="PASS" start="2024-05-25T18:58:36.565554" elapsed="0.622163"/>
</kw>
<kw name="Should Be Equal As Numbers" owner="BuiltIn">
<msg time="2024-05-25T18:58:37.187717" level="INFO">Argument types are:
&lt;class 'int'&gt;
&lt;class 'str'&gt;</msg>
<arg>${Response.status_code}</arg>
<arg>201</arg>
<doc>Fails if objects are unequal after converting them to real numbers.</doc>
<status status="PASS" start="2024-05-25T18:58:37.187717" elapsed="0.000000"/>
</kw>
<kw name="Log To Console" owner="BuiltIn">
<arg>${Response.json()}</arg>
<doc>Logs the given message to the console.</doc>
<status status="PASS" start="2024-05-25T18:58:37.203386" elapsed="0.000000"/>
</kw>
<status status="PASS" start="2024-05-25T18:58:36.565554" elapsed="0.639054"/>
</test>
<test id="s1-t6" name="TC_006_PutReq:" line="53">
<kw name="Create Session" owner="RequestsLibrary">
<msg time="2024-05-25T18:58:37.205113" level="INFO">Creating Session using : alias=putReq, url=https://reqres.in/, headers={},                     cookies={}, auth=None, timeout=None, proxies=None, verify=False,                     debug=0 </msg>
<arg>putReq</arg>
<arg>${Base_URL2}</arg>
<doc>Create Session: create a HTTP session to a server</doc>
<status status="PASS" start="2024-05-25T18:58:37.205113" elapsed="0.000000"/>
</kw>
<kw name="Create Dictionary" owner="BuiltIn">
<msg time="2024-05-25T18:58:37.205113" level="INFO">${body} = {'name': 'Pradeep', 'job': 'Network Automation Engineer'}</msg>
<var>${body}</var>
<arg>name=Pradeep</arg>
<arg>job=Network Automation Engineer</arg>
<doc>Creates and returns a dictionary based on the given ``items``.</doc>
<status status="PASS" start="2024-05-25T18:58:37.205113" elapsed="0.000000"/>
</kw>
<kw name="Put Request" owner="RequestsLibrary">
<msg time="2024-05-25T18:58:37.205113" level="WARN">Keyword 'RequestsLibrary.Put Request' is deprecated. Please use `PUT On Session` instead.</msg>
<msg time="2024-05-25T18:58:37.835539" level="INFO">PUT Request : url=https://reqres.in/api/users/2 
 path_url=/api/users/2 
 headers={'User-Agent': 'python-requests/2.31.0', 'Accept-Encoding': 'gzip, deflate', 'Accept': '*/*', 'Connection': 'keep-alive', 'Content-Length': '57', 'Content-Type': 'application/json'} 
 body=b'{"name": "Pradeep", "job": "Network Automation Engineer"}' 
 </msg>
<msg time="2024-05-25T18:58:37.835539" level="INFO">PUT Response : url=https://reqres.in/api/users/2 
 status=200, reason=OK 
 headers={'Date': 'Sat, 25 May 2024 13:28:37 GMT', 'Content-Type': 'application/json; charset=utf-8', 'Transfer-Encoding': 'chunked', 'Connection': 'keep-alive', 'Report-To': '{"group":"heroku-nel","max_age":3600,"endpoints":[{"url":"https://nel.heroku.com/reports?ts=1716643717&amp;sid=c4c9725f-1ab0-44d8-820f-430df2718e11&amp;s=axKN6QQAtkP3F%2BoPdoBlwDtAPYIrloTbv3sPPXLLtkU%3D"}]}', 'Reporting-Endpoints': 'heroku-nel=https://nel.heroku.com/reports?ts=1716643717&amp;sid=c4c9725f-1ab0-44d8-820f-430df2718e11&amp;s=axKN6QQAtkP3F%2BoPdoBlwDtAPYIrloTbv3sPPXLLtkU%3D', 'Nel': '{"report_to":"heroku-nel","max_age":3600,"success_fraction":0.005,"failure_fraction":0.05,"response_headers":["Via"]}', 'X-Powered-By': 'Express', 'Access-Control-Allow-Origin': '*', 'Etag': 'W/"5d-r/UL6mbZuRap1BvRDXTLO+8jXCE"', 'Via': '1.1 vegur', 'CF-Cache-Status': 'DYNAMIC', 'Vary': 'Accept-Encoding', 'Server': 'cloudflare', 'CF-RAY': '8895de9e4ccb54fb-DEL', 'Content-Encoding': 'gzip'} 
 body={"name":"Pradeep","job":"Network Automation Engineer","updatedAt":"2024-05-25T13:28:37.135Z"} 
 </msg>
<msg time="2024-05-25T18:58:37.835539" level="INFO">C:\Python3.12\Lib\site-packages\urllib3\connectionpool.py:1103: InsecureRequestWarning: Unverified HTTPS request is being made to host 'reqres.in'. Adding certificate verification is strongly advised. See: https://urllib3.readthedocs.io/en/latest/advanced-usage.html#tls-warnings
  warnings.warn(</msg>
<msg time="2024-05-25T18:58:37.835539" level="INFO">${Response} = &lt;Response [200]&gt;</msg>
<var>${Response}</var>
<arg>putReq</arg>
<arg>/api/users/2</arg>
<arg>json=${body}</arg>
<doc>*DEPRECATED* Please use `PUT On Session` instead.</doc>
<status status="PASS" start="2024-05-25T18:58:37.205113" elapsed="0.630426"/>
</kw>
<kw name="Should Be Equal As Numbers" owner="BuiltIn">
<msg time="2024-05-25T18:58:37.836742" level="INFO">Argument types are:
&lt;class 'int'&gt;
&lt;class 'str'&gt;</msg>
<arg>${Response.status_code}</arg>
<arg>200</arg>
<doc>Fails if objects are unequal after converting them to real numbers.</doc>
<status status="PASS" start="2024-05-25T18:58:37.836742" elapsed="0.000000"/>
</kw>
<kw name="Log To Console" owner="BuiltIn">
<arg>${Response.json()}</arg>
<doc>Logs the given message to the console.</doc>
<status status="PASS" start="2024-05-25T18:58:37.836742" elapsed="0.000000"/>
</kw>
<status status="PASS" start="2024-05-25T18:58:37.205113" elapsed="0.631629"/>
</test>
<test id="s1-t7" name="TC_007_CreateNew_Resource:" line="69">
<kw name="Create Session" owner="RequestsLibrary">
<msg time="2024-05-25T18:58:37.836742" level="INFO">Creating Session using : alias=newReq, url=https://reqres.in/, headers={},                     cookies={}, auth=None, timeout=None, proxies=None, verify=False,                     debug=0 </msg>
<arg>newReq</arg>
<arg>${BASE_URL2}</arg>
<doc>Create Session: create a HTTP session to a server</doc>
<status status="PASS" start="2024-05-25T18:58:37.836742" elapsed="0.000000"/>
</kw>
<kw name="Create Dictionary" owner="BuiltIn">
<msg time="2024-05-25T18:58:37.836742" level="INFO">${body} = {'name': 'Shiva', 'job': 'Incident Manager'}</msg>
<var>${body}</var>
<arg>name=Shiva</arg>
<arg>job=Incident Manager</arg>
<doc>Creates and returns a dictionary based on the given ``items``.</doc>
<status status="PASS" start="2024-05-25T18:58:37.836742" elapsed="0.000000"/>
</kw>
<kw name="Post Request" owner="RequestsLibrary">
<msg time="2024-05-25T18:58:37.836742" level="WARN">Keyword 'RequestsLibrary.Post Request' is deprecated. Please use `POST On Session` instead.</msg>
<msg time="2024-05-25T18:58:38.471031" level="INFO">POST Request : url=https://reqres.in/api/users 
 path_url=/api/users 
 headers={'User-Agent': 'python-requests/2.31.0', 'Accept-Encoding': 'gzip, deflate', 'Accept': '*/*', 'Connection': 'keep-alive', 'Content-Length': '44', 'Content-Type': 'application/json'} 
 body=b'{"name": "Shiva", "job": "Incident Manager"}' 
 </msg>
<msg time="2024-05-25T18:58:38.471031" level="INFO">POST Response : url=https://reqres.in/api/users 
 status=201, reason=Created 
 headers={'Date': 'Sat, 25 May 2024 13:28:37 GMT', 'Content-Type': 'application/json; charset=utf-8', 'Content-Length': '91', 'Connection': 'keep-alive', 'Report-To': '{"group":"heroku-nel","max_age":3600,"endpoints":[{"url":"https://nel.heroku.com/reports?ts=1716643717&amp;sid=c4c9725f-1ab0-44d8-820f-430df2718e11&amp;s=axKN6QQAtkP3F%2BoPdoBlwDtAPYIrloTbv3sPPXLLtkU%3D"}]}', 'Reporting-Endpoints': 'heroku-nel=https://nel.heroku.com/reports?ts=1716643717&amp;sid=c4c9725f-1ab0-44d8-820f-430df2718e11&amp;s=axKN6QQAtkP3F%2BoPdoBlwDtAPYIrloTbv3sPPXLLtkU%3D', 'Nel': '{"report_to":"heroku-nel","max_age":3600,"success_fraction":0.005,"failure_fraction":0.05,"response_headers":["Via"]}', 'X-Powered-By': 'Express', 'Access-Control-Allow-Origin': '*', 'Etag': 'W/"5b-BWzxzbb7g+iN8lZZs4thlXS6TCY"', 'Via': '1.1 vegur', 'CF-Cache-Status': 'DYNAMIC', 'Server': 'cloudflare', 'CF-RAY': '8895dea2497a54e0-DEL'} 
 body={"name":"Shiva","job":"Incident Manager","id":"424","createdAt":"2024-05-25T13:28:37.714Z"} 
 </msg>
<msg time="2024-05-25T18:58:38.471031" level="INFO">C:\Python3.12\Lib\site-packages\urllib3\connectionpool.py:1103: InsecureRequestWarning: Unverified HTTPS request is being made to host 'reqres.in'. Adding certificate verification is strongly advised. See: https://urllib3.readthedocs.io/en/latest/advanced-usage.html#tls-warnings
  warnings.warn(</msg>
<msg time="2024-05-25T18:58:38.471031" level="INFO">${Response} = &lt;Response [201]&gt;</msg>
<var>${Response}</var>
<arg>newReq</arg>
<arg>/api/users</arg>
<arg>json=${body}</arg>
<doc>*DEPRECATED* Please use `POST On Session` instead.</doc>
<status status="PASS" start="2024-05-25T18:58:37.836742" elapsed="0.634289"/>
</kw>
<kw name="Should Be Equal As Numbers" owner="BuiltIn">
<msg time="2024-05-25T18:58:38.471031" level="INFO">Argument types are:
&lt;class 'int'&gt;
&lt;class 'str'&gt;</msg>
<arg>${Response.status_code}</arg>
<arg>201</arg>
<doc>Fails if objects are unequal after converting them to real numbers.</doc>
<status status="PASS" start="2024-05-25T18:58:38.471031" elapsed="0.000000"/>
</kw>
<kw name="Log To Console" owner="BuiltIn">
<arg>${Response.content}</arg>
<doc>Logs the given message to the console.</doc>
<status status="PASS" start="2024-05-25T18:58:38.471031" elapsed="0.000000"/>
</kw>
<status status="PASS" start="2024-05-25T18:58:37.836742" elapsed="0.634289"/>
</test>
<test id="s1-t8" name="TC_008_End_to_End_TestCase:" line="86">
<kw name="Create Dictionary" owner="BuiltIn">
<msg time="2024-05-25T18:58:38.488187" level="INFO">&amp;{body} = { first_name=Pradeep | middle_name=Kumar | last_name=Sahani | date_of_birth=02/07/1995 }</msg>
<var>&amp;{body}</var>
<arg>first_name=${first_name}</arg>
<arg>middle_name=Kumar</arg>
<arg>last_name=${last_name}</arg>
<arg>date_of_birth=02/07/1995</arg>
<doc>Creates and returns a dictionary based on the given ``items``.</doc>
<status status="PASS" start="2024-05-25T18:58:38.488187" elapsed="0.000000"/>
</kw>
<kw name="Post Create Data and Validate" owner="Resource">
<kw name="Create Session" owner="RequestsLibrary">
<msg time="2024-05-25T18:58:38.488187" level="INFO">Creating Session using : alias=SName, url=https://thetestingworldapi.com/, headers={},                     cookies={}, auth=None, timeout=None, proxies=None, verify=False,                     debug=0 </msg>
<arg>SName</arg>
<arg>${url}</arg>
<doc>Create Session: create a HTTP session to a server</doc>
<status status="PASS" start="2024-05-25T18:58:38.488187" elapsed="0.000000"/>
</kw>
<kw name="Create Dictionary" owner="BuiltIn">
<msg time="2024-05-25T18:58:38.488187" level="INFO">&amp;{headers} = { Content-Type=application/json }</msg>
<var>&amp;{headers}</var>
<arg>Content-Type=application/json</arg>
<doc>Creates and returns a dictionary based on the given ``items``.</doc>
<status status="PASS" start="2024-05-25T18:58:38.488187" elapsed="0.000000"/>
</kw>
<kw name="Post Request" owner="RequestsLibrary">
<msg time="2024-05-25T18:58:38.488187" level="WARN">Keyword 'RequestsLibrary.Post Request' is deprecated. Please use `POST On Session` instead.</msg>
<msg time="2024-05-25T18:58:38.948398" level="INFO">POST Request : url=https://thetestingworldapi.com/api/studentsDetails 
 path_url=/api/studentsDetails 
 headers={'User-Agent': 'python-requests/2.31.0', 'Accept-Encoding': 'gzip, deflate', 'Accept': '*/*', 'Connection': 'keep-alive', 'Content-Type': 'application/json', 'Content-Length': '103'} 
 body=b'{"first_name": "Pradeep", "middle_name": "Kumar", "last_name": "Sahani", "date_of_birth": "02/07/1995"}' 
 </msg>
<msg time="2024-05-25T18:58:38.948398" level="INFO">POST Response : url=https://thetestingworldapi.com/api/studentsDetails 
 status=201, reason=Created 
 headers={'Cache-Control': 'no-cache', 'Pragma': 'no-cache', 'Content-Type': 'application/json; charset=utf-8', 'Expires': '-1', 'Location': 'https://thetestingworldapi.com/api/studentsDetails/10281588', 'Server': 'Microsoft-IIS/10.0', 'X-AspNet-Version': '4.0.30319', 'X-Powered-By': 'ASP.NET', 'X-Powered-By-Plesk': 'PleskWin', 'Date': 'Sat, 25 May 2024 13:28:38 GMT', 'Content-Length': '110'} 
 body={"id":10281588,"first_name":"Pradeep","middle_name":"Kumar","last_name":"Sahani","date_of_birth":"02/07/1995"} 
 </msg>
<msg time="2024-05-25T18:58:38.948398" level="INFO">C:\Python3.12\Lib\site-packages\urllib3\connectionpool.py:1103: InsecureRequestWarning: Unverified HTTPS request is being made to host 'thetestingworldapi.com'. Adding certificate verification is strongly advised. See: https://urllib3.readthedocs.io/en/latest/advanced-usage.html#tls-warnings
  warnings.warn(</msg>
<msg time="2024-05-25T18:58:38.948398" level="INFO">${post_response} = &lt;Response [201]&gt;</msg>
<var>${post_response}</var>
<arg>SName</arg>
<arg>api/studentsDetails</arg>
<arg>headers=${headers}</arg>
<arg>json=${body}</arg>
<doc>*DEPRECATED* Please use `POST On Session` instead.</doc>
<status status="PASS" start="2024-05-25T18:58:38.488187" elapsed="0.460211"/>
</kw>
<kw name="To Json" owner="RequestsLibrary">
<msg time="2024-05-25T18:58:38.948398" level="WARN">Keyword 'RequestsLibrary.To Json' is deprecated. Please use ${resp.json()} instead. Have a look at the improved HTML output as pretty printing replacement.</msg>
<msg time="2024-05-25T18:58:38.948398" level="INFO">To JSON using : content={"id":10281588,"first_name":"Pradeep","middle_name":"Kumar","last_name":"Sahani","date_of_birth":"02/07/1995"} </msg>
<msg time="2024-05-25T18:58:38.948398" level="INFO">To JSON using : pretty_print=False </msg>
<msg time="2024-05-25T18:58:38.948398" level="INFO">${json_response} = {'id': 10281588, 'first_name': 'Pradeep', 'middle_name': 'Kumar', 'last_name': 'Sahani', 'date_of_birth': '02/07/1995'}</msg>
<var>${json_response}</var>
<arg>${post_response.content}</arg>
<doc>*DEPRECATED* Please use ${resp.json()} instead. Have a look at the improved HTML output as pretty printing replacement.</doc>
<status status="PASS" start="2024-05-25T18:58:38.948398" elapsed="0.000000"/>
</kw>
<kw name="Get Value From Json" owner="JSONLibrary">
<msg time="2024-05-25T18:58:38.962408" level="INFO">@{id_list} = [ 10281588 ]</msg>
<var>@{id_list}</var>
<arg>${json_response}</arg>
<arg>id</arg>
<doc>Get Value From JSON using JSONPath</doc>
<status status="PASS" start="2024-05-25T18:58:38.948398" elapsed="0.014010"/>
</kw>
<kw name="Get From List" owner="Collections">
<msg time="2024-05-25T18:58:38.962408" level="INFO">${id} = 10281588</msg>
<var>${id}</var>
<arg>${id_list}</arg>
<arg>0</arg>
<doc>Returns the value specified with an ``index`` from ``list``.</doc>
<status status="PASS" start="2024-05-25T18:58:38.962408" elapsed="0.000000"/>
</kw>
<return>
<value>${id}</value>
<status status="PASS" start="2024-05-25T18:58:38.962408" elapsed="0.000000"/>
</return>
<msg time="2024-05-25T18:58:38.962408" level="INFO">${id} = 10281588</msg>
<var>${id}</var>
<arg>${Base_URL}</arg>
<arg>${body}</arg>
<arg>200</arg>
<status status="PASS" start="2024-05-25T18:58:38.488187" elapsed="0.474221"/>
</kw>
<kw name="Create Dictionary" owner="BuiltIn">
<msg time="2024-05-25T18:58:38.962408" level="INFO">&amp;{body1} = { id=10281588 | first_name=Neel | middle_name=Kanth | last_name=vairagi | date_of_birth=02/07/1995 }</msg>
<var>&amp;{body1}</var>
<arg>id=${id}</arg>
<arg>first_name=Neel</arg>
<arg>middle_name=Kanth</arg>
<arg>last_name=vairagi</arg>
<arg>date_of_birth=02/07/1995</arg>
<doc>Creates and returns a dictionary based on the given ``items``.</doc>
<status status="PASS" start="2024-05-25T18:58:38.962408" elapsed="0.000000"/>
</kw>
<kw name="Put Update and Validate" owner="Resource">
<kw name="Create Session" owner="RequestsLibrary">
<msg time="2024-05-25T18:58:38.962408" level="INFO">Creating Session using : alias=SName, url=https://thetestingworldapi.com/, headers={},                     cookies={}, auth=None, timeout=None, proxies=None, verify=False,                     debug=0 </msg>
<arg>SName</arg>
<arg>${url}</arg>
<doc>Create Session: create a HTTP session to a server</doc>
<status status="PASS" start="2024-05-25T18:58:38.962408" elapsed="0.000000"/>
</kw>
<kw name="Create Dictionary" owner="BuiltIn">
<msg time="2024-05-25T18:58:38.962408" level="INFO">&amp;{headers} = { Content-Type=application/json }</msg>
<var>&amp;{headers}</var>
<arg>Content-Type=application/json</arg>
<doc>Creates and returns a dictionary based on the given ``items``.</doc>
<status status="PASS" start="2024-05-25T18:58:38.962408" elapsed="0.000000"/>
</kw>
<kw name="Put Request" owner="RequestsLibrary">
<msg time="2024-05-25T18:58:38.962408" level="WARN">Keyword 'RequestsLibrary.Put Request' is deprecated. Please use `PUT On Session` instead.</msg>
<msg time="2024-05-25T18:58:39.397222" level="INFO">PUT Request : url=https://thetestingworldapi.com/api/studentsDetails/10281588 
 path_url=/api/studentsDetails/10281588 
 headers={'User-Agent': 'python-requests/2.31.0', 'Accept-Encoding': 'gzip, deflate', 'Accept': '*/*', 'Connection': 'keep-alive', 'Content-Type': 'application/json', 'Content-Length': '117'} 
 body={"id": 10281588, "first_name": "Neel", "middle_name": "Kanth", "last_name": "vairagi", "date_of_birth": "02/07/1995"} 
 </msg>
<msg time="2024-05-25T18:58:39.397222" level="INFO">PUT Response : url=https://thetestingworldapi.com/api/studentsDetails/10281588 
 status=200, reason=OK 
 headers={'Cache-Control': 'no-cache', 'Pragma': 'no-cache', 'Content-Type': 'application/json; charset=utf-8', 'Expires': '-1', 'Server': 'Microsoft-IIS/10.0', 'X-AspNet-Version': '4.0.30319', 'X-Powered-By': 'ASP.NET', 'X-Powered-By-Plesk': 'PleskWin', 'Date': 'Sat, 25 May 2024 13:28:38 GMT', 'Content-Length': '46'} 
 body={"status":"true","msg":"update  data success"} 
 </msg>
<msg time="2024-05-25T18:58:39.397222" level="INFO">C:\Python3.12\Lib\site-packages\urllib3\connectionpool.py:1103: InsecureRequestWarning: Unverified HTTPS request is being made to host 'thetestingworldapi.com'. Adding certificate verification is strongly advised. See: https://urllib3.readthedocs.io/en/latest/advanced-usage.html#tls-warnings
  warnings.warn(</msg>
<msg time="2024-05-25T18:58:39.397222" level="INFO">${put_response} = &lt;Response [200]&gt;</msg>
<var>${put_response}</var>
<arg>SName</arg>
<arg>api/studentsDetails/${id}</arg>
<arg>headers=${headers}</arg>
<arg>data=${body}</arg>
<doc>*DEPRECATED* Please use `PUT On Session` instead.</doc>
<status status="PASS" start="2024-05-25T18:58:38.962408" elapsed="0.434814"/>
</kw>
<kw name="Should Be Equal As Numbers" owner="BuiltIn">
<msg time="2024-05-25T18:58:39.401617" level="INFO">Argument types are:
&lt;class 'int'&gt;
&lt;class 'str'&gt;</msg>
<arg>${put_response.status_code}</arg>
<arg>200</arg>
<doc>Fails if objects are unequal after converting them to real numbers.</doc>
<status status="PASS" start="2024-05-25T18:58:39.400235" elapsed="0.001382"/>
</kw>
<arg>${Base_URL}</arg>
<arg>${id}</arg>
<arg>${body1}</arg>
<arg>Neel</arg>
<status status="PASS" start="2024-05-25T18:58:38.962408" elapsed="0.439209"/>
</kw>
<kw name="Fetch and Validate Delete Request" owner="Resource">
<kw name="Create Session" owner="RequestsLibrary">
<msg time="2024-05-25T18:58:39.401617" level="INFO">Creating Session using : alias=SName, url=https://thetestingworldapi.com/, headers={},                     cookies={}, auth=None, timeout=None, proxies=None, verify=False,                     debug=0 </msg>
<arg>SName</arg>
<arg>${url}</arg>
<doc>Create Session: create a HTTP session to a server</doc>
<status status="PASS" start="2024-05-25T18:58:39.401617" elapsed="0.000000"/>
</kw>
<kw name="Delete Request" owner="RequestsLibrary">
<msg time="2024-05-25T18:58:39.401617" level="WARN">Keyword 'RequestsLibrary.Delete Request' is deprecated. Please use `DELETE On Session` instead.</msg>
<msg time="2024-05-25T18:58:39.925195" level="INFO">DELETE Request : url=https://thetestingworldapi.com/api/studentsDetails/10281588 
 path_url=/api/studentsDetails/10281588 
 headers={'User-Agent': 'python-requests/2.31.0', 'Accept-Encoding': 'gzip, deflate', 'Accept': '*/*', 'Connection': 'keep-alive', 'Content-Length': '0'} 
 body=None 
 </msg>
<msg time="2024-05-25T18:58:39.925195" level="INFO">DELETE Response : url=https://thetestingworldapi.com/api/studentsDetails/10281588 
 status=200, reason=OK 
 headers={'Cache-Control': 'no-cache', 'Pragma': 'no-cache', 'Content-Type': 'application/json; charset=utf-8', 'Expires': '-1', 'Server': 'Microsoft-IIS/10.0', 'X-AspNet-Version': '4.0.30319', 'X-Powered-By': 'ASP.NET', 'X-Powered-By-Plesk': 'PleskWin', 'Date': 'Sat, 25 May 2024 13:28:39 GMT', 'Content-Length': '46'} 
 body={"status":"true","msg":"Delete  data success"} 
 </msg>
<msg time="2024-05-25T18:58:39.925195" level="INFO">C:\Python3.12\Lib\site-packages\urllib3\connectionpool.py:1103: InsecureRequestWarning: Unverified HTTPS request is being made to host 'thetestingworldapi.com'. Adding certificate verification is strongly advised. See: https://urllib3.readthedocs.io/en/latest/advanced-usage.html#tls-warnings
  warnings.warn(</msg>
<msg time="2024-05-25T18:58:39.925195" level="INFO">${Response} = &lt;Response [200]&gt;</msg>
<var>${Response}</var>
<arg>SName</arg>
<arg>${relativePath}</arg>
<doc>*DEPRECATED* Please use `DELETE On Session` instead.</doc>
<status status="PASS" start="2024-05-25T18:58:39.401617" elapsed="0.523578"/>
</kw>
<kw name="Log To Console" owner="BuiltIn">
<arg>${Response.status_code}</arg>
<doc>Logs the given message to the console.</doc>
<status status="PASS" start="2024-05-25T18:58:39.939710" elapsed="0.000000"/>
</kw>
<kw name="Should Be Equal As Numbers" owner="BuiltIn">
<msg time="2024-05-25T18:58:39.941027" level="INFO">Argument types are:
&lt;class 'int'&gt;
&lt;class 'str'&gt;</msg>
<arg>${Response.status_code}</arg>
<arg>${expectedValue}</arg>
<doc>Fails if objects are unequal after converting them to real numbers.</doc>
<status status="PASS" start="2024-05-25T18:58:39.941027" elapsed="0.000000"/>
</kw>
<arg>${Base_URL}</arg>
<arg>/api/studentsDetails/${id}</arg>
<arg>200</arg>
<status status="PASS" start="2024-05-25T18:58:39.401617" elapsed="0.539410"/>
</kw>
<kw name="Fetch and Validate Get Status Code" owner="Resource">
<kw name="Create Session" owner="RequestsLibrary">
<msg time="2024-05-25T18:58:39.941027" level="INFO">Creating Session using : alias=SName, url=https://thetestingworldapi.com/, headers={},                     cookies={}, auth=None, timeout=None, proxies=None, verify=False,                     debug=0 </msg>
<arg>SName</arg>
<arg>${url}</arg>
<doc>Create Session: create a HTTP session to a server</doc>
<status status="PASS" start="2024-05-25T18:58:39.941027" elapsed="0.000000"/>
</kw>
<kw name="Get Request" owner="RequestsLibrary">
<msg time="2024-05-25T18:58:39.941027" level="WARN">Keyword 'RequestsLibrary.Get Request' is deprecated. Please use `GET On Session` instead.</msg>
<msg time="2024-05-25T18:58:40.375421" level="INFO">GET Request : url=https://thetestingworldapi.com/api/studentsDetails/10281588 
 path_url=/api/studentsDetails/10281588 
 headers={'User-Agent': 'python-requests/2.31.0', 'Accept-Encoding': 'gzip, deflate', 'Accept': '*/*', 'Connection': 'keep-alive'} 
 body=None 
 </msg>
<msg time="2024-05-25T18:58:40.375421" level="INFO">GET Response : url=https://thetestingworldapi.com/api/studentsDetails/10281588 
 status=200, reason=OK 
 headers={'Cache-Control': 'no-cache', 'Pragma': 'no-cache', 'Content-Type': 'application/json; charset=utf-8', 'Expires': '-1', 'Server': 'Microsoft-IIS/10.0', 'X-AspNet-Version': '4.0.30319', 'X-Powered-By': 'ASP.NET', 'X-Powered-By-Plesk': 'PleskWin', 'Date': 'Sat, 25 May 2024 13:28:39 GMT', 'Content-Length': '40'} 
 body={"status":"false","msg":"No data Found"} 
 </msg>
<msg time="2024-05-25T18:58:40.375421" level="INFO">C:\Python3.12\Lib\site-packages\urllib3\connectionpool.py:1103: InsecureRequestWarning: Unverified HTTPS request is being made to host 'thetestingworldapi.com'. Adding certificate verification is strongly advised. See: https://urllib3.readthedocs.io/en/latest/advanced-usage.html#tls-warnings
  warnings.warn(</msg>
<msg time="2024-05-25T18:58:40.375421" level="INFO">${Response} = &lt;Response [200]&gt;</msg>
<var>${Response}</var>
<arg>SName</arg>
<arg>${relativePath}</arg>
<doc>*DEPRECATED* Please use `GET On Session` instead.</doc>
<status status="PASS" start="2024-05-25T18:58:39.941027" elapsed="0.434394"/>
</kw>
<kw name="Log To Console" owner="BuiltIn">
<arg>${Response.text}</arg>
<doc>Logs the given message to the console.</doc>
<status status="PASS" start="2024-05-25T18:58:40.375421" elapsed="0.009010"/>
</kw>
<kw name="Convert To String" owner="BuiltIn">
<msg time="2024-05-25T18:58:40.384431" level="INFO">${actual_code} = 200</msg>
<var>${actual_code}</var>
<arg>${Response.status_code}</arg>
<doc>Converts the given item to a Unicode string.</doc>
<status status="PASS" start="2024-05-25T18:58:40.384431" elapsed="0.000000"/>
</kw>
<kw name="Should Be Equal" owner="BuiltIn">
<arg>${actual_code}</arg>
<arg>${expectedStatusCode}</arg>
<doc>Fails if the given objects are unequal.</doc>
<status status="PASS" start="2024-05-25T18:58:40.384431" elapsed="0.000000"/>
</kw>
<return>
<value>${Response}</value>
<status status="PASS" start="2024-05-25T18:58:40.384431" elapsed="0.000000"/>
</return>
<msg time="2024-05-25T18:58:40.384431" level="INFO">${get_deleted_request} = &lt;Response [200]&gt;</msg>
<var>${get_deleted_request}</var>
<arg>${Base_URL}</arg>
<arg>/api/studentsDetails/${id}</arg>
<arg>200</arg>
<status status="PASS" start="2024-05-25T18:58:39.941027" elapsed="0.443404"/>
</kw>
<kw name="Log To Console" owner="BuiltIn">
<arg>${get_deleted_request.content}</arg>
<doc>Logs the given message to the console.</doc>
<status status="PASS" start="2024-05-25T18:58:40.384431" elapsed="0.000000"/>
</kw>
<kw name="To Json" owner="RequestsLibrary">
<msg time="2024-05-25T18:58:40.384431" level="WARN">Keyword 'RequestsLibrary.To Json' is deprecated. Please use ${resp.json()} instead. Have a look at the improved HTML output as pretty printing replacement.</msg>
<msg time="2024-05-25T18:58:40.384431" level="INFO">To JSON using : content={"status":"false","msg":"No data Found"} </msg>
<msg time="2024-05-25T18:58:40.384431" level="INFO">To JSON using : pretty_print=False </msg>
<msg time="2024-05-25T18:58:40.384431" level="INFO">${json_deleted_response} = {'status': 'false', 'msg': 'No data Found'}</msg>
<var>${json_deleted_response}</var>
<arg>${get_deleted_request.content}</arg>
<doc>*DEPRECATED* Please use ${resp.json()} instead. Have a look at the improved HTML output as pretty printing replacement.</doc>
<status status="PASS" start="2024-05-25T18:58:40.384431" elapsed="0.000000"/>
</kw>
<kw name="Get Value From Json" owner="JSONLibrary">
<msg time="2024-05-25T18:58:40.400457" level="INFO">@{delete_status_list} = [ false ]</msg>
<var>@{delete_status_list}</var>
<arg>${json_deleted_response}</arg>
<arg>status</arg>
<doc>Get Value From JSON using JSONPath</doc>
<status status="PASS" start="2024-05-25T18:58:40.390938" elapsed="0.009519"/>
</kw>
<kw name="Get From List" owner="Collections">
<msg time="2024-05-25T18:58:40.400457" level="INFO">${delete_status} = false</msg>
<var>${delete_status}</var>
<arg>${delete_status_list}</arg>
<arg>0</arg>
<doc>Returns the value specified with an ``index`` from ``list``.</doc>
<status status="PASS" start="2024-05-25T18:58:40.400457" elapsed="0.000000"/>
</kw>
<kw name="Should Be Equal As Strings" owner="BuiltIn">
<arg>${delete_status}</arg>
<arg>false</arg>
<doc>Fails if objects are unequal after converting them to strings.</doc>
<status status="PASS" start="2024-05-25T18:58:40.400457" elapsed="0.000000"/>
</kw>
<status status="PASS" start="2024-05-25T18:58:38.488187" elapsed="1.912270"/>
</test>
<status status="PASS" start="2024-05-25T18:58:34.808144" elapsed="5.592313"/>
</suite>
<statistics>
<total>
<stat pass="8" fail="0" skip="0">All Tests</stat>
</total>
<tag>
</tag>
<suite>
<stat pass="8" fail="0" skip="0" id="s1" name="TC Validation">TC Validation</stat>
</suite>
</statistics>
<errors>
<msg time="2024-05-25T18:58:34.920258" level="WARN">Error in file 'C:\Users\prade\PycharmProjects\RobotApiAutomation\Resources\Resource.robot' on line 19: The '[Return]' setting is deprecated. Use the 'RETURN' statement instead.</msg>
<msg time="2024-05-25T18:58:34.920258" level="WARN">Error in file 'C:\Users\prade\PycharmProjects\RobotApiAutomation\Resources\Resource.robot' on line 56: The '[Return]' setting is deprecated. Use the 'RETURN' statement instead.</msg>
<msg time="2024-05-25T18:58:34.935942" level="WARN">Keyword 'RequestsLibrary.Get Request' is deprecated. Please use `GET On Session` instead.</msg>
<msg time="2024-05-25T18:58:35.288062" level="WARN">Keyword 'RequestsLibrary.Get Request' is deprecated. Please use `GET On Session` instead.</msg>
<msg time="2024-05-25T18:58:35.508421" level="WARN">Keyword 'RequestsLibrary.Get Request' is deprecated. Please use `GET On Session` instead.</msg>
<msg time="2024-05-25T18:58:35.722250" level="WARN">Keyword 'RequestsLibrary.To Json' is deprecated. Please use ${resp.json()} instead. Have a look at the improved HTML output as pretty printing replacement.</msg>
<msg time="2024-05-25T18:58:35.736259" level="WARN">Keyword 'RequestsLibrary.Delete Request' is deprecated. Please use `DELETE On Session` instead.</msg>
<msg time="2024-05-25T18:58:36.565554" level="WARN">Keyword 'RequestsLibrary.Post Request' is deprecated. Please use `POST On Session` instead.</msg>
<msg time="2024-05-25T18:58:37.205113" level="WARN">Keyword 'RequestsLibrary.Put Request' is deprecated. Please use `PUT On Session` instead.</msg>
<msg time="2024-05-25T18:58:37.836742" level="WARN">Keyword 'RequestsLibrary.Post Request' is deprecated. Please use `POST On Session` instead.</msg>
<msg time="2024-05-25T18:58:38.488187" level="WARN">Keyword 'RequestsLibrary.Post Request' is deprecated. Please use `POST On Session` instead.</msg>
<msg time="2024-05-25T18:58:38.948398" level="WARN">Keyword 'RequestsLibrary.To Json' is deprecated. Please use ${resp.json()} instead. Have a look at the improved HTML output as pretty printing replacement.</msg>
<msg time="2024-05-25T18:58:38.962408" level="WARN">Keyword 'RequestsLibrary.Put Request' is deprecated. Please use `PUT On Session` instead.</msg>
<msg time="2024-05-25T18:58:39.401617" level="WARN">Keyword 'RequestsLibrary.Delete Request' is deprecated. Please use `DELETE On Session` instead.</msg>
<msg time="2024-05-25T18:58:39.941027" level="WARN">Keyword 'RequestsLibrary.Get Request' is deprecated. Please use `GET On Session` instead.</msg>
<msg time="2024-05-25T18:58:40.384431" level="WARN">Keyword 'RequestsLibrary.To Json' is deprecated. Please use ${resp.json()} instead. Have a look at the improved HTML output as pretty printing replacement.</msg>
</errors>
</robot>
